[0.034s] Invoking command in '/home/rony/Documents/inmind/Session09/ros2_ws/src/build/session_09': CMAKE_PREFIX_PATH=${CMAKE_PREFIX_PATH}:/home/rony/Documents/inmind/Session07/Rony-TurtleBot-Session7/ros2_ws/src/install/turtle_controller:/home/rony/Rony-TurtleBot-Session7/ros2_ws/src/install/turtle_controller:/opt/ros/humble /usr/bin/cmake --build /home/rony/Documents/inmind/Session09/ros2_ws/src/build/session_09 -- -j8 -l8
[0.084s] -- Found ament_cmake: 1.3.9 (/opt/ros/humble/share/ament_cmake/cmake)
[0.383s] -- Found rclcpp: 16.0.9 (/opt/ros/humble/share/rclcpp/cmake)
[0.453s] -- Found rosidl_generator_c: 3.1.5 (/opt/ros/humble/share/rosidl_generator_c/cmake)
[0.458s] -- Found rosidl_adapter: 3.1.5 (/opt/ros/humble/share/rosidl_adapter/cmake)
[0.471s] -- Found rosidl_generator_cpp: 3.1.5 (/opt/ros/humble/share/rosidl_generator_cpp/cmake)
[0.494s] -- Using all available rosidl_typesupport_c: rosidl_typesupport_fastrtps_c;rosidl_typesupport_introspection_c
[0.525s] -- Using all available rosidl_typesupport_cpp: rosidl_typesupport_fastrtps_cpp;rosidl_typesupport_introspection_cpp
[0.639s] -- Found rmw_implementation_cmake: 6.1.2 (/opt/ros/humble/share/rmw_implementation_cmake/cmake)
[0.642s] -- Found rmw_fastrtps_cpp: 6.2.6 (/opt/ros/humble/share/rmw_fastrtps_cpp/cmake)
[0.880s] -- Using RMW implementation 'rmw_fastrtps_cpp' as default
[1.201s] [31mCMake Error at CMakeLists.txt:12 (find_package):
[1.201s]   By not providing "Findsensor_msg.cmake" in CMAKE_MODULE_PATH this project
[1.202s]   has asked CMake to find a package configuration file provided by
[1.202s]   "sensor_msg", but CMake did not find one.
[1.202s] 
[1.202s]   Could not find a package configuration file provided by "sensor_msg" with
[1.202s]   any of the following names:
[1.202s] 
[1.202s]     sensor_msgConfig.cmake
[1.203s]     sensor_msg-config.cmake
[1.203s] 
[1.203s]   Add the installation prefix of "sensor_msg" to CMAKE_PREFIX_PATH or set
[1.203s]   "sensor_msg_DIR" to a directory containing one of the above files.  If
[1.203s]   "sensor_msg" provides a separate development package or SDK, be sure it has
[1.203s]   been installed.
[1.203s] 
[1.203s] [0m
[1.203s] -- Configuring incomplete, errors occurred!
[1.204s] See also "/home/rony/Documents/inmind/Session09/ros2_ws/src/build/session_09/CMakeFiles/CMakeOutput.log".
[1.211s] gmake: *** [Makefile:267: cmake_check_build_system] Error 1
[1.216s] Invoked command in '/home/rony/Documents/inmind/Session09/ros2_ws/src/build/session_09' returned '2': CMAKE_PREFIX_PATH=${CMAKE_PREFIX_PATH}:/home/rony/Documents/inmind/Session07/Rony-TurtleBot-Session7/ros2_ws/src/install/turtle_controller:/home/rony/Rony-TurtleBot-Session7/ros2_ws/src/install/turtle_controller:/opt/ros/humble /usr/bin/cmake --build /home/rony/Documents/inmind/Session09/ros2_ws/src/build/session_09 -- -j8 -l8
