[0.008s] Invoking command in '/home/rony/Documents/inmind/Session09/ros2_ws/src/build/session_09': CMAKE_PREFIX_PATH=${CMAKE_PREFIX_PATH}:/opt/ros/humble /usr/bin/cmake --build /home/rony/Documents/inmind/Session09/ros2_ws/src/build/session_09 -- -j8 -l8
[0.031s] -- Found ament_cmake: 1.3.9 (/opt/ros/humble/share/ament_cmake/cmake)
[0.149s] -- Found rclcpp: 16.0.9 (/opt/ros/humble/share/rclcpp/cmake)
[0.177s] -- Found rosidl_generator_c: 3.1.5 (/opt/ros/humble/share/rosidl_generator_c/cmake)
[0.181s] -- Found rosidl_adapter: 3.1.5 (/opt/ros/humble/share/rosidl_adapter/cmake)
[0.189s] -- Found rosidl_generator_cpp: 3.1.5 (/opt/ros/humble/share/rosidl_generator_cpp/cmake)
[0.211s] -- Using all available rosidl_typesupport_c: rosidl_typesupport_fastrtps_c;rosidl_typesupport_introspection_c
[0.229s] -- Using all available rosidl_typesupport_cpp: rosidl_typesupport_fastrtps_cpp;rosidl_typesupport_introspection_cpp
[0.272s] -- Found rmw_implementation_cmake: 6.1.2 (/opt/ros/humble/share/rmw_implementation_cmake/cmake)
[0.273s] -- Found rmw_fastrtps_cpp: 6.2.6 (/opt/ros/humble/share/rmw_fastrtps_cpp/cmake)
[0.364s] -- Using RMW implementation 'rmw_fastrtps_cpp' as default
[0.483s] -- Found rclcpp_action: 16.0.9 (/opt/ros/humble/share/rclcpp_action/cmake)
[0.552s] -- Found nav_msgs: 4.2.4 (/opt/ros/humble/share/nav_msgs/cmake)
[0.645s] -- Found sensor_msgs: 4.2.4 (/opt/ros/humble/share/sensor_msgs/cmake)
[0.718s] -- Found turtle_controller_interfaces: 0.0.0 (/home/rony/Documents/inmind/Session09/ros2_ws/src/install/turtle_controller_interfaces/share/turtle_controller_interfaces/cmake)
[0.835s] -- Configuring done
[0.837s] [31mCMake Error at CMakeLists.txt:21 (add_executable):
[0.837s]   Cannot find source file:
[0.837s] 
[0.838s]     src/lap_time_actuib_srv.cpp
[0.838s] 
[0.838s]   Tried extensions .c .C .c++ .cc .cpp .cxx .cu .mpp .m .M .mm .ixx .cppm .h
[0.838s]   .hh .h++ .hm .hpp .hxx .in .txx .f .F .for .f77 .f90 .f95 .f03 .hip .ispc
[0.838s] 
[0.838s] [0m
[0.838s] [31mCMake Error at CMakeLists.txt:21 (add_executable):
[0.838s]   No SOURCES given to target: lap_timer_server
[0.838s] 
[0.838s] [0m
[0.838s] [0mCMake Generate step failed.  Build files cannot be regenerated correctly.[0m
[0.844s] gmake: *** [Makefile:267: cmake_check_build_system] Error 1
[0.847s] Invoked command in '/home/rony/Documents/inmind/Session09/ros2_ws/src/build/session_09' returned '2': CMAKE_PREFIX_PATH=${CMAKE_PREFIX_PATH}:/opt/ros/humble /usr/bin/cmake --build /home/rony/Documents/inmind/Session09/ros2_ws/src/build/session_09 -- -j8 -l8
