-- Found ament_cmake: 1.3.9 (/opt/ros/humble/share/ament_cmake/cmake)
-- Found rclcpp: 16.0.9 (/opt/ros/humble/share/rclcpp/cmake)
-- Found rosidl_generator_c: 3.1.5 (/opt/ros/humble/share/rosidl_generator_c/cmake)
-- Found rosidl_adapter: 3.1.5 (/opt/ros/humble/share/rosidl_adapter/cmake)
-- Found rosidl_generator_cpp: 3.1.5 (/opt/ros/humble/share/rosidl_generator_cpp/cmake)
-- Using all available rosidl_typesupport_c: rosidl_typesupport_fastrtps_c;rosidl_typesupport_introspection_c
-- Using all available rosidl_typesupport_cpp: rosidl_typesupport_fastrtps_cpp;rosidl_typesupport_introspection_cpp
-- Found rmw_implementation_cmake: 6.1.2 (/opt/ros/humble/share/rmw_implementation_cmake/cmake)
-- Found rmw_fastrtps_cpp: 6.2.6 (/opt/ros/humble/share/rmw_fastrtps_cpp/cmake)
-- Using RMW implementation 'rmw_fastrtps_cpp' as default
-- Found rclcpp_action: 16.0.9 (/opt/ros/humble/share/rclcpp_action/cmake)
-- Found nav_msgs: 4.2.4 (/opt/ros/humble/share/nav_msgs/cmake)
-- Found sensor_msgs: 4.2.4 (/opt/ros/humble/share/sensor_msgs/cmake)
-- Found turtle_controller_interfaces: 0.0.0 (/home/rony/Documents/inmind/Session09/ros2_ws/src/install/turtle_controller_interfaces/share/turtle_controller_interfaces/cmake)
-- Configuring done
-- Generating done
-- Build files have been written to: /home/rony/Documents/inmind/Session09/ros2_ws/src/build/session_09
[35m[1mConsolidate compiler generated dependencies of target lap_timer_client[0m
[35m[1mConsolidate compiler generated dependencies of target lap_timer_server[0m
[35m[1mConsolidate compiler generated dependencies of target driver[0m
[35m[1mConsolidate compiler generated dependencies of target wall_finder_service[0m
[ 37%] Built target lap_timer_client
[ 37%] [32mBuilding CXX object CMakeFiles/driver.dir/src/driver_node.cpp.o[0m
[ 62%] Built target wall_finder_service
[ 87%] Built target lap_timer_server
