[ 25%] Built target wall_finder_service
[ 37%] [32mBuilding CXX object CMakeFiles/lap_timer_server.dir/src/lap_time_action_srv.cpp.o[0m
[ 62%] Built target lap_timer_client
[ 87%] Built target driver
[100%] [32m[1mLinking CXX executable lap_timer_server[0m
[100%] Built target lap_timer_server
-- Install configuration: ""
-- Up-to-date: /home/rony/Documents/inmind/Session09/ros2_ws/src/install/session_09/lib/session_09/driver
-- Installing: /home/rony/Documents/inmind/Session09/ros2_ws/src/install/session_09/lib/session_09/lap_timer_server
-- Set runtime path of "/home/rony/Documents/inmind/Session09/ros2_ws/src/install/session_09/lib/session_09/lap_timer_server" to ""
-- Installing: /home/rony/Documents/inmind/Session09/ros2_ws/src/install/session_09/lib/session_09/lap_timer_client
-- Set runtime path of "/home/rony/Documents/inmind/Session09/ros2_ws/src/install/session_09/lib/session_09/lap_timer_client" to ""
-- Installing: /home/rony/Documents/inmind/Session09/ros2_ws/src/install/session_09/lib/session_09/wall_finder_service
-- Set runtime path of "/home/rony/Documents/inmind/Session09/ros2_ws/src/install/session_09/lib/session_09/wall_finder_service" to ""
-- Up-to-date: /home/rony/Documents/inmind/Session09/ros2_ws/src/install/session_09/share/ament_index/resource_index/package_run_dependencies/session_09
-- Up-to-date: /home/rony/Documents/inmind/Session09/ros2_ws/src/install/session_09/share/ament_index/resource_index/parent_prefix_path/session_09
-- Up-to-date: /home/rony/Documents/inmind/Session09/ros2_ws/src/install/session_09/share/session_09/environment/ament_prefix_path.sh
-- Up-to-date: /home/rony/Documents/inmind/Session09/ros2_ws/src/install/session_09/share/session_09/environment/ament_prefix_path.dsv
-- Up-to-date: /home/rony/Documents/inmind/Session09/ros2_ws/src/install/session_09/share/session_09/environment/path.sh
-- Up-to-date: /home/rony/Documents/inmind/Session09/ros2_ws/src/install/session_09/share/session_09/environment/path.dsv
-- Up-to-date: /home/rony/Documents/inmind/Session09/ros2_ws/src/install/session_09/share/session_09/local_setup.bash
-- Up-to-date: /home/rony/Documents/inmind/Session09/ros2_ws/src/install/session_09/share/session_09/local_setup.sh
-- Up-to-date: /home/rony/Documents/inmind/Session09/ros2_ws/src/install/session_09/share/session_09/local_setup.zsh
-- Up-to-date: /home/rony/Documents/inmind/Session09/ros2_ws/src/install/session_09/share/session_09/local_setup.dsv
-- Installing: /home/rony/Documents/inmind/Session09/ros2_ws/src/install/session_09/share/session_09/package.dsv
-- Up-to-date: /home/rony/Documents/inmind/Session09/ros2_ws/src/install/session_09/share/ament_index/resource_index/packages/session_09
-- Up-to-date: /home/rony/Documents/inmind/Session09/ros2_ws/src/install/session_09/share/session_09/cmake/session_09Config.cmake
-- Up-to-date: /home/rony/Documents/inmind/Session09/ros2_ws/src/install/session_09/share/session_09/cmake/session_09Config-version.cmake
-- Up-to-date: /home/rony/Documents/inmind/Session09/ros2_ws/src/install/session_09/share/session_09/package.xml
