[35m[1mConsolidate compiler generated dependencies of target lap_timer_client[0m
[ 66%] Built target driver
[ 66%] Built target lap_timer_server
[ 83%] [32mBuilding CXX object CMakeFiles/lap_timer_client.dir/src/lap_time_action_cli.cpp.o[0m
[100%] [32m[1mLinking CXX executable lap_timer_client[0m
[100%] Built target lap_timer_client
-- Install configuration: ""
-- Up-to-date: /home/rony/Documents/inmind/Session09/ros2_ws/src/install/session_09/lib/session_09/driver
-- Installing: /home/rony/Documents/inmind/Session09/ros2_ws/src/install/session_09/lib/session_09/lap_timer_server
-- Set runtime path of "/home/rony/Documents/inmind/Session09/ros2_ws/src/install/session_09/lib/session_09/lap_timer_server" to ""
-- Installing: /home/rony/Documents/inmind/Session09/ros2_ws/src/install/session_09/lib/session_09/lap_timer_client
-- Set runtime path of "/home/rony/Documents/inmind/Session09/ros2_ws/src/install/session_09/lib/session_09/lap_timer_client" to ""
-- Up-to-date: /home/rony/Documents/inmind/Session09/ros2_ws/src/install/session_09/share/ament_index/resource_index/package_run_dependencies/session_09
-- Up-to-date: /home/rony/Documents/inmind/Session09/ros2_ws/src/install/session_09/share/ament_index/resource_index/parent_prefix_path/session_09
-- Up-to-date: /home/rony/Documents/inmind/Session09/ros2_ws/src/install/session_09/share/session_09/environment/ament_prefix_path.sh
-- Installing: /home/rony/Documents/inmind/Session09/ros2_ws/src/install/session_09/share/session_09/environment/ament_prefix_path.dsv
-- Up-to-date: /home/rony/Documents/inmind/Session09/ros2_ws/src/install/session_09/share/session_09/environment/path.sh
-- Installing: /home/rony/Documents/inmind/Session09/ros2_ws/src/install/session_09/share/session_09/environment/path.dsv
-- Up-to-date: /home/rony/Documents/inmind/Session09/ros2_ws/src/install/session_09/share/session_09/local_setup.bash
-- Up-to-date: /home/rony/Documents/inmind/Session09/ros2_ws/src/install/session_09/share/session_09/local_setup.sh
-- Up-to-date: /home/rony/Documents/inmind/Session09/ros2_ws/src/install/session_09/share/session_09/local_setup.zsh
-- Installing: /home/rony/Documents/inmind/Session09/ros2_ws/src/install/session_09/share/session_09/local_setup.dsv
-- Installing: /home/rony/Documents/inmind/Session09/ros2_ws/src/install/session_09/share/session_09/package.dsv
-- Up-to-date: /home/rony/Documents/inmind/Session09/ros2_ws/src/install/session_09/share/ament_index/resource_index/packages/session_09
-- Up-to-date: /home/rony/Documents/inmind/Session09/ros2_ws/src/install/session_09/share/session_09/cmake/session_09Config.cmake
-- Up-to-date: /home/rony/Documents/inmind/Session09/ros2_ws/src/install/session_09/share/session_09/cmake/session_09Config-version.cmake
-- Installing: /home/rony/Documents/inmind/Session09/ros2_ws/src/install/session_09/share/session_09/package.xml
