[0.006s] Invoking command in '/home/rony/Documents/inmind/Session09/ros2_ws/build/session_09': CMAKE_PREFIX_PATH=/opt/ros/humble /usr/bin/cmake /home/rony/Documents/inmind/Session09/ros2_ws/src/session_09 -DCMAKE_INSTALL_PREFIX=/home/rony/Documents/inmind/Session09/ros2_ws/install/session_09
[0.046s] -- The C compiler identification is GNU 11.4.0
[0.085s] -- The CXX compiler identification is GNU 11.4.0
[0.090s] -- Detecting C compiler ABI info
[0.151s] -- Detecting C compiler ABI info - done
[0.156s] -- Check for working C compiler: /usr/bin/cc - skipped
[0.156s] -- Detecting C compile features
[0.156s] -- Detecting C compile features - done
[0.159s] -- Detecting CXX compiler ABI info
[0.215s] -- Detecting CXX compiler ABI info - done
[0.220s] -- Check for working CXX compiler: /usr/bin/c++ - skipped
[0.220s] -- Detecting CXX compile features
[0.220s] -- Detecting CXX compile features - done
[0.221s] -- Found ament_cmake: 1.3.9 (/opt/ros/humble/share/ament_cmake/cmake)
[0.457s] -- Found Python3: /usr/bin/python3 (found version "3.10.12") found components: Interpreter 
[0.514s] -- Found ament_lint_auto: 0.12.11 (/opt/ros/humble/share/ament_lint_auto/cmake)
[0.567s] -- Added test 'lint_cmake' to check CMake code style
[0.567s] -- Added test 'xmllint' to check XML markup files
[0.568s] -- Configuring done
[0.570s] -- Generating done
[0.570s] -- Build files have been written to: /home/rony/Documents/inmind/Session09/ros2_ws/build/session_09
[0.573s] Invoked command in '/home/rony/Documents/inmind/Session09/ros2_ws/build/session_09' returned '0': CMAKE_PREFIX_PATH=/opt/ros/humble /usr/bin/cmake /home/rony/Documents/inmind/Session09/ros2_ws/src/session_09 -DCMAKE_INSTALL_PREFIX=/home/rony/Documents/inmind/Session09/ros2_ws/install/session_09
[0.575s] Invoking command in '/home/rony/Documents/inmind/Session09/ros2_ws/build/session_09': CMAKE_PREFIX_PATH=/opt/ros/humble /usr/bin/cmake --build /home/rony/Documents/inmind/Session09/ros2_ws/build/session_09 -- -j8 -l8
[0.606s] Invoked command in '/home/rony/Documents/inmind/Session09/ros2_ws/build/session_09' returned '0': CMAKE_PREFIX_PATH=/opt/ros/humble /usr/bin/cmake --build /home/rony/Documents/inmind/Session09/ros2_ws/build/session_09 -- -j8 -l8
[0.633s] Invoking command in '/home/rony/Documents/inmind/Session09/ros2_ws/build/session_09': CMAKE_PREFIX_PATH=/opt/ros/humble /usr/bin/cmake --install /home/rony/Documents/inmind/Session09/ros2_ws/build/session_09
[0.638s] -- Install configuration: ""
[0.639s] -- Installing: /home/rony/Documents/inmind/Session09/ros2_ws/install/session_09/share/ament_index/resource_index/package_run_dependencies/session_09
[0.639s] -- Installing: /home/rony/Documents/inmind/Session09/ros2_ws/install/session_09/share/ament_index/resource_index/parent_prefix_path/session_09
[0.639s] -- Installing: /home/rony/Documents/inmind/Session09/ros2_ws/install/session_09/share/session_09/environment/ament_prefix_path.sh
[0.639s] -- Installing: /home/rony/Documents/inmind/Session09/ros2_ws/install/session_09/share/session_09/environment/ament_prefix_path.dsv
[0.639s] -- Installing: /home/rony/Documents/inmind/Session09/ros2_ws/install/session_09/share/session_09/environment/path.sh
[0.639s] -- Installing: /home/rony/Documents/inmind/Session09/ros2_ws/install/session_09/share/session_09/environment/path.dsv
[0.639s] -- Installing: /home/rony/Documents/inmind/Session09/ros2_ws/install/session_09/share/session_09/local_setup.bash
[0.639s] -- Installing: /home/rony/Documents/inmind/Session09/ros2_ws/install/session_09/share/session_09/local_setup.sh
[0.639s] -- Installing: /home/rony/Documents/inmind/Session09/ros2_ws/install/session_09/share/session_09/local_setup.zsh
[0.639s] -- Installing: /home/rony/Documents/inmind/Session09/ros2_ws/install/session_09/share/session_09/local_setup.dsv
[0.640s] -- Installing: /home/rony/Documents/inmind/Session09/ros2_ws/install/session_09/share/session_09/package.dsv
[0.640s] -- Installing: /home/rony/Documents/inmind/Session09/ros2_ws/install/session_09/share/ament_index/resource_index/packages/session_09
[0.640s] -- Installing: /home/rony/Documents/inmind/Session09/ros2_ws/install/session_09/share/session_09/cmake/session_09Config.cmake
[0.640s] -- Installing: /home/rony/Documents/inmind/Session09/ros2_ws/install/session_09/share/session_09/cmake/session_09Config-version.cmake
[0.640s] -- Installing: /home/rony/Documents/inmind/Session09/ros2_ws/install/session_09/share/session_09/package.xml
[0.641s] Invoked command in '/home/rony/Documents/inmind/Session09/ros2_ws/build/session_09' returned '0': CMAKE_PREFIX_PATH=/opt/ros/humble /usr/bin/cmake --install /home/rony/Documents/inmind/Session09/ros2_ws/build/session_09
