[0.007s] Invoking command in '/home/rony/Documents/inmind/Session09/ros2_ws/src/build/session_09': CMAKE_PREFIX_PATH=/home/rony/Documents/inmind/Session09/ros2_ws/src/install/turtle_controller_interfaces:/home/rony/Documents/inmind/Session09/ros2_ws/src/install/session_09:/opt/ros/humble /usr/bin/cmake --build /home/rony/Documents/inmind/Session09/ros2_ws/src/build/session_09 -- -j8 -l8
[0.052s] [35m[1mConsolidate compiler generated dependencies of target lap_timer_server[0m
[0.070s] [ 12%] [32mBuilding CXX object CMakeFiles/driver.dir/src/driver_node.cpp.o[0m
[0.071s] [ 25%] [32mBuilding CXX object CMakeFiles/wall_finder_service.dir/src/wall_finder_service.cpp.o[0m
[0.075s] [ 75%] Built target lap_timer_server
[0.076s] [ 75%] Built target lap_timer_client
[2.491s] [01m[K/home/rony/Documents/inmind/Session09/ros2_ws/src/session_09/src/wall_finder_service.cpp:[m[K In member function ‘[01m[Kvoid WallFinderService::handle_request(std::shared_ptr<turtle_controller_interfaces::srv::FindClosestWall_Request_<std::allocator<void> > >, std::shared_ptr<turtle_controller_interfaces::srv::FindClosestWall_Response_<std::allocator<void> > >)[m[K’:
[2.491s] [01m[K/home/rony/Documents/inmind/Session09/ros2_ws/src/session_09/src/wall_finder_service.cpp:16:86:[m[K [01;35m[Kwarning: [m[Kunused parameter ‘[01m[Krequest[m[K’ [[01;35m[K]8;;https://gcc.gnu.org/onlinedocs/gcc/Warning-Options.html#index-Wunused-parameter-Wunused-parameter]8;;[m[K]
[2.491s]    16 |   [01;35m[Kconst std::shared_ptr<turtle_controller_interfaces::srv::FindClosestWall::Request> request[m[K,
[2.491s]       |   [01;35m[K~~~~~~~~~~~~~~~~~~~~~~~~~~~~~~~~~~~~~~~~~~~~~~~~~~~~~~~~~~~~~~~~~~~~~~~~~~~~~~~~~~~^~~~~~~[m[K
[2.494s] [01m[K/home/rony/Documents/inmind/Session09/ros2_ws/src/session_09/src/wall_finder_service.cpp:[m[K In member function ‘[01m[Kvoid WallFinderService::scan_callback(sensor_msgs::msg::LaserScan_<std::allocator<void> >::SharedPtr)[m[K’:
[2.495s] [01m[K/home/rony/Documents/inmind/Session09/ros2_ws/src/session_09/src/wall_finder_service.cpp:44:21:[m[K [01;35m[Kwarning: [m[Kcomparison of integer expressions of different signedness: ‘[01m[Kint[m[K’ and ‘[01m[Kstd::vector<float>::size_type[m[K’ {aka ‘[01m[Klong unsigned int[m[K’} [[01;35m[K]8;;https://gcc.gnu.org/onlinedocs/gcc/Warning-Options.html#index-Wsign-compare-Wsign-compare]8;;[m[K]
[2.495s]    44 |   for (int i = 0; [01;35m[Ki < msg->ranges.size()[m[K; ++i) {
[2.495s]       |                   [01;35m[K~~^~~~~~~~~~~~~~~~~~~~[m[K
[9.154s] [ 87%] [32m[1mLinking CXX executable wall_finder_service[0m
[9.160s] [100%] [32m[1mLinking CXX executable driver[0m
[9.750s] [100%] Built target wall_finder_service
[9.773s] [100%] Built target driver
[9.782s] Invoked command in '/home/rony/Documents/inmind/Session09/ros2_ws/src/build/session_09' returned '0': CMAKE_PREFIX_PATH=/home/rony/Documents/inmind/Session09/ros2_ws/src/install/turtle_controller_interfaces:/home/rony/Documents/inmind/Session09/ros2_ws/src/install/session_09:/opt/ros/humble /usr/bin/cmake --build /home/rony/Documents/inmind/Session09/ros2_ws/src/build/session_09 -- -j8 -l8
[9.808s] Invoking command in '/home/rony/Documents/inmind/Session09/ros2_ws/src/build/session_09': CMAKE_PREFIX_PATH=/home/rony/Documents/inmind/Session09/ros2_ws/src/install/turtle_controller_interfaces:/home/rony/Documents/inmind/Session09/ros2_ws/src/install/session_09:/opt/ros/humble /usr/bin/cmake --install /home/rony/Documents/inmind/Session09/ros2_ws/src/build/session_09
[9.814s] -- Install configuration: ""
[9.815s] -- Installing: /home/rony/Documents/inmind/Session09/ros2_ws/src/install/session_09/lib/session_09/driver
[9.819s] -- Set runtime path of "/home/rony/Documents/inmind/Session09/ros2_ws/src/install/session_09/lib/session_09/driver" to ""
[9.819s] -- Up-to-date: /home/rony/Documents/inmind/Session09/ros2_ws/src/install/session_09/lib/session_09/lap_timer_server
[9.819s] -- Up-to-date: /home/rony/Documents/inmind/Session09/ros2_ws/src/install/session_09/lib/session_09/lap_timer_client
[9.819s] -- Installing: /home/rony/Documents/inmind/Session09/ros2_ws/src/install/session_09/lib/session_09/wall_finder_service
[9.823s] -- Set runtime path of "/home/rony/Documents/inmind/Session09/ros2_ws/src/install/session_09/lib/session_09/wall_finder_service" to ""
[9.823s] -- Up-to-date: /home/rony/Documents/inmind/Session09/ros2_ws/src/install/session_09/share/ament_index/resource_index/package_run_dependencies/session_09
[9.823s] -- Up-to-date: /home/rony/Documents/inmind/Session09/ros2_ws/src/install/session_09/share/ament_index/resource_index/parent_prefix_path/session_09
[9.823s] -- Up-to-date: /home/rony/Documents/inmind/Session09/ros2_ws/src/install/session_09/share/session_09/environment/ament_prefix_path.sh
[9.823s] -- Up-to-date: /home/rony/Documents/inmind/Session09/ros2_ws/src/install/session_09/share/session_09/environment/ament_prefix_path.dsv
[9.823s] -- Up-to-date: /home/rony/Documents/inmind/Session09/ros2_ws/src/install/session_09/share/session_09/environment/path.sh
[9.823s] -- Up-to-date: /home/rony/Documents/inmind/Session09/ros2_ws/src/install/session_09/share/session_09/environment/path.dsv
[9.823s] -- Up-to-date: /home/rony/Documents/inmind/Session09/ros2_ws/src/install/session_09/share/session_09/local_setup.bash
[9.823s] -- Up-to-date: /home/rony/Documents/inmind/Session09/ros2_ws/src/install/session_09/share/session_09/local_setup.sh
[9.823s] -- Up-to-date: /home/rony/Documents/inmind/Session09/ros2_ws/src/install/session_09/share/session_09/local_setup.zsh
[9.823s] -- Up-to-date: /home/rony/Documents/inmind/Session09/ros2_ws/src/install/session_09/share/session_09/local_setup.dsv
[9.824s] -- Installing: /home/rony/Documents/inmind/Session09/ros2_ws/src/install/session_09/share/session_09/package.dsv
[9.824s] -- Up-to-date: /home/rony/Documents/inmind/Session09/ros2_ws/src/install/session_09/share/ament_index/resource_index/packages/session_09
[9.824s] -- Up-to-date: /home/rony/Documents/inmind/Session09/ros2_ws/src/install/session_09/share/session_09/cmake/session_09Config.cmake
[9.824s] -- Up-to-date: /home/rony/Documents/inmind/Session09/ros2_ws/src/install/session_09/share/session_09/cmake/session_09Config-version.cmake
[9.824s] -- Up-to-date: /home/rony/Documents/inmind/Session09/ros2_ws/src/install/session_09/share/session_09/package.xml
[9.825s] Invoked command in '/home/rony/Documents/inmind/Session09/ros2_ws/src/build/session_09' returned '0': CMAKE_PREFIX_PATH=/home/rony/Documents/inmind/Session09/ros2_ws/src/install/turtle_controller_interfaces:/home/rony/Documents/inmind/Session09/ros2_ws/src/install/session_09:/opt/ros/humble /usr/bin/cmake --install /home/rony/Documents/inmind/Session09/ros2_ws/src/build/session_09
