[0.008s] Invoking command in '/home/rony/Documents/inmind/Session09/ros2_ws/src/build/turtle_controller_interfaces': CMAKE_PREFIX_PATH=${CMAKE_PREFIX_PATH}:/opt/ros/humble /usr/bin/cmake --build /home/rony/Documents/inmind/Session09/ros2_ws/src/build/turtle_controller_interfaces -- -j8 -l8
[0.033s] -- Found ament_cmake: 1.3.9 (/opt/ros/humble/share/ament_cmake/cmake)
[0.159s] -- Found rosidl_default_generators: 1.2.0 (/opt/ros/humble/share/rosidl_default_generators/cmake)
[0.163s] -- Using all available rosidl_typesupport_c: rosidl_typesupport_fastrtps_c;rosidl_typesupport_introspection_c
[0.167s] -- Found rosidl_adapter: 3.1.5 (/opt/ros/humble/share/rosidl_adapter/cmake)
[0.211s] -- Using all available rosidl_typesupport_cpp: rosidl_typesupport_fastrtps_cpp;rosidl_typesupport_introspection_cpp
[0.553s] -- Found ament_cmake_ros: 0.10.0 (/opt/ros/humble/share/ament_cmake_ros/cmake)
[0.725s] -- Using all available rosidl_typesupport_c: rosidl_typesupport_fastrtps_c;rosidl_typesupport_introspection_c
[0.920s] -- Using all available rosidl_typesupport_cpp: rosidl_typesupport_fastrtps_cpp;rosidl_typesupport_introspection_cpp
[0.940s] -- Found python_cmake_module: 0.10.0 (/opt/ros/humble/share/python_cmake_module/cmake)
[0.960s] -- Using PYTHON_EXECUTABLE: /usr/bin/python3
[0.960s] -- Using PYTHON_INCLUDE_DIRS: /usr/include/python3.10
[0.960s] -- Using PYTHON_LIBRARIES: /usr/lib/x86_64-linux-gnu/libpython3.10.so
[0.986s] -- Configuring done
[1.013s] -- Generating done
[1.016s] -- Build files have been written to: /home/rony/Documents/inmind/Session09/ros2_ws/src/build/turtle_controller_interfaces
[1.039s] [  2%] [34m[1mGenerating C code for ROS interfaces[0m
[1.047s] [  5%] [34m[1mGenerating C++ code for ROS interfaces[0m
[1.054s] [  5%] Built target ament_cmake_python_copy_turtle_controller_interfaces
[1.214s] running egg_info
[1.225s] writing turtle_controller_interfaces.egg-info/PKG-INFO
[1.225s] writing dependency_links to turtle_controller_interfaces.egg-info/dependency_links.txt
[1.225s] writing top-level names to turtle_controller_interfaces.egg-info/top_level.txt
[1.263s] reading manifest file 'turtle_controller_interfaces.egg-info/SOURCES.txt'
[1.264s] writing manifest file 'turtle_controller_interfaces.egg-info/SOURCES.txt'
[1.294s] [  5%] Built target ament_cmake_python_build_turtle_controller_interfaces_egg
[1.460s] [  5%] Built target turtle_controller_interfaces__cpp
[1.470s] [  7%] [34m[1mGenerating C++ introspection for ROS interfaces[0m
[1.471s] [ 12%] [34m[1mGenerating C++ type support dispatch for ROS interfaces[0m
[1.471s] [ 12%] [34m[1mGenerating C++ type support for eProsima Fast-RTPS[0m
[1.506s] [35m[1mConsolidate compiler generated dependencies of target turtle_controller_interfaces__rosidl_generator_c[0m
[1.518s] [ 15%] [32mBuilding C object CMakeFiles/turtle_controller_interfaces__rosidl_generator_c.dir/rosidl_generator_c/turtle_controller_interfaces/srv/detail/find_closest_wall__functions.c.o[0m
[1.519s] [ 17%] [32mBuilding C object CMakeFiles/turtle_controller_interfaces__rosidl_generator_c.dir/rosidl_generator_c/turtle_controller_interfaces/action/detail/measure_lap_time__functions.c.o[0m
[1.669s] [ 20%] [32m[1mLinking C shared library libturtle_controller_interfaces__rosidl_generator_c.so[0m
[1.698s] [ 20%] Built target turtle_controller_interfaces__rosidl_generator_c
[1.708s] [ 23%] [34m[1mGenerating C introspection for ROS interfaces[0m
[1.709s] [ 25%] [34m[1mGenerating C type support for eProsima Fast-RTPS[0m
[1.713s] [ 28%] [34m[1mGenerating C type support dispatch for ROS interfaces[0m
[1.855s] [35m[1mConsolidate compiler generated dependencies of target turtle_controller_interfaces__rosidl_typesupport_cpp[0m
[1.872s] [ 30%] [32mBuilding CXX object CMakeFiles/turtle_controller_interfaces__rosidl_typesupport_cpp.dir/rosidl_typesupport_cpp/turtle_controller_interfaces/action/measure_lap_time__type_support.cpp.o[0m
[1.881s] [ 33%] [32mBuilding CXX object CMakeFiles/turtle_controller_interfaces__rosidl_typesupport_cpp.dir/rosidl_typesupport_cpp/turtle_controller_interfaces/srv/find_closest_wall__type_support.cpp.o[0m
[2.032s] [35m[1mConsolidate compiler generated dependencies of target turtle_controller_interfaces__rosidl_typesupport_introspection_cpp[0m
[2.050s] [ 35%] [32mBuilding CXX object CMakeFiles/turtle_controller_interfaces__rosidl_typesupport_introspection_cpp.dir/rosidl_typesupport_introspection_cpp/turtle_controller_interfaces/action/detail/measure_lap_time__type_support.cpp.o[0m
[2.070s] [ 38%] [32mBuilding CXX object CMakeFiles/turtle_controller_interfaces__rosidl_typesupport_introspection_cpp.dir/rosidl_typesupport_introspection_cpp/turtle_controller_interfaces/srv/detail/find_closest_wall__type_support.cpp.o[0m
[2.105s] [35m[1mConsolidate compiler generated dependencies of target turtle_controller_interfaces__rosidl_typesupport_fastrtps_cpp[0m
[2.161s] [ 41%] [32mBuilding CXX object CMakeFiles/turtle_controller_interfaces__rosidl_typesupport_fastrtps_cpp.dir/rosidl_typesupport_fastrtps_cpp/turtle_controller_interfaces/action/detail/dds_fastrtps/measure_lap_time__type_support.cpp.o[0m
[2.243s] [35m[1mConsolidate compiler generated dependencies of target turtle_controller_interfaces__rosidl_typesupport_c[0m
[2.267s] [ 43%] [32mBuilding CXX object CMakeFiles/turtle_controller_interfaces__rosidl_typesupport_fastrtps_cpp.dir/rosidl_typesupport_fastrtps_cpp/turtle_controller_interfaces/srv/detail/dds_fastrtps/find_closest_wall__type_support.cpp.o[0m
[2.282s] [ 46%] [32mBuilding CXX object CMakeFiles/turtle_controller_interfaces__rosidl_typesupport_c.dir/rosidl_typesupport_c/turtle_controller_interfaces/action/measure_lap_time__type_support.cpp.o[0m
[2.366s] [ 48%] [32mBuilding CXX object CMakeFiles/turtle_controller_interfaces__rosidl_typesupport_c.dir/rosidl_typesupport_c/turtle_controller_interfaces/srv/find_closest_wall__type_support.cpp.o[0m
[2.403s] [35m[1mConsolidate compiler generated dependencies of target turtle_controller_interfaces__rosidl_typesupport_introspection_c[0m
[2.423s] [ 51%] [32m[1mLinking CXX shared library libturtle_controller_interfaces__rosidl_typesupport_c.so[0m
[2.456s] [ 53%] [32mBuilding C object CMakeFiles/turtle_controller_interfaces__rosidl_typesupport_introspection_c.dir/rosidl_typesupport_introspection_c/turtle_controller_interfaces/action/detail/measure_lap_time__type_support.c.o[0m
[2.501s] [35m[1mConsolidate compiler generated dependencies of target turtle_controller_interfaces__rosidl_typesupport_fastrtps_c[0m
[2.520s] [ 53%] Built target turtle_controller_interfaces__rosidl_typesupport_c
[2.521s] [ 56%] [32mBuilding CXX object CMakeFiles/turtle_controller_interfaces__rosidl_typesupport_fastrtps_c.dir/rosidl_typesupport_fastrtps_c/turtle_controller_interfaces/action/detail/measure_lap_time__type_support_c.cpp.o[0m
[2.544s] [ 58%] [32mBuilding CXX object CMakeFiles/turtle_controller_interfaces__rosidl_typesupport_fastrtps_c.dir/rosidl_typesupport_fastrtps_c/turtle_controller_interfaces/srv/detail/find_closest_wall__type_support_c.cpp.o[0m
[2.581s] [ 61%] [32mBuilding C object CMakeFiles/turtle_controller_interfaces__rosidl_typesupport_introspection_c.dir/rosidl_typesupport_introspection_c/turtle_controller_interfaces/srv/detail/find_closest_wall__type_support.c.o[0m
[2.637s] [ 64%] [32m[1mLinking C shared library libturtle_controller_interfaces__rosidl_typesupport_introspection_c.so[0m
[2.643s] [ 66%] [32m[1mLinking CXX shared library libturtle_controller_interfaces__rosidl_typesupport_cpp.so[0m
[2.678s] [ 66%] Built target turtle_controller_interfaces__rosidl_typesupport_introspection_c
[2.732s] [ 66%] Built target turtle_controller_interfaces__rosidl_typesupport_cpp
[2.868s] [ 69%] [32m[1mLinking CXX shared library libturtle_controller_interfaces__rosidl_typesupport_introspection_cpp.so[0m
[2.910s] [ 71%] [32m[1mLinking CXX shared library libturtle_controller_interfaces__rosidl_typesupport_fastrtps_cpp.so[0m
[2.992s] [ 71%] Built target turtle_controller_interfaces__rosidl_typesupport_introspection_cpp
[2.995s] [ 74%] [32m[1mLinking CXX shared library libturtle_controller_interfaces__rosidl_typesupport_fastrtps_c.so[0m
[3.001s] [ 74%] Built target turtle_controller_interfaces__rosidl_typesupport_fastrtps_cpp
[3.067s] [ 74%] Built target turtle_controller_interfaces__rosidl_typesupport_fastrtps_c
[3.082s] [ 74%] Built target turtle_controller_interfaces
[3.098s] [ 76%] [34m[1mGenerating Python code for ROS interfaces[0m
[3.771s] [ 76%] Built target turtle_controller_interfaces__py
[3.779s] [35m[1mConsolidate compiler generated dependencies of target turtle_controller_interfaces__rosidl_generator_py[0m
[3.791s] [ 82%] [32mBuilding C object CMakeFiles/turtle_controller_interfaces__rosidl_generator_py.dir/rosidl_generator_py/turtle_controller_interfaces/srv/_find_closest_wall_s.c.o[0m
[3.791s] [ 82%] [32mBuilding C object CMakeFiles/turtle_controller_interfaces__rosidl_generator_py.dir/rosidl_generator_py/turtle_controller_interfaces/action/_measure_lap_time_s.c.o[0m
[3.940s] [ 84%] [32m[1mLinking C shared library rosidl_generator_py/turtle_controller_interfaces/libturtle_controller_interfaces__rosidl_generator_py.so[0m
[3.974s] [ 84%] Built target turtle_controller_interfaces__rosidl_generator_py
[3.983s] [35m[1mConsolidate compiler generated dependencies of target turtle_controller_interfaces__rosidl_typesupport_introspection_c__pyext[0m
[3.983s] [35m[1mConsolidate compiler generated dependencies of target turtle_controller_interfaces__rosidl_typesupport_c__pyext[0m
[3.984s] [35m[1mConsolidate compiler generated dependencies of target turtle_controller_interfaces__rosidl_typesupport_fastrtps_c__pyext[0m
[3.994s] [ 87%] [32mBuilding C object CMakeFiles/turtle_controller_interfaces__rosidl_typesupport_c__pyext.dir/rosidl_generator_py/turtle_controller_interfaces/_turtle_controller_interfaces_s.ep.rosidl_typesupport_c.c.o[0m
[3.994s] [ 89%] [32mBuilding C object CMakeFiles/turtle_controller_interfaces__rosidl_typesupport_introspection_c__pyext.dir/rosidl_generator_py/turtle_controller_interfaces/_turtle_controller_interfaces_s.ep.rosidl_typesupport_introspection_c.c.o[0m
[4.000s] [ 92%] [32mBuilding C object CMakeFiles/turtle_controller_interfaces__rosidl_typesupport_fastrtps_c__pyext.dir/rosidl_generator_py/turtle_controller_interfaces/_turtle_controller_interfaces_s.ep.rosidl_typesupport_fastrtps_c.c.o[0m
[4.101s] [ 94%] [32m[1mLinking C shared library rosidl_generator_py/turtle_controller_interfaces/turtle_controller_interfaces_s__rosidl_typesupport_introspection_c.cpython-310-x86_64-linux-gnu.so[0m
[4.130s] [ 97%] [32m[1mLinking C shared library rosidl_generator_py/turtle_controller_interfaces/turtle_controller_interfaces_s__rosidl_typesupport_fastrtps_c.cpython-310-x86_64-linux-gnu.so[0m
[4.130s] [100%] [32m[1mLinking C shared library rosidl_generator_py/turtle_controller_interfaces/turtle_controller_interfaces_s__rosidl_typesupport_c.cpython-310-x86_64-linux-gnu.so[0m
[4.138s] [100%] Built target turtle_controller_interfaces__rosidl_typesupport_introspection_c__pyext
[4.165s] [100%] Built target turtle_controller_interfaces__rosidl_typesupport_fastrtps_c__pyext
[4.166s] [100%] Built target turtle_controller_interfaces__rosidl_typesupport_c__pyext
[4.177s] Invoked command in '/home/rony/Documents/inmind/Session09/ros2_ws/src/build/turtle_controller_interfaces' returned '0': CMAKE_PREFIX_PATH=${CMAKE_PREFIX_PATH}:/opt/ros/humble /usr/bin/cmake --build /home/rony/Documents/inmind/Session09/ros2_ws/src/build/turtle_controller_interfaces -- -j8 -l8
[4.240s] Invoking command in '/home/rony/Documents/inmind/Session09/ros2_ws/src/build/turtle_controller_interfaces': CMAKE_PREFIX_PATH=${CMAKE_PREFIX_PATH}:/opt/ros/humble /usr/bin/cmake --install /home/rony/Documents/inmind/Session09/ros2_ws/src/build/turtle_controller_interfaces
[4.246s] -- Install configuration: ""
[4.246s] -- Up-to-date: /home/rony/Documents/inmind/Session09/ros2_ws/src/install/turtle_controller_interfaces/share/ament_index/resource_index/rosidl_interfaces/turtle_controller_interfaces
[4.246s] -- Up-to-date: /home/rony/Documents/inmind/Session09/ros2_ws/src/install/turtle_controller_interfaces/include/turtle_controller_interfaces/turtle_controller_interfaces
[4.246s] -- Up-to-date: /home/rony/Documents/inmind/Session09/ros2_ws/src/install/turtle_controller_interfaces/include/turtle_controller_interfaces/turtle_controller_interfaces/msg
[4.247s] -- Up-to-date: /home/rony/Documents/inmind/Session09/ros2_ws/src/install/turtle_controller_interfaces/include/turtle_controller_interfaces/turtle_controller_interfaces/msg/rosidl_generator_c__visibility_control.h
[4.247s] -- Up-to-date: /home/rony/Documents/inmind/Session09/ros2_ws/src/install/turtle_controller_interfaces/include/turtle_controller_interfaces/turtle_controller_interfaces/action
[4.247s] -- Installing: /home/rony/Documents/inmind/Session09/ros2_ws/src/install/turtle_controller_interfaces/include/turtle_controller_interfaces/turtle_controller_interfaces/action/measure_lap_time.h
[4.247s] -- Up-to-date: /home/rony/Documents/inmind/Session09/ros2_ws/src/install/turtle_controller_interfaces/include/turtle_controller_interfaces/turtle_controller_interfaces/action/detail
[4.247s] -- Installing: /home/rony/Documents/inmind/Session09/ros2_ws/src/install/turtle_controller_interfaces/include/turtle_controller_interfaces/turtle_controller_interfaces/action/detail/measure_lap_time__functions.c
[4.247s] -- Installing: /home/rony/Documents/inmind/Session09/ros2_ws/src/install/turtle_controller_interfaces/include/turtle_controller_interfaces/turtle_controller_interfaces/action/detail/measure_lap_time__functions.h
[4.247s] -- Installing: /home/rony/Documents/inmind/Session09/ros2_ws/src/install/turtle_controller_interfaces/include/turtle_controller_interfaces/turtle_controller_interfaces/action/detail/measure_lap_time__type_support.h
[4.247s] -- Installing: /home/rony/Documents/inmind/Session09/ros2_ws/src/install/turtle_controller_interfaces/include/turtle_controller_interfaces/turtle_controller_interfaces/action/detail/measure_lap_time__struct.h
[4.247s] -- Up-to-date: /home/rony/Documents/inmind/Session09/ros2_ws/src/install/turtle_controller_interfaces/include/turtle_controller_interfaces/turtle_controller_interfaces/srv
[4.247s] -- Up-to-date: /home/rony/Documents/inmind/Session09/ros2_ws/src/install/turtle_controller_interfaces/include/turtle_controller_interfaces/turtle_controller_interfaces/srv/detail
[4.247s] -- Installing: /home/rony/Documents/inmind/Session09/ros2_ws/src/install/turtle_controller_interfaces/include/turtle_controller_interfaces/turtle_controller_interfaces/srv/detail/find_closest_wall__type_support.h
[4.247s] -- Installing: /home/rony/Documents/inmind/Session09/ros2_ws/src/install/turtle_controller_interfaces/include/turtle_controller_interfaces/turtle_controller_interfaces/srv/detail/find_closest_wall__struct.h
[4.248s] -- Installing: /home/rony/Documents/inmind/Session09/ros2_ws/src/install/turtle_controller_interfaces/include/turtle_controller_interfaces/turtle_controller_interfaces/srv/detail/find_closest_wall__functions.c
[4.248s] -- Installing: /home/rony/Documents/inmind/Session09/ros2_ws/src/install/turtle_controller_interfaces/include/turtle_controller_interfaces/turtle_controller_interfaces/srv/detail/find_closest_wall__functions.h
[4.248s] -- Installing: /home/rony/Documents/inmind/Session09/ros2_ws/src/install/turtle_controller_interfaces/include/turtle_controller_interfaces/turtle_controller_interfaces/srv/find_closest_wall.h
[4.248s] -- Up-to-date: /home/rony/Documents/inmind/Session09/ros2_ws/src/install/turtle_controller_interfaces/share/turtle_controller_interfaces/environment/library_path.sh
[4.248s] -- Installing: /home/rony/Documents/inmind/Session09/ros2_ws/src/install/turtle_controller_interfaces/share/turtle_controller_interfaces/environment/library_path.dsv
[4.248s] -- Installing: /home/rony/Documents/inmind/Session09/ros2_ws/src/install/turtle_controller_interfaces/lib/libturtle_controller_interfaces__rosidl_generator_c.so
[4.249s] -- Set runtime path of "/home/rony/Documents/inmind/Session09/ros2_ws/src/install/turtle_controller_interfaces/lib/libturtle_controller_interfaces__rosidl_generator_c.so" to ""
[4.249s] -- Up-to-date: /home/rony/Documents/inmind/Session09/ros2_ws/src/install/turtle_controller_interfaces/include/turtle_controller_interfaces/turtle_controller_interfaces
[4.249s] -- Up-to-date: /home/rony/Documents/inmind/Session09/ros2_ws/src/install/turtle_controller_interfaces/include/turtle_controller_interfaces/turtle_controller_interfaces/msg
[4.249s] -- Up-to-date: /home/rony/Documents/inmind/Session09/ros2_ws/src/install/turtle_controller_interfaces/include/turtle_controller_interfaces/turtle_controller_interfaces/msg/rosidl_typesupport_fastrtps_c__visibility_control.h
[4.249s] -- Up-to-date: /home/rony/Documents/inmind/Session09/ros2_ws/src/install/turtle_controller_interfaces/include/turtle_controller_interfaces/turtle_controller_interfaces/action
[4.249s] -- Up-to-date: /home/rony/Documents/inmind/Session09/ros2_ws/src/install/turtle_controller_interfaces/include/turtle_controller_interfaces/turtle_controller_interfaces/action/detail
[4.249s] -- Installing: /home/rony/Documents/inmind/Session09/ros2_ws/src/install/turtle_controller_interfaces/include/turtle_controller_interfaces/turtle_controller_interfaces/action/detail/measure_lap_time__rosidl_typesupport_fastrtps_c.h
[4.249s] -- Up-to-date: /home/rony/Documents/inmind/Session09/ros2_ws/src/install/turtle_controller_interfaces/include/turtle_controller_interfaces/turtle_controller_interfaces/srv
[4.249s] -- Up-to-date: /home/rony/Documents/inmind/Session09/ros2_ws/src/install/turtle_controller_interfaces/include/turtle_controller_interfaces/turtle_controller_interfaces/srv/detail
[4.250s] -- Installing: /home/rony/Documents/inmind/Session09/ros2_ws/src/install/turtle_controller_interfaces/include/turtle_controller_interfaces/turtle_controller_interfaces/srv/detail/find_closest_wall__rosidl_typesupport_fastrtps_c.h
[4.250s] -- Installing: /home/rony/Documents/inmind/Session09/ros2_ws/src/install/turtle_controller_interfaces/lib/libturtle_controller_interfaces__rosidl_typesupport_fastrtps_c.so
[4.250s] -- Set runtime path of "/home/rony/Documents/inmind/Session09/ros2_ws/src/install/turtle_controller_interfaces/lib/libturtle_controller_interfaces__rosidl_typesupport_fastrtps_c.so" to ""
[4.250s] -- Up-to-date: /home/rony/Documents/inmind/Session09/ros2_ws/src/install/turtle_controller_interfaces/include/turtle_controller_interfaces/turtle_controller_interfaces
[4.250s] -- Up-to-date: /home/rony/Documents/inmind/Session09/ros2_ws/src/install/turtle_controller_interfaces/include/turtle_controller_interfaces/turtle_controller_interfaces/msg
[4.250s] -- Up-to-date: /home/rony/Documents/inmind/Session09/ros2_ws/src/install/turtle_controller_interfaces/include/turtle_controller_interfaces/turtle_controller_interfaces/msg/rosidl_typesupport_introspection_c__visibility_control.h
[4.250s] -- Up-to-date: /home/rony/Documents/inmind/Session09/ros2_ws/src/install/turtle_controller_interfaces/include/turtle_controller_interfaces/turtle_controller_interfaces/action
[4.250s] -- Up-to-date: /home/rony/Documents/inmind/Session09/ros2_ws/src/install/turtle_controller_interfaces/include/turtle_controller_interfaces/turtle_controller_interfaces/action/detail
[4.250s] -- Installing: /home/rony/Documents/inmind/Session09/ros2_ws/src/install/turtle_controller_interfaces/include/turtle_controller_interfaces/turtle_controller_interfaces/action/detail/measure_lap_time__type_support.c
[4.250s] -- Installing: /home/rony/Documents/inmind/Session09/ros2_ws/src/install/turtle_controller_interfaces/include/turtle_controller_interfaces/turtle_controller_interfaces/action/detail/measure_lap_time__rosidl_typesupport_introspection_c.h
[4.251s] -- Up-to-date: /home/rony/Documents/inmind/Session09/ros2_ws/src/install/turtle_controller_interfaces/include/turtle_controller_interfaces/turtle_controller_interfaces/srv
[4.251s] -- Up-to-date: /home/rony/Documents/inmind/Session09/ros2_ws/src/install/turtle_controller_interfaces/include/turtle_controller_interfaces/turtle_controller_interfaces/srv/detail
[4.251s] -- Installing: /home/rony/Documents/inmind/Session09/ros2_ws/src/install/turtle_controller_interfaces/include/turtle_controller_interfaces/turtle_controller_interfaces/srv/detail/find_closest_wall__rosidl_typesupport_introspection_c.h
[4.251s] -- Installing: /home/rony/Documents/inmind/Session09/ros2_ws/src/install/turtle_controller_interfaces/include/turtle_controller_interfaces/turtle_controller_interfaces/srv/detail/find_closest_wall__type_support.c
[4.251s] -- Installing: /home/rony/Documents/inmind/Session09/ros2_ws/src/install/turtle_controller_interfaces/lib/libturtle_controller_interfaces__rosidl_typesupport_introspection_c.so
[4.251s] -- Set runtime path of "/home/rony/Documents/inmind/Session09/ros2_ws/src/install/turtle_controller_interfaces/lib/libturtle_controller_interfaces__rosidl_typesupport_introspection_c.so" to ""
[4.251s] -- Installing: /home/rony/Documents/inmind/Session09/ros2_ws/src/install/turtle_controller_interfaces/lib/libturtle_controller_interfaces__rosidl_typesupport_c.so
[4.252s] -- Set runtime path of "/home/rony/Documents/inmind/Session09/ros2_ws/src/install/turtle_controller_interfaces/lib/libturtle_controller_interfaces__rosidl_typesupport_c.so" to ""
[4.252s] -- Up-to-date: /home/rony/Documents/inmind/Session09/ros2_ws/src/install/turtle_controller_interfaces/include/turtle_controller_interfaces/turtle_controller_interfaces
[4.252s] -- Up-to-date: /home/rony/Documents/inmind/Session09/ros2_ws/src/install/turtle_controller_interfaces/include/turtle_controller_interfaces/turtle_controller_interfaces/action
[4.252s] -- Up-to-date: /home/rony/Documents/inmind/Session09/ros2_ws/src/install/turtle_controller_interfaces/include/turtle_controller_interfaces/turtle_controller_interfaces/action/detail
[4.252s] -- Installing: /home/rony/Documents/inmind/Session09/ros2_ws/src/install/turtle_controller_interfaces/include/turtle_controller_interfaces/turtle_controller_interfaces/action/detail/measure_lap_time__traits.hpp
[4.252s] -- Installing: /home/rony/Documents/inmind/Session09/ros2_ws/src/install/turtle_controller_interfaces/include/turtle_controller_interfaces/turtle_controller_interfaces/action/detail/measure_lap_time__builder.hpp
[4.253s] -- Installing: /home/rony/Documents/inmind/Session09/ros2_ws/src/install/turtle_controller_interfaces/include/turtle_controller_interfaces/turtle_controller_interfaces/action/detail/measure_lap_time__struct.hpp
[4.253s] -- Installing: /home/rony/Documents/inmind/Session09/ros2_ws/src/install/turtle_controller_interfaces/include/turtle_controller_interfaces/turtle_controller_interfaces/action/measure_lap_time.hpp
[4.253s] -- Up-to-date: /home/rony/Documents/inmind/Session09/ros2_ws/src/install/turtle_controller_interfaces/include/turtle_controller_interfaces/turtle_controller_interfaces/srv
[4.253s] -- Up-to-date: /home/rony/Documents/inmind/Session09/ros2_ws/src/install/turtle_controller_interfaces/include/turtle_controller_interfaces/turtle_controller_interfaces/srv/detail
[4.253s] -- Installing: /home/rony/Documents/inmind/Session09/ros2_ws/src/install/turtle_controller_interfaces/include/turtle_controller_interfaces/turtle_controller_interfaces/srv/detail/find_closest_wall__builder.hpp
[4.253s] -- Installing: /home/rony/Documents/inmind/Session09/ros2_ws/src/install/turtle_controller_interfaces/include/turtle_controller_interfaces/turtle_controller_interfaces/srv/detail/find_closest_wall__struct.hpp
[4.253s] -- Installing: /home/rony/Documents/inmind/Session09/ros2_ws/src/install/turtle_controller_interfaces/include/turtle_controller_interfaces/turtle_controller_interfaces/srv/detail/find_closest_wall__traits.hpp
[4.254s] -- Installing: /home/rony/Documents/inmind/Session09/ros2_ws/src/install/turtle_controller_interfaces/include/turtle_controller_interfaces/turtle_controller_interfaces/srv/find_closest_wall.hpp
[4.254s] -- Up-to-date: /home/rony/Documents/inmind/Session09/ros2_ws/src/install/turtle_controller_interfaces/include/turtle_controller_interfaces/turtle_controller_interfaces
[4.254s] -- Up-to-date: /home/rony/Documents/inmind/Session09/ros2_ws/src/install/turtle_controller_interfaces/include/turtle_controller_interfaces/turtle_controller_interfaces/msg
[4.254s] -- Up-to-date: /home/rony/Documents/inmind/Session09/ros2_ws/src/install/turtle_controller_interfaces/include/turtle_controller_interfaces/turtle_controller_interfaces/msg/rosidl_typesupport_fastrtps_cpp__visibility_control.h
[4.254s] -- Up-to-date: /home/rony/Documents/inmind/Session09/ros2_ws/src/install/turtle_controller_interfaces/include/turtle_controller_interfaces/turtle_controller_interfaces/action
[4.254s] -- Up-to-date: /home/rony/Documents/inmind/Session09/ros2_ws/src/install/turtle_controller_interfaces/include/turtle_controller_interfaces/turtle_controller_interfaces/action/detail
[4.254s] -- Up-to-date: /home/rony/Documents/inmind/Session09/ros2_ws/src/install/turtle_controller_interfaces/include/turtle_controller_interfaces/turtle_controller_interfaces/action/detail/dds_fastrtps
[4.254s] -- Installing: /home/rony/Documents/inmind/Session09/ros2_ws/src/install/turtle_controller_interfaces/include/turtle_controller_interfaces/turtle_controller_interfaces/action/detail/measure_lap_time__rosidl_typesupport_fastrtps_cpp.hpp
[4.254s] -- Up-to-date: /home/rony/Documents/inmind/Session09/ros2_ws/src/install/turtle_controller_interfaces/include/turtle_controller_interfaces/turtle_controller_interfaces/srv
[4.254s] -- Up-to-date: /home/rony/Documents/inmind/Session09/ros2_ws/src/install/turtle_controller_interfaces/include/turtle_controller_interfaces/turtle_controller_interfaces/srv/detail
[4.254s] -- Up-to-date: /home/rony/Documents/inmind/Session09/ros2_ws/src/install/turtle_controller_interfaces/include/turtle_controller_interfaces/turtle_controller_interfaces/srv/detail/dds_fastrtps
[4.255s] -- Installing: /home/rony/Documents/inmind/Session09/ros2_ws/src/install/turtle_controller_interfaces/include/turtle_controller_interfaces/turtle_controller_interfaces/srv/detail/find_closest_wall__rosidl_typesupport_fastrtps_cpp.hpp
[4.255s] -- Installing: /home/rony/Documents/inmind/Session09/ros2_ws/src/install/turtle_controller_interfaces/lib/libturtle_controller_interfaces__rosidl_typesupport_fastrtps_cpp.so
[4.255s] -- Set runtime path of "/home/rony/Documents/inmind/Session09/ros2_ws/src/install/turtle_controller_interfaces/lib/libturtle_controller_interfaces__rosidl_typesupport_fastrtps_cpp.so" to ""
[4.255s] -- Up-to-date: /home/rony/Documents/inmind/Session09/ros2_ws/src/install/turtle_controller_interfaces/include/turtle_controller_interfaces/turtle_controller_interfaces
[4.255s] -- Up-to-date: /home/rony/Documents/inmind/Session09/ros2_ws/src/install/turtle_controller_interfaces/include/turtle_controller_interfaces/turtle_controller_interfaces/action
[4.255s] -- Up-to-date: /home/rony/Documents/inmind/Session09/ros2_ws/src/install/turtle_controller_interfaces/include/turtle_controller_interfaces/turtle_controller_interfaces/action/detail
[4.255s] -- Installing: /home/rony/Documents/inmind/Session09/ros2_ws/src/install/turtle_controller_interfaces/include/turtle_controller_interfaces/turtle_controller_interfaces/action/detail/measure_lap_time__type_support.cpp
[4.255s] -- Installing: /home/rony/Documents/inmind/Session09/ros2_ws/src/install/turtle_controller_interfaces/include/turtle_controller_interfaces/turtle_controller_interfaces/action/detail/measure_lap_time__rosidl_typesupport_introspection_cpp.hpp
[4.255s] -- Up-to-date: /home/rony/Documents/inmind/Session09/ros2_ws/src/install/turtle_controller_interfaces/include/turtle_controller_interfaces/turtle_controller_interfaces/srv
[4.255s] -- Up-to-date: /home/rony/Documents/inmind/Session09/ros2_ws/src/install/turtle_controller_interfaces/include/turtle_controller_interfaces/turtle_controller_interfaces/srv/detail
[4.256s] -- Installing: /home/rony/Documents/inmind/Session09/ros2_ws/src/install/turtle_controller_interfaces/include/turtle_controller_interfaces/turtle_controller_interfaces/srv/detail/find_closest_wall__rosidl_typesupport_introspection_cpp.hpp
[4.256s] -- Installing: /home/rony/Documents/inmind/Session09/ros2_ws/src/install/turtle_controller_interfaces/include/turtle_controller_interfaces/turtle_controller_interfaces/srv/detail/find_closest_wall__type_support.cpp
[4.256s] -- Installing: /home/rony/Documents/inmind/Session09/ros2_ws/src/install/turtle_controller_interfaces/lib/libturtle_controller_interfaces__rosidl_typesupport_introspection_cpp.so
[4.256s] -- Set runtime path of "/home/rony/Documents/inmind/Session09/ros2_ws/src/install/turtle_controller_interfaces/lib/libturtle_controller_interfaces__rosidl_typesupport_introspection_cpp.so" to ""
[4.256s] -- Installing: /home/rony/Documents/inmind/Session09/ros2_ws/src/install/turtle_controller_interfaces/lib/libturtle_controller_interfaces__rosidl_typesupport_cpp.so
[4.257s] -- Set runtime path of "/home/rony/Documents/inmind/Session09/ros2_ws/src/install/turtle_controller_interfaces/lib/libturtle_controller_interfaces__rosidl_typesupport_cpp.so" to ""
[4.257s] -- Up-to-date: /home/rony/Documents/inmind/Session09/ros2_ws/src/install/turtle_controller_interfaces/share/turtle_controller_interfaces/environment/pythonpath.sh
[4.257s] -- Installing: /home/rony/Documents/inmind/Session09/ros2_ws/src/install/turtle_controller_interfaces/share/turtle_controller_interfaces/environment/pythonpath.dsv
[4.257s] -- Up-to-date: /home/rony/Documents/inmind/Session09/ros2_ws/src/install/turtle_controller_interfaces/local/lib/python3.10/dist-packages/turtle_controller_interfaces-0.0.0-py3.10.egg-info
[4.257s] -- Installing: /home/rony/Documents/inmind/Session09/ros2_ws/src/install/turtle_controller_interfaces/local/lib/python3.10/dist-packages/turtle_controller_interfaces-0.0.0-py3.10.egg-info/SOURCES.txt
[4.257s] -- Installing: /home/rony/Documents/inmind/Session09/ros2_ws/src/install/turtle_controller_interfaces/local/lib/python3.10/dist-packages/turtle_controller_interfaces-0.0.0-py3.10.egg-info/dependency_links.txt
[4.257s] -- Installing: /home/rony/Documents/inmind/Session09/ros2_ws/src/install/turtle_controller_interfaces/local/lib/python3.10/dist-packages/turtle_controller_interfaces-0.0.0-py3.10.egg-info/PKG-INFO
[4.257s] -- Installing: /home/rony/Documents/inmind/Session09/ros2_ws/src/install/turtle_controller_interfaces/local/lib/python3.10/dist-packages/turtle_controller_interfaces-0.0.0-py3.10.egg-info/top_level.txt
[4.257s] -- Up-to-date: /home/rony/Documents/inmind/Session09/ros2_ws/src/install/turtle_controller_interfaces/local/lib/python3.10/dist-packages/turtle_controller_interfaces
[4.257s] -- Installing: /home/rony/Documents/inmind/Session09/ros2_ws/src/install/turtle_controller_interfaces/local/lib/python3.10/dist-packages/turtle_controller_interfaces/turtle_controller_interfaces_s__rosidl_typesupport_fastrtps_c.cpython-310-x86_64-linux-gnu.so
[4.258s] -- Installing: /home/rony/Documents/inmind/Session09/ros2_ws/src/install/turtle_controller_interfaces/local/lib/python3.10/dist-packages/turtle_controller_interfaces/_turtle_controller_interfaces_s.ep.rosidl_typesupport_introspection_c.c
[4.258s] -- Installing: /home/rony/Documents/inmind/Session09/ros2_ws/src/install/turtle_controller_interfaces/local/lib/python3.10/dist-packages/turtle_controller_interfaces/__init__.py
[4.258s] -- Installing: /home/rony/Documents/inmind/Session09/ros2_ws/src/install/turtle_controller_interfaces/local/lib/python3.10/dist-packages/turtle_controller_interfaces/turtle_controller_interfaces_s__rosidl_typesupport_introspection_c.cpython-310-x86_64-linux-gnu.so
[4.258s] -- Installing: /home/rony/Documents/inmind/Session09/ros2_ws/src/install/turtle_controller_interfaces/local/lib/python3.10/dist-packages/turtle_controller_interfaces/_turtle_controller_interfaces_s.ep.rosidl_typesupport_fastrtps_c.c
[4.258s] -- Installing: /home/rony/Documents/inmind/Session09/ros2_ws/src/install/turtle_controller_interfaces/local/lib/python3.10/dist-packages/turtle_controller_interfaces/libturtle_controller_interfaces__rosidl_generator_py.so
[4.258s] -- Up-to-date: /home/rony/Documents/inmind/Session09/ros2_ws/src/install/turtle_controller_interfaces/local/lib/python3.10/dist-packages/turtle_controller_interfaces/action
[4.258s] -- Installing: /home/rony/Documents/inmind/Session09/ros2_ws/src/install/turtle_controller_interfaces/local/lib/python3.10/dist-packages/turtle_controller_interfaces/action/_measure_lap_time_s.c
[4.259s] -- Installing: /home/rony/Documents/inmind/Session09/ros2_ws/src/install/turtle_controller_interfaces/local/lib/python3.10/dist-packages/turtle_controller_interfaces/action/__init__.py
[4.259s] -- Installing: /home/rony/Documents/inmind/Session09/ros2_ws/src/install/turtle_controller_interfaces/local/lib/python3.10/dist-packages/turtle_controller_interfaces/action/_measure_lap_time.py
[4.259s] -- Installing: /home/rony/Documents/inmind/Session09/ros2_ws/src/install/turtle_controller_interfaces/local/lib/python3.10/dist-packages/turtle_controller_interfaces/turtle_controller_interfaces_s__rosidl_typesupport_c.cpython-310-x86_64-linux-gnu.so
[4.259s] -- Installing: /home/rony/Documents/inmind/Session09/ros2_ws/src/install/turtle_controller_interfaces/local/lib/python3.10/dist-packages/turtle_controller_interfaces/_turtle_controller_interfaces_s.ep.rosidl_typesupport_c.c
[4.259s] -- Up-to-date: /home/rony/Documents/inmind/Session09/ros2_ws/src/install/turtle_controller_interfaces/local/lib/python3.10/dist-packages/turtle_controller_interfaces/srv
[4.259s] -- Installing: /home/rony/Documents/inmind/Session09/ros2_ws/src/install/turtle_controller_interfaces/local/lib/python3.10/dist-packages/turtle_controller_interfaces/srv/__init__.py
[4.259s] -- Installing: /home/rony/Documents/inmind/Session09/ros2_ws/src/install/turtle_controller_interfaces/local/lib/python3.10/dist-packages/turtle_controller_interfaces/srv/_find_closest_wall.py
[4.259s] -- Installing: /home/rony/Documents/inmind/Session09/ros2_ws/src/install/turtle_controller_interfaces/local/lib/python3.10/dist-packages/turtle_controller_interfaces/srv/_find_closest_wall_s.c
[4.293s] Listing '/home/rony/Documents/inmind/Session09/ros2_ws/src/install/turtle_controller_interfaces/local/lib/python3.10/dist-packages/turtle_controller_interfaces'...
[4.293s] Compiling '/home/rony/Documents/inmind/Session09/ros2_ws/src/install/turtle_controller_interfaces/local/lib/python3.10/dist-packages/turtle_controller_interfaces/__init__.py'...
[4.293s] Listing '/home/rony/Documents/inmind/Session09/ros2_ws/src/install/turtle_controller_interfaces/local/lib/python3.10/dist-packages/turtle_controller_interfaces/action'...
[4.293s] Compiling '/home/rony/Documents/inmind/Session09/ros2_ws/src/install/turtle_controller_interfaces/local/lib/python3.10/dist-packages/turtle_controller_interfaces/action/__init__.py'...
[4.293s] Compiling '/home/rony/Documents/inmind/Session09/ros2_ws/src/install/turtle_controller_interfaces/local/lib/python3.10/dist-packages/turtle_controller_interfaces/action/_measure_lap_time.py'...
[4.294s] Listing '/home/rony/Documents/inmind/Session09/ros2_ws/src/install/turtle_controller_interfaces/local/lib/python3.10/dist-packages/turtle_controller_interfaces/srv'...
[4.294s] Compiling '/home/rony/Documents/inmind/Session09/ros2_ws/src/install/turtle_controller_interfaces/local/lib/python3.10/dist-packages/turtle_controller_interfaces/srv/__init__.py'...
[4.294s] Compiling '/home/rony/Documents/inmind/Session09/ros2_ws/src/install/turtle_controller_interfaces/local/lib/python3.10/dist-packages/turtle_controller_interfaces/srv/_find_closest_wall.py'...
[4.297s] -- Installing: /home/rony/Documents/inmind/Session09/ros2_ws/src/install/turtle_controller_interfaces/local/lib/python3.10/dist-packages/turtle_controller_interfaces/turtle_controller_interfaces_s__rosidl_typesupport_fastrtps_c.cpython-310-x86_64-linux-gnu.so
[4.297s] -- Set runtime path of "/home/rony/Documents/inmind/Session09/ros2_ws/src/install/turtle_controller_interfaces/local/lib/python3.10/dist-packages/turtle_controller_interfaces/turtle_controller_interfaces_s__rosidl_typesupport_fastrtps_c.cpython-310-x86_64-linux-gnu.so" to ""
[4.298s] -- Installing: /home/rony/Documents/inmind/Session09/ros2_ws/src/install/turtle_controller_interfaces/local/lib/python3.10/dist-packages/turtle_controller_interfaces/turtle_controller_interfaces_s__rosidl_typesupport_introspection_c.cpython-310-x86_64-linux-gnu.so
[4.298s] -- Set runtime path of "/home/rony/Documents/inmind/Session09/ros2_ws/src/install/turtle_controller_interfaces/local/lib/python3.10/dist-packages/turtle_controller_interfaces/turtle_controller_interfaces_s__rosidl_typesupport_introspection_c.cpython-310-x86_64-linux-gnu.so" to ""
[4.298s] -- Installing: /home/rony/Documents/inmind/Session09/ros2_ws/src/install/turtle_controller_interfaces/local/lib/python3.10/dist-packages/turtle_controller_interfaces/turtle_controller_interfaces_s__rosidl_typesupport_c.cpython-310-x86_64-linux-gnu.so
[4.298s] -- Set runtime path of "/home/rony/Documents/inmind/Session09/ros2_ws/src/install/turtle_controller_interfaces/local/lib/python3.10/dist-packages/turtle_controller_interfaces/turtle_controller_interfaces_s__rosidl_typesupport_c.cpython-310-x86_64-linux-gnu.so" to ""
[4.298s] -- Installing: /home/rony/Documents/inmind/Session09/ros2_ws/src/install/turtle_controller_interfaces/lib/libturtle_controller_interfaces__rosidl_generator_py.so
[4.299s] -- Set runtime path of "/home/rony/Documents/inmind/Session09/ros2_ws/src/install/turtle_controller_interfaces/lib/libturtle_controller_interfaces__rosidl_generator_py.so" to ""
[4.299s] -- Up-to-date: /home/rony/Documents/inmind/Session09/ros2_ws/src/install/turtle_controller_interfaces/share/turtle_controller_interfaces/action/MeasureLapTime.idl
[4.299s] -- Installing: /home/rony/Documents/inmind/Session09/ros2_ws/src/install/turtle_controller_interfaces/share/turtle_controller_interfaces/srv/FindClosestWall.idl
[4.299s] -- Up-to-date: /home/rony/Documents/inmind/Session09/ros2_ws/src/install/turtle_controller_interfaces/share/turtle_controller_interfaces/action/MeasureLapTime.action
[4.299s] -- Installing: /home/rony/Documents/inmind/Session09/ros2_ws/src/install/turtle_controller_interfaces/share/turtle_controller_interfaces/srv/FindClosestWall.srv
[4.299s] -- Up-to-date: /home/rony/Documents/inmind/Session09/ros2_ws/src/install/turtle_controller_interfaces/share/turtle_controller_interfaces/srv/FindClosestWall_Request.msg
[4.299s] -- Installing: /home/rony/Documents/inmind/Session09/ros2_ws/src/install/turtle_controller_interfaces/share/turtle_controller_interfaces/srv/FindClosestWall_Response.msg
[4.299s] -- Up-to-date: /home/rony/Documents/inmind/Session09/ros2_ws/src/install/turtle_controller_interfaces/share/ament_index/resource_index/package_run_dependencies/turtle_controller_interfaces
[4.299s] -- Installing: /home/rony/Documents/inmind/Session09/ros2_ws/src/install/turtle_controller_interfaces/share/ament_index/resource_index/parent_prefix_path/turtle_controller_interfaces
[4.300s] -- Up-to-date: /home/rony/Documents/inmind/Session09/ros2_ws/src/install/turtle_controller_interfaces/share/turtle_controller_interfaces/environment/ament_prefix_path.sh
[4.300s] -- Installing: /home/rony/Documents/inmind/Session09/ros2_ws/src/install/turtle_controller_interfaces/share/turtle_controller_interfaces/environment/ament_prefix_path.dsv
[4.300s] -- Up-to-date: /home/rony/Documents/inmind/Session09/ros2_ws/src/install/turtle_controller_interfaces/share/turtle_controller_interfaces/environment/path.sh
[4.300s] -- Installing: /home/rony/Documents/inmind/Session09/ros2_ws/src/install/turtle_controller_interfaces/share/turtle_controller_interfaces/environment/path.dsv
[4.300s] -- Up-to-date: /home/rony/Documents/inmind/Session09/ros2_ws/src/install/turtle_controller_interfaces/share/turtle_controller_interfaces/local_setup.bash
[4.300s] -- Up-to-date: /home/rony/Documents/inmind/Session09/ros2_ws/src/install/turtle_controller_interfaces/share/turtle_controller_interfaces/local_setup.sh
[4.300s] -- Up-to-date: /home/rony/Documents/inmind/Session09/ros2_ws/src/install/turtle_controller_interfaces/share/turtle_controller_interfaces/local_setup.zsh
[4.300s] -- Installing: /home/rony/Documents/inmind/Session09/ros2_ws/src/install/turtle_controller_interfaces/share/turtle_controller_interfaces/local_setup.dsv
[4.300s] -- Installing: /home/rony/Documents/inmind/Session09/ros2_ws/src/install/turtle_controller_interfaces/share/turtle_controller_interfaces/package.dsv
[4.301s] -- Up-to-date: /home/rony/Documents/inmind/Session09/ros2_ws/src/install/turtle_controller_interfaces/share/ament_index/resource_index/packages/turtle_controller_interfaces
[4.301s] -- Up-to-date: /home/rony/Documents/inmind/Session09/ros2_ws/src/install/turtle_controller_interfaces/share/turtle_controller_interfaces/cmake/export_turtle_controller_interfaces__rosidl_generator_cExport.cmake
[4.301s] -- Up-to-date: /home/rony/Documents/inmind/Session09/ros2_ws/src/install/turtle_controller_interfaces/share/turtle_controller_interfaces/cmake/export_turtle_controller_interfaces__rosidl_generator_cExport-noconfig.cmake
[4.301s] -- Up-to-date: /home/rony/Documents/inmind/Session09/ros2_ws/src/install/turtle_controller_interfaces/share/turtle_controller_interfaces/cmake/export_turtle_controller_interfaces__rosidl_typesupport_fastrtps_cExport.cmake
[4.301s] -- Up-to-date: /home/rony/Documents/inmind/Session09/ros2_ws/src/install/turtle_controller_interfaces/share/turtle_controller_interfaces/cmake/export_turtle_controller_interfaces__rosidl_typesupport_fastrtps_cExport-noconfig.cmake
[4.301s] -- Up-to-date: /home/rony/Documents/inmind/Session09/ros2_ws/src/install/turtle_controller_interfaces/share/turtle_controller_interfaces/cmake/turtle_controller_interfaces__rosidl_typesupport_introspection_cExport.cmake
[4.301s] -- Up-to-date: /home/rony/Documents/inmind/Session09/ros2_ws/src/install/turtle_controller_interfaces/share/turtle_controller_interfaces/cmake/turtle_controller_interfaces__rosidl_typesupport_introspection_cExport-noconfig.cmake
[4.301s] -- Up-to-date: /home/rony/Documents/inmind/Session09/ros2_ws/src/install/turtle_controller_interfaces/share/turtle_controller_interfaces/cmake/turtle_controller_interfaces__rosidl_typesupport_cExport.cmake
[4.301s] -- Up-to-date: /home/rony/Documents/inmind/Session09/ros2_ws/src/install/turtle_controller_interfaces/share/turtle_controller_interfaces/cmake/turtle_controller_interfaces__rosidl_typesupport_cExport-noconfig.cmake
[4.301s] -- Up-to-date: /home/rony/Documents/inmind/Session09/ros2_ws/src/install/turtle_controller_interfaces/share/turtle_controller_interfaces/cmake/export_turtle_controller_interfaces__rosidl_generator_cppExport.cmake
[4.301s] -- Up-to-date: /home/rony/Documents/inmind/Session09/ros2_ws/src/install/turtle_controller_interfaces/share/turtle_controller_interfaces/cmake/export_turtle_controller_interfaces__rosidl_typesupport_fastrtps_cppExport.cmake
[4.301s] -- Up-to-date: /home/rony/Documents/inmind/Session09/ros2_ws/src/install/turtle_controller_interfaces/share/turtle_controller_interfaces/cmake/export_turtle_controller_interfaces__rosidl_typesupport_fastrtps_cppExport-noconfig.cmake
[4.301s] -- Up-to-date: /home/rony/Documents/inmind/Session09/ros2_ws/src/install/turtle_controller_interfaces/share/turtle_controller_interfaces/cmake/turtle_controller_interfaces__rosidl_typesupport_introspection_cppExport.cmake
[4.302s] -- Up-to-date: /home/rony/Documents/inmind/Session09/ros2_ws/src/install/turtle_controller_interfaces/share/turtle_controller_interfaces/cmake/turtle_controller_interfaces__rosidl_typesupport_introspection_cppExport-noconfig.cmake
[4.302s] -- Up-to-date: /home/rony/Documents/inmind/Session09/ros2_ws/src/install/turtle_controller_interfaces/share/turtle_controller_interfaces/cmake/turtle_controller_interfaces__rosidl_typesupport_cppExport.cmake
[4.302s] -- Up-to-date: /home/rony/Documents/inmind/Session09/ros2_ws/src/install/turtle_controller_interfaces/share/turtle_controller_interfaces/cmake/turtle_controller_interfaces__rosidl_typesupport_cppExport-noconfig.cmake
[4.302s] -- Up-to-date: /home/rony/Documents/inmind/Session09/ros2_ws/src/install/turtle_controller_interfaces/share/turtle_controller_interfaces/cmake/export_turtle_controller_interfaces__rosidl_generator_pyExport.cmake
[4.302s] -- Up-to-date: /home/rony/Documents/inmind/Session09/ros2_ws/src/install/turtle_controller_interfaces/share/turtle_controller_interfaces/cmake/export_turtle_controller_interfaces__rosidl_generator_pyExport-noconfig.cmake
[4.302s] -- Up-to-date: /home/rony/Documents/inmind/Session09/ros2_ws/src/install/turtle_controller_interfaces/share/turtle_controller_interfaces/cmake/rosidl_cmake-extras.cmake
[4.302s] -- Up-to-date: /home/rony/Documents/inmind/Session09/ros2_ws/src/install/turtle_controller_interfaces/share/turtle_controller_interfaces/cmake/ament_cmake_export_dependencies-extras.cmake
[4.302s] -- Up-to-date: /home/rony/Documents/inmind/Session09/ros2_ws/src/install/turtle_controller_interfaces/share/turtle_controller_interfaces/cmake/ament_cmake_export_include_directories-extras.cmake
[4.302s] -- Up-to-date: /home/rony/Documents/inmind/Session09/ros2_ws/src/install/turtle_controller_interfaces/share/turtle_controller_interfaces/cmake/ament_cmake_export_libraries-extras.cmake
[4.302s] -- Up-to-date: /home/rony/Documents/inmind/Session09/ros2_ws/src/install/turtle_controller_interfaces/share/turtle_controller_interfaces/cmake/ament_cmake_export_targets-extras.cmake
[4.302s] -- Up-to-date: /home/rony/Documents/inmind/Session09/ros2_ws/src/install/turtle_controller_interfaces/share/turtle_controller_interfaces/cmake/rosidl_cmake_export_typesupport_targets-extras.cmake
[4.302s] -- Up-to-date: /home/rony/Documents/inmind/Session09/ros2_ws/src/install/turtle_controller_interfaces/share/turtle_controller_interfaces/cmake/rosidl_cmake_export_typesupport_libraries-extras.cmake
[4.302s] -- Up-to-date: /home/rony/Documents/inmind/Session09/ros2_ws/src/install/turtle_controller_interfaces/share/turtle_controller_interfaces/cmake/turtle_controller_interfacesConfig.cmake
[4.302s] -- Up-to-date: /home/rony/Documents/inmind/Session09/ros2_ws/src/install/turtle_controller_interfaces/share/turtle_controller_interfaces/cmake/turtle_controller_interfacesConfig-version.cmake
[4.302s] -- Up-to-date: /home/rony/Documents/inmind/Session09/ros2_ws/src/install/turtle_controller_interfaces/share/turtle_controller_interfaces/package.xml
[4.304s] Invoked command in '/home/rony/Documents/inmind/Session09/ros2_ws/src/build/turtle_controller_interfaces' returned '0': CMAKE_PREFIX_PATH=${CMAKE_PREFIX_PATH}:/opt/ros/humble /usr/bin/cmake --install /home/rony/Documents/inmind/Session09/ros2_ws/src/build/turtle_controller_interfaces
