[0.009s] Invoking command in '/home/rony/Documents/inmind/Session09/ros2_ws/src/build/session_09': CMAKE_PREFIX_PATH=${CMAKE_PREFIX_PATH}:/opt/ros/humble /usr/bin/cmake --build /home/rony/Documents/inmind/Session09/ros2_ws/src/build/session_09 -- -j8 -l8
[0.042s] [35m[1mConsolidate compiler generated dependencies of target lap_timer_client[0m
[0.044s] [35m[1mConsolidate compiler generated dependencies of target lap_timer_server[0m
[0.054s] [ 33%] Built target driver
[0.058s] [ 50%] [32mBuilding CXX object CMakeFiles/lap_timer_client.dir/src/lap_time_action_cli.cpp.o[0m
[0.058s] [ 83%] Built target lap_timer_server
[2.094s] [01m[K/home/rony/Documents/inmind/Session09/ros2_ws/src/session_09/src/lap_time_action_cli.cpp:[m[K In member function ‘[01m[Kvoid LapTimeActionClient::send_goal()[m[K’:
[2.095s] [01m[K/home/rony/Documents/inmind/Session09/ros2_ws/src/session_09/src/lap_time_action_cli.cpp:43:55:[m[K [01;31m[Kerror: [m[Kno matching function for call to ‘[01m[Krclcpp_action::Client<turtle_controller_interfaces::action::MeasureLapTime>::async_send_goal(turtle_controller_interfaces::action::MeasureLapTime_Goal_<std::allocator<void> >&, rclcpp_action::Client<turtle_controller_interfaces::action::MeasureLapTime>::SendGoalOptions, std::_Bind_helper<false, void (LapTimeActionClient::*)(std::future<std::shared_ptr<rclcpp_action::ClientGoalHandle<turtle_controller_interfaces::action::MeasureLapTime> > >), LapTimeActionClient*, const std::_Placeholder<1>&>::type, std::_Bind_helper<false, void (LapTimeActionClient::*)(std::shared_ptr<rclcpp_action::ClientGoalHandle<turtle_controller_interfaces::action::MeasureLapTime> >, std::shared_ptr<const turtle_controller_interfaces::action::MeasureLapTime_Feedback_<std::allocator<void> > >), LapTimeActionClient*, const std::_Placeholder<1>&, const std::_Placeholder<2>&>::type, std::_Bind_helper<false, void (LapTimeActionClient::*)(const rclcpp_action::ClientGoalHandle<turtle_controller_interfaces::action::MeasureLapTime>::WrappedResult&), LapTimeActionClient*, const std::_Placeholder<1>&>::type)[m[K’
[2.095s]    43 |     auto goal_handle_future = [01;31m[Kclient_->async_send_goal([m[K
[2.095s]       |                               [01;31m[K~~~~~~~~~~~~~~~~~~~~~~~~^[m[K
[2.095s]    44 | [01;31m[K      goal_msg,[m[K
[2.095s]       |       [01;31m[K~~~~~~~~~[m[K                                        
[2.095s]    45 | [01;31m[K      rclcpp_action::Client<MeasureLapTime>::SendGoalOptions(),[m[K
[2.095s]       |       [01;31m[K~~~~~~~~~~~~~~~~~~~~~~~~~~~~~~~~~~~~~~~~~~~~~~~~~~~~~~~~~[m[K
[2.095s]    46 | [01;31m[K      std::bind(&LapTimeActionClient::goal_response_callback, this, std::placeholders::_1),[m[K
[2.095s]       |       [01;31m[K~~~~~~~~~~~~~~~~~~~~~~~~~~~~~~~~~~~~~~~~~~~~~~~~~~~~~~~~~~~~~~~~~~~~~~~~~~~~~~~~~~~~~[m[K
[2.095s]    47 | [01;31m[K      std::bind(&LapTimeActionClient::feedback_callback, this, std::placeholders::_1, std::placeholders::_2),[m[K
[2.095s]       |       [01;31m[K~~~~~~~~~~~~~~~~~~~~~~~~~~~~~~~~~~~~~~~~~~~~~~~~~~~~~~~~~~~~~~~~~~~~~~~~~~~~~~~~~~~~~~~~~~~~~~~~~~~~~~~[m[K
[2.095s]    48 | [01;31m[K      std::bind(&LapTimeActionClient::result_callback, this, std::placeholders::_1))[m[K;
[2.095s]       |       [01;31m[K~~~~~~~~~~~~~~~~~~~~~~~~~~~~~~~~~~~~~~~~~~~~~~~~~~~~~~~~~~~~~~~~~~~~~~~~~~~~~~[m[K
[2.095s] In file included from [01m[K/opt/ros/humble/include/rclcpp_action/rclcpp_action/rclcpp_action.hpp:36[m[K,
[2.095s]                  from [01m[K/home/rony/Documents/inmind/Session09/ros2_ws/src/session_09/src/lap_time_action_cli.cpp:6[m[K:
[2.095s] [01m[K/opt/ros/humble/include/rclcpp_action/rclcpp_action/client.hpp:422:3:[m[K [01;36m[Knote: [m[Kcandidate: ‘[01m[Kstd::shared_future<typename rclcpp_action::ClientGoalHandle<ActionT>::SharedPtr> rclcpp_action::Client<ActionT>::async_send_goal(const Goal&, const rclcpp_action::Client<ActionT>::SendGoalOptions&) [with ActionT = turtle_controller_interfaces::action::MeasureLapTime; typename rclcpp_action::ClientGoalHandle<ActionT>::SharedPtr = std::shared_ptr<rclcpp_action::ClientGoalHandle<turtle_controller_interfaces::action::MeasureLapTime> >; rclcpp_action::Client<ActionT>::Goal = turtle_controller_interfaces::action::MeasureLapTime_Goal_<std::allocator<void> >][m[K’
[2.095s]   422 |   [01;36m[Kasync_send_goal[m[K(const Goal & goal, const SendGoalOptions & options = SendGoalOptions())
[2.095s]       |   [01;36m[K^~~~~~~~~~~~~~~[m[K
[2.095s] [01m[K/opt/ros/humble/include/rclcpp_action/rclcpp_action/client.hpp:422:3:[m[K [01;36m[Knote: [m[K  candidate expects 2 arguments, 5 provided
[2.622s] gmake[2]: *** [CMakeFiles/lap_timer_client.dir/build.make:76: CMakeFiles/lap_timer_client.dir/src/lap_time_action_cli.cpp.o] Error 1
[2.622s] gmake[1]: *** [CMakeFiles/Makefile2:193: CMakeFiles/lap_timer_client.dir/all] Error 2
[2.622s] gmake: *** [Makefile:146: all] Error 2
[2.624s] Invoked command in '/home/rony/Documents/inmind/Session09/ros2_ws/src/build/session_09' returned '2': CMAKE_PREFIX_PATH=${CMAKE_PREFIX_PATH}:/opt/ros/humble /usr/bin/cmake --build /home/rony/Documents/inmind/Session09/ros2_ws/src/build/session_09 -- -j8 -l8
