[0.089s] DEBUG:colcon:Command line arguments: ['/usr/bin/colcon', 'build']
[0.090s] DEBUG:colcon:Parsed command line arguments: Namespace(log_base=None, log_level=None, verb_name='build', build_base='build', install_base='install', merge_install=False, symlink_install=False, test_result_base=None, continue_on_error=False, executor='parallel', parallel_workers=8, event_handlers=None, ignore_user_meta=False, metas=['./colcon.meta'], base_paths=['.'], packages_ignore=None, packages_ignore_regex=None, paths=None, packages_up_to=None, packages_up_to_regex=None, packages_above=None, packages_above_and_dependencies=None, packages_above_depth=None, packages_select_by_dep=None, packages_skip_by_dep=None, packages_skip_up_to=None, packages_select_build_failed=False, packages_skip_build_finished=False, packages_select_test_failures=False, packages_skip_test_passed=False, packages_select=None, packages_skip=None, packages_select_regex=None, packages_skip_regex=None, packages_start=None, packages_end=None, allow_overriding=[], cmake_args=None, cmake_target=None, cmake_target_skip_unavailable=False, cmake_clean_cache=False, cmake_clean_first=False, cmake_force_configure=False, ament_cmake_args=None, catkin_cmake_args=None, catkin_skip_building_tests=False, verb_parser=<colcon_defaults.argument_parser.defaults.DefaultArgumentsDecorator object at 0x70b941318550>, verb_extension=<colcon_core.verb.build.BuildVerb object at 0x70b9412e7f10>, main=<bound method BuildVerb.main of <colcon_core.verb.build.BuildVerb object at 0x70b9412e7f10>>)
[0.124s] Level 1:colcon.colcon_core.package_discovery:discover_packages(colcon_meta) check parameters
[0.124s] Level 1:colcon.colcon_core.package_discovery:discover_packages(recursive) check parameters
[0.124s] Level 1:colcon.colcon_core.package_discovery:discover_packages(ignore) check parameters
[0.124s] Level 1:colcon.colcon_core.package_discovery:discover_packages(path) check parameters
[0.124s] Level 1:colcon.colcon_core.package_discovery:discover_packages(colcon_meta) discover
[0.124s] Level 1:colcon.colcon_core.package_discovery:discover_packages(recursive) discover
[0.124s] INFO:colcon.colcon_core.package_discovery:Crawling recursively for packages in '/home/rony/Documents/inmind/Session09/ros2_ws/src'
[0.124s] Level 1:colcon.colcon_core.package_identification:_identify(.) by extensions ['ignore', 'ignore_ament_install']
[0.125s] Level 1:colcon.colcon_core.package_identification:_identify(.) by extension 'ignore'
[0.125s] Level 1:colcon.colcon_core.package_identification:_identify(.) by extension 'ignore_ament_install'
[0.125s] Level 1:colcon.colcon_core.package_identification:_identify(.) by extensions ['colcon_pkg']
[0.125s] Level 1:colcon.colcon_core.package_identification:_identify(.) by extension 'colcon_pkg'
[0.125s] Level 1:colcon.colcon_core.package_identification:_identify(.) by extensions ['colcon_meta']
[0.125s] Level 1:colcon.colcon_core.package_identification:_identify(.) by extension 'colcon_meta'
[0.125s] Level 1:colcon.colcon_core.package_identification:_identify(.) by extensions ['ros']
[0.125s] Level 1:colcon.colcon_core.package_identification:_identify(.) by extension 'ros'
[0.138s] Level 1:colcon.colcon_core.package_identification:_identify(.) by extensions ['cmake', 'python']
[0.138s] Level 1:colcon.colcon_core.package_identification:_identify(.) by extension 'cmake'
[0.138s] Level 1:colcon.colcon_core.package_identification:_identify(.) by extension 'python'
[0.138s] Level 1:colcon.colcon_core.package_identification:_identify(.) by extensions ['python_setup_py']
[0.138s] Level 1:colcon.colcon_core.package_identification:_identify(.) by extension 'python_setup_py'
[0.138s] Level 1:colcon.colcon_core.package_identification:_identify(build) by extensions ['ignore', 'ignore_ament_install']
[0.138s] Level 1:colcon.colcon_core.package_identification:_identify(build) by extension 'ignore'
[0.138s] Level 1:colcon.colcon_core.package_identification:_identify(build) ignored
[0.138s] Level 1:colcon.colcon_core.package_identification:_identify(install) by extensions ['ignore', 'ignore_ament_install']
[0.138s] Level 1:colcon.colcon_core.package_identification:_identify(install) by extension 'ignore'
[0.138s] Level 1:colcon.colcon_core.package_identification:_identify(install) ignored
[0.139s] Level 1:colcon.colcon_core.package_identification:_identify(log) by extensions ['ignore', 'ignore_ament_install']
[0.139s] Level 1:colcon.colcon_core.package_identification:_identify(log) by extension 'ignore'
[0.139s] Level 1:colcon.colcon_core.package_identification:_identify(log) ignored
[0.139s] Level 1:colcon.colcon_core.package_identification:_identify(session_09) by extensions ['ignore', 'ignore_ament_install']
[0.139s] Level 1:colcon.colcon_core.package_identification:_identify(session_09) by extension 'ignore'
[0.139s] Level 1:colcon.colcon_core.package_identification:_identify(session_09) by extension 'ignore_ament_install'
[0.139s] Level 1:colcon.colcon_core.package_identification:_identify(session_09) by extensions ['colcon_pkg']
[0.139s] Level 1:colcon.colcon_core.package_identification:_identify(session_09) by extension 'colcon_pkg'
[0.139s] Level 1:colcon.colcon_core.package_identification:_identify(session_09) by extensions ['colcon_meta']
[0.139s] Level 1:colcon.colcon_core.package_identification:_identify(session_09) by extension 'colcon_meta'
[0.139s] Level 1:colcon.colcon_core.package_identification:_identify(session_09) by extensions ['ros']
[0.139s] Level 1:colcon.colcon_core.package_identification:_identify(session_09) by extension 'ros'
[0.142s] DEBUG:colcon.colcon_core.package_identification:Package 'session_09' with type 'ros.ament_cmake' and name 'session_09'
[0.142s] Level 1:colcon.colcon_core.package_discovery:discover_packages(recursive) using defaults
[0.142s] Level 1:colcon.colcon_core.package_discovery:discover_packages(ignore) discover
[0.142s] Level 1:colcon.colcon_core.package_discovery:discover_packages(ignore) using defaults
[0.143s] Level 1:colcon.colcon_core.package_discovery:discover_packages(path) discover
[0.143s] Level 1:colcon.colcon_core.package_discovery:discover_packages(path) using defaults
[0.160s] Level 1:colcon.colcon_core.package_discovery:discover_packages(prefix_path) check parameters
[0.160s] Level 1:colcon.colcon_core.package_discovery:discover_packages(prefix_path) discover
[0.161s] DEBUG:colcon.colcon_installed_package_information.package_discovery:Found 1 installed packages in /home/rony/Documents/inmind/Session09/ros2_ws/src/install
[0.162s] DEBUG:colcon.colcon_installed_package_information.package_discovery:Found 2 installed packages in /home/rony/Documents/inmind/Session07/Rony-TurtleBot-Session7/ros2_ws/src/install
[0.162s] DEBUG:colcon.colcon_installed_package_information.package_discovery:Found 2 installed packages in /home/rony/Rony-TurtleBot-Session7/ros2_ws/src/install
[0.162s] DEBUG:colcon.colcon_installed_package_information.package_discovery:Found 1 installed packages in /home/rony/Documents/inmind/Session09/ros2_ws/install
[0.163s] DEBUG:colcon.colcon_installed_package_information.package_discovery:Found 278 installed packages in /opt/ros/humble
[0.165s] Level 1:colcon.colcon_core.package_discovery:discover_packages(prefix_path) using defaults
[0.201s] Level 5:colcon.colcon_core.verb:set package 'session_09' build argument 'cmake_args' from command line to 'None'
[0.202s] Level 5:colcon.colcon_core.verb:set package 'session_09' build argument 'cmake_target' from command line to 'None'
[0.202s] Level 5:colcon.colcon_core.verb:set package 'session_09' build argument 'cmake_target_skip_unavailable' from command line to 'False'
[0.202s] Level 5:colcon.colcon_core.verb:set package 'session_09' build argument 'cmake_clean_cache' from command line to 'False'
[0.202s] Level 5:colcon.colcon_core.verb:set package 'session_09' build argument 'cmake_clean_first' from command line to 'False'
[0.202s] Level 5:colcon.colcon_core.verb:set package 'session_09' build argument 'cmake_force_configure' from command line to 'False'
[0.202s] Level 5:colcon.colcon_core.verb:set package 'session_09' build argument 'ament_cmake_args' from command line to 'None'
[0.202s] Level 5:colcon.colcon_core.verb:set package 'session_09' build argument 'catkin_cmake_args' from command line to 'None'
[0.202s] Level 5:colcon.colcon_core.verb:set package 'session_09' build argument 'catkin_skip_building_tests' from command line to 'False'
[0.202s] DEBUG:colcon.colcon_core.verb:Building package 'session_09' with the following arguments: {'ament_cmake_args': None, 'build_base': '/home/rony/Documents/inmind/Session09/ros2_ws/src/build/session_09', 'catkin_cmake_args': None, 'catkin_skip_building_tests': False, 'cmake_args': None, 'cmake_clean_cache': False, 'cmake_clean_first': False, 'cmake_force_configure': False, 'cmake_target': None, 'cmake_target_skip_unavailable': False, 'install_base': '/home/rony/Documents/inmind/Session09/ros2_ws/src/install/session_09', 'merge_install': False, 'path': '/home/rony/Documents/inmind/Session09/ros2_ws/src/session_09', 'symlink_install': False, 'test_result_base': None}
[0.202s] INFO:colcon.colcon_core.executor:Executing jobs using 'parallel' executor
[0.203s] DEBUG:colcon.colcon_parallel_executor.executor.parallel:run_until_complete
[0.203s] INFO:colcon.colcon_ros.task.ament_cmake.build:Building ROS package in '/home/rony/Documents/inmind/Session09/ros2_ws/src/session_09' with build type 'ament_cmake'
[0.203s] INFO:colcon.colcon_cmake.task.cmake.build:Building CMake package in '/home/rony/Documents/inmind/Session09/ros2_ws/src/session_09'
[0.205s] INFO:colcon.colcon_core.plugin_system:Skipping extension 'colcon_core.shell.bat': Not used on non-Windows systems
[0.205s] INFO:colcon.colcon_core.shell:Skip shell extension 'powershell' for command environment: Not usable outside of PowerShell
[0.205s] DEBUG:colcon.colcon_core.shell:Skip shell extension 'dsv' for command environment
[0.214s] DEBUG:colcon.colcon_core.event_handler.log_command:Invoking command in '/home/rony/Documents/inmind/Session09/ros2_ws/src/build/session_09': CMAKE_PREFIX_PATH=${CMAKE_PREFIX_PATH}:/home/rony/Documents/inmind/Session07/Rony-TurtleBot-Session7/ros2_ws/src/install/turtle_controller:/home/rony/Rony-TurtleBot-Session7/ros2_ws/src/install/turtle_controller:/opt/ros/humble /usr/bin/cmake --build /home/rony/Documents/inmind/Session09/ros2_ws/src/build/session_09 -- -j8 -l8
[0.283s] DEBUG:colcon.colcon_core.event_handler.log_command:Invoked command in '/home/rony/Documents/inmind/Session09/ros2_ws/src/build/session_09' returned '0': CMAKE_PREFIX_PATH=${CMAKE_PREFIX_PATH}:/home/rony/Documents/inmind/Session07/Rony-TurtleBot-Session7/ros2_ws/src/install/turtle_controller:/home/rony/Rony-TurtleBot-Session7/ros2_ws/src/install/turtle_controller:/opt/ros/humble /usr/bin/cmake --build /home/rony/Documents/inmind/Session09/ros2_ws/src/build/session_09 -- -j8 -l8
[0.315s] DEBUG:colcon.colcon_core.event_handler.log_command:Invoking command in '/home/rony/Documents/inmind/Session09/ros2_ws/src/build/session_09': CMAKE_PREFIX_PATH=${CMAKE_PREFIX_PATH}:/home/rony/Documents/inmind/Session07/Rony-TurtleBot-Session7/ros2_ws/src/install/turtle_controller:/home/rony/Rony-TurtleBot-Session7/ros2_ws/src/install/turtle_controller:/opt/ros/humble /usr/bin/cmake --install /home/rony/Documents/inmind/Session09/ros2_ws/src/build/session_09
[0.326s] Level 1:colcon.colcon_core.environment:create_environment_scripts_only(session_09)
[0.327s] DEBUG:colcon.colcon_core.event_handler.log_command:Invoked command in '/home/rony/Documents/inmind/Session09/ros2_ws/src/build/session_09' returned '0': CMAKE_PREFIX_PATH=${CMAKE_PREFIX_PATH}:/home/rony/Documents/inmind/Session07/Rony-TurtleBot-Session7/ros2_ws/src/install/turtle_controller:/home/rony/Rony-TurtleBot-Session7/ros2_ws/src/install/turtle_controller:/opt/ros/humble /usr/bin/cmake --install /home/rony/Documents/inmind/Session09/ros2_ws/src/build/session_09
[0.331s] Level 1:colcon.colcon_core.environment:checking '/home/rony/Documents/inmind/Session09/ros2_ws/src/install/session_09' for CMake module files
[0.332s] Level 1:colcon.colcon_core.environment:checking '/home/rony/Documents/inmind/Session09/ros2_ws/src/install/session_09' for CMake config files
[0.332s] Level 1:colcon.colcon_core.shell:create_environment_hook('session_09', 'cmake_prefix_path')
[0.332s] INFO:colcon.colcon_core.shell:Creating environment hook '/home/rony/Documents/inmind/Session09/ros2_ws/src/install/session_09/share/session_09/hook/cmake_prefix_path.ps1'
[0.333s] INFO:colcon.colcon_core.shell:Creating environment descriptor '/home/rony/Documents/inmind/Session09/ros2_ws/src/install/session_09/share/session_09/hook/cmake_prefix_path.dsv'
[0.334s] INFO:colcon.colcon_core.shell:Creating environment hook '/home/rony/Documents/inmind/Session09/ros2_ws/src/install/session_09/share/session_09/hook/cmake_prefix_path.sh'
[0.335s] Level 1:colcon.colcon_core.environment:checking '/home/rony/Documents/inmind/Session09/ros2_ws/src/install/session_09/lib'
[0.336s] Level 1:colcon.colcon_core.environment:checking '/home/rony/Documents/inmind/Session09/ros2_ws/src/install/session_09/bin'
[0.336s] Level 1:colcon.colcon_core.environment:checking '/home/rony/Documents/inmind/Session09/ros2_ws/src/install/session_09/lib/pkgconfig/session_09.pc'
[0.336s] Level 1:colcon.colcon_core.environment:checking '/home/rony/Documents/inmind/Session09/ros2_ws/src/install/session_09/lib/python3.10/site-packages'
[0.336s] Level 1:colcon.colcon_core.environment:checking '/home/rony/Documents/inmind/Session09/ros2_ws/src/install/session_09/bin'
[0.337s] INFO:colcon.colcon_core.shell:Creating package script '/home/rony/Documents/inmind/Session09/ros2_ws/src/install/session_09/share/session_09/package.ps1'
[0.338s] INFO:colcon.colcon_core.shell:Creating package descriptor '/home/rony/Documents/inmind/Session09/ros2_ws/src/install/session_09/share/session_09/package.dsv'
[0.338s] INFO:colcon.colcon_core.shell:Creating package script '/home/rony/Documents/inmind/Session09/ros2_ws/src/install/session_09/share/session_09/package.sh'
[0.339s] INFO:colcon.colcon_core.shell:Creating package script '/home/rony/Documents/inmind/Session09/ros2_ws/src/install/session_09/share/session_09/package.bash'
[0.340s] INFO:colcon.colcon_core.shell:Creating package script '/home/rony/Documents/inmind/Session09/ros2_ws/src/install/session_09/share/session_09/package.zsh'
[0.340s] Level 1:colcon.colcon_core.environment:create_file_with_runtime_dependencies(/home/rony/Documents/inmind/Session09/ros2_ws/src/install/session_09/share/colcon-core/packages/session_09)
[0.384s] Level 1:colcon.colcon_core.environment:create_environment_scripts_only(session_09)
[0.384s] Level 1:colcon.colcon_core.environment:checking '/home/rony/Documents/inmind/Session09/ros2_ws/src/install/session_09' for CMake module files
[0.385s] Level 1:colcon.colcon_core.environment:checking '/home/rony/Documents/inmind/Session09/ros2_ws/src/install/session_09' for CMake config files
[0.385s] Level 1:colcon.colcon_core.shell:create_environment_hook('session_09', 'cmake_prefix_path')
[0.385s] INFO:colcon.colcon_core.shell:Creating environment hook '/home/rony/Documents/inmind/Session09/ros2_ws/src/install/session_09/share/session_09/hook/cmake_prefix_path.ps1'
[0.386s] INFO:colcon.colcon_core.shell:Creating environment descriptor '/home/rony/Documents/inmind/Session09/ros2_ws/src/install/session_09/share/session_09/hook/cmake_prefix_path.dsv'
[0.386s] INFO:colcon.colcon_core.shell:Creating environment hook '/home/rony/Documents/inmind/Session09/ros2_ws/src/install/session_09/share/session_09/hook/cmake_prefix_path.sh'
[0.387s] Level 1:colcon.colcon_core.environment:checking '/home/rony/Documents/inmind/Session09/ros2_ws/src/install/session_09/lib'
[0.387s] Level 1:colcon.colcon_core.environment:checking '/home/rony/Documents/inmind/Session09/ros2_ws/src/install/session_09/bin'
[0.388s] Level 1:colcon.colcon_core.environment:checking '/home/rony/Documents/inmind/Session09/ros2_ws/src/install/session_09/lib/pkgconfig/session_09.pc'
[0.389s] Level 1:colcon.colcon_core.environment:checking '/home/rony/Documents/inmind/Session09/ros2_ws/src/install/session_09/lib/python3.10/site-packages'
[0.389s] Level 1:colcon.colcon_core.environment:checking '/home/rony/Documents/inmind/Session09/ros2_ws/src/install/session_09/bin'
[0.390s] INFO:colcon.colcon_core.shell:Creating package script '/home/rony/Documents/inmind/Session09/ros2_ws/src/install/session_09/share/session_09/package.ps1'
[0.391s] INFO:colcon.colcon_core.shell:Creating package descriptor '/home/rony/Documents/inmind/Session09/ros2_ws/src/install/session_09/share/session_09/package.dsv'
[0.392s] INFO:colcon.colcon_core.shell:Creating package script '/home/rony/Documents/inmind/Session09/ros2_ws/src/install/session_09/share/session_09/package.sh'
[0.393s] INFO:colcon.colcon_core.shell:Creating package script '/home/rony/Documents/inmind/Session09/ros2_ws/src/install/session_09/share/session_09/package.bash'
[0.394s] INFO:colcon.colcon_core.shell:Creating package script '/home/rony/Documents/inmind/Session09/ros2_ws/src/install/session_09/share/session_09/package.zsh'
[0.394s] Level 1:colcon.colcon_core.environment:create_file_with_runtime_dependencies(/home/rony/Documents/inmind/Session09/ros2_ws/src/install/session_09/share/colcon-core/packages/session_09)
[0.394s] DEBUG:colcon.colcon_parallel_executor.executor.parallel:closing loop
[0.395s] DEBUG:colcon.colcon_parallel_executor.executor.parallel:loop closed
[0.395s] DEBUG:colcon.colcon_parallel_executor.executor.parallel:run_until_complete finished with '0'
[0.395s] DEBUG:colcon.colcon_core.event_reactor:joining thread
[0.404s] INFO:colcon.colcon_core.plugin_system:Skipping extension 'colcon_notification.desktop_notification.terminal_notifier': Not used on non-Darwin systems
[0.405s] INFO:colcon.colcon_core.plugin_system:Skipping extension 'colcon_notification.desktop_notification.win32': Not used on non-Windows systems
[0.405s] INFO:colcon.colcon_notification.desktop_notification:Sending desktop notification using 'notify2'
[0.420s] DEBUG:colcon.colcon_core.event_reactor:joined thread
[0.420s] INFO:colcon.colcon_core.shell:Creating prefix script '/home/rony/Documents/inmind/Session09/ros2_ws/src/install/local_setup.ps1'
[0.421s] INFO:colcon.colcon_core.shell:Creating prefix util module '/home/rony/Documents/inmind/Session09/ros2_ws/src/install/_local_setup_util_ps1.py'
[0.423s] INFO:colcon.colcon_core.shell:Creating prefix chain script '/home/rony/Documents/inmind/Session09/ros2_ws/src/install/setup.ps1'
[0.424s] INFO:colcon.colcon_core.shell:Creating prefix script '/home/rony/Documents/inmind/Session09/ros2_ws/src/install/local_setup.sh'
[0.425s] INFO:colcon.colcon_core.shell:Creating prefix util module '/home/rony/Documents/inmind/Session09/ros2_ws/src/install/_local_setup_util_sh.py'
[0.426s] INFO:colcon.colcon_core.shell:Creating prefix chain script '/home/rony/Documents/inmind/Session09/ros2_ws/src/install/setup.sh'
[0.428s] INFO:colcon.colcon_core.shell:Creating prefix script '/home/rony/Documents/inmind/Session09/ros2_ws/src/install/local_setup.bash'
[0.428s] INFO:colcon.colcon_core.shell:Creating prefix chain script '/home/rony/Documents/inmind/Session09/ros2_ws/src/install/setup.bash'
[0.430s] INFO:colcon.colcon_core.shell:Creating prefix script '/home/rony/Documents/inmind/Session09/ros2_ws/src/install/local_setup.zsh'
[0.431s] INFO:colcon.colcon_core.shell:Creating prefix chain script '/home/rony/Documents/inmind/Session09/ros2_ws/src/install/setup.zsh'
