[0.011s] Invoking command in '/home/rony/Documents/inmind/Session09/ros2_ws/src/build/turtle_controller_interfaces': CMAKE_PREFIX_PATH=/opt/ros/humble /usr/bin/cmake /home/rony/Documents/inmind/Session09/ros2_ws/src/turtle_controller_interfaces -DCMAKE_INSTALL_PREFIX=/home/rony/Documents/inmind/Session09/ros2_ws/src/install/turtle_controller_interfaces
[0.096s] -- The C compiler identification is GNU 11.4.0
[0.175s] -- The CXX compiler identification is GNU 11.4.0
[0.183s] -- Detecting C compiler ABI info
[0.238s] -- Detecting C compiler ABI info - done
[0.244s] -- Check for working C compiler: /usr/bin/cc - skipped
[0.244s] -- Detecting C compile features
[0.245s] -- Detecting C compile features - done
[0.247s] -- Detecting CXX compiler ABI info
[0.309s] -- Detecting CXX compiler ABI info - done
[0.314s] -- Check for working CXX compiler: /usr/bin/c++ - skipped
[0.315s] -- Detecting CXX compile features
[0.315s] -- Detecting CXX compile features - done
[0.320s] -- Found ament_cmake: 1.3.9 (/opt/ros/humble/share/ament_cmake/cmake)
[0.637s] -- Found Python3: /usr/bin/python3 (found version "3.10.12") found components: Interpreter 
[0.704s] -- Found rclpy: 3.3.13 (/opt/ros/humble/share/rclpy/cmake)
[0.705s] -- Found std_msgs: 4.2.4 (/opt/ros/humble/share/std_msgs/cmake)
[0.735s] -- Found rosidl_generator_c: 3.1.5 (/opt/ros/humble/share/rosidl_generator_c/cmake)
[0.740s] -- Found rosidl_adapter: 3.1.5 (/opt/ros/humble/share/rosidl_adapter/cmake)
[0.748s] -- Found rosidl_generator_cpp: 3.1.5 (/opt/ros/humble/share/rosidl_generator_cpp/cmake)
[0.762s] -- Using all available rosidl_typesupport_c: rosidl_typesupport_fastrtps_c;rosidl_typesupport_introspection_c
[0.776s] -- Using all available rosidl_typesupport_cpp: rosidl_typesupport_fastrtps_cpp;rosidl_typesupport_introspection_cpp
[0.826s] -- Found rosidl_default_generators: 1.2.0 (/opt/ros/humble/share/rosidl_default_generators/cmake)
[1.240s] -- Found ament_cmake_ros: 0.10.0 (/opt/ros/humble/share/ament_cmake_ros/cmake)
[1.686s] -- Using all available rosidl_typesupport_c: rosidl_typesupport_fastrtps_c;rosidl_typesupport_introspection_c
[1.855s] -- Using all available rosidl_typesupport_cpp: rosidl_typesupport_fastrtps_cpp;rosidl_typesupport_introspection_cpp
[1.878s] -- Found PythonInterp: /usr/bin/python3 (found suitable version "3.10.12", minimum required is "3.6") 
[1.880s] -- Found python_cmake_module: 0.10.0 (/opt/ros/humble/share/python_cmake_module/cmake)
[1.912s] -- Found PythonLibs: /usr/lib/x86_64-linux-gnu/libpython3.10.so (found suitable version "3.10.12", minimum required is "3.5") 
[1.912s] -- Using PYTHON_EXECUTABLE: /usr/bin/python3
[1.913s] -- Using PYTHON_INCLUDE_DIRS: /usr/include/python3.10
[1.913s] -- Using PYTHON_LIBRARIES: /usr/lib/x86_64-linux-gnu/libpython3.10.so
[1.939s] -- Found PythonExtra: .so  
[2.008s] -- Configuring done
[2.069s] -- Generating done
[2.074s] -- Build files have been written to: /home/rony/Documents/inmind/Session09/ros2_ws/src/build/turtle_controller_interfaces
[2.088s] Invoked command in '/home/rony/Documents/inmind/Session09/ros2_ws/src/build/turtle_controller_interfaces' returned '0': CMAKE_PREFIX_PATH=/opt/ros/humble /usr/bin/cmake /home/rony/Documents/inmind/Session09/ros2_ws/src/turtle_controller_interfaces -DCMAKE_INSTALL_PREFIX=/home/rony/Documents/inmind/Session09/ros2_ws/src/install/turtle_controller_interfaces
[2.090s] Invoking command in '/home/rony/Documents/inmind/Session09/ros2_ws/src/build/turtle_controller_interfaces': CMAKE_PREFIX_PATH=/opt/ros/humble /usr/bin/cmake --build /home/rony/Documents/inmind/Session09/ros2_ws/src/build/turtle_controller_interfaces -- -j8 -l8
[2.133s] [  2%] [34m[1mGenerating C code for ROS interfaces[0m
[2.145s] [  5%] [34m[1mGenerating C++ code for ROS interfaces[0m
[2.152s] [  5%] Built target ament_cmake_python_copy_turtle_controller_interfaces
[2.479s] running egg_info
[2.481s] creating turtle_controller_interfaces.egg-info
[2.506s] writing turtle_controller_interfaces.egg-info/PKG-INFO
[2.506s] writing dependency_links to turtle_controller_interfaces.egg-info/dependency_links.txt
[2.507s] writing top-level names to turtle_controller_interfaces.egg-info/top_level.txt
[2.507s] writing manifest file 'turtle_controller_interfaces.egg-info/SOURCES.txt'
[2.584s] reading manifest file 'turtle_controller_interfaces.egg-info/SOURCES.txt'
[2.585s] writing manifest file 'turtle_controller_interfaces.egg-info/SOURCES.txt'
[2.624s] [  5%] Built target ament_cmake_python_build_turtle_controller_interfaces_egg
[2.938s] [  5%] Built target turtle_controller_interfaces__cpp
[2.952s] [  7%] [34m[1mGenerating C++ type support dispatch for ROS interfaces[0m
[2.953s] [ 10%] [34m[1mGenerating C++ type support for eProsima Fast-RTPS[0m
[2.954s] [ 12%] [34m[1mGenerating C++ introspection for ROS interfaces[0m
[2.963s] [ 15%] [32mBuilding C object CMakeFiles/turtle_controller_interfaces__rosidl_generator_c.dir/rosidl_generator_c/turtle_controller_interfaces/action/detail/measure_lap_time__functions.c.o[0m
[2.965s] [ 17%] [32mBuilding C object CMakeFiles/turtle_controller_interfaces__rosidl_generator_c.dir/rosidl_generator_c/turtle_controller_interfaces/srv/detail/find_closest_wall__functions.c.o[0m
[3.189s] [ 20%] [32m[1mLinking C shared library libturtle_controller_interfaces__rosidl_generator_c.so[0m
[3.248s] [ 20%] Built target turtle_controller_interfaces__rosidl_generator_c
[3.265s] [ 23%] [34m[1mGenerating C type support for eProsima Fast-RTPS[0m
[3.267s] [ 25%] [34m[1mGenerating C introspection for ROS interfaces[0m
[3.275s] [ 28%] [34m[1mGenerating C type support dispatch for ROS interfaces[0m
[3.560s] [ 30%] [32mBuilding CXX object CMakeFiles/turtle_controller_interfaces__rosidl_typesupport_cpp.dir/rosidl_typesupport_cpp/turtle_controller_interfaces/action/measure_lap_time__type_support.cpp.o[0m
[3.577s] [ 33%] [32mBuilding CXX object CMakeFiles/turtle_controller_interfaces__rosidl_typesupport_cpp.dir/rosidl_typesupport_cpp/turtle_controller_interfaces/srv/find_closest_wall__type_support.cpp.o[0m
[3.891s] [ 35%] [32mBuilding CXX object CMakeFiles/turtle_controller_interfaces__rosidl_typesupport_introspection_cpp.dir/rosidl_typesupport_introspection_cpp/turtle_controller_interfaces/action/detail/measure_lap_time__type_support.cpp.o[0m
[3.904s] [ 38%] [32mBuilding CXX object CMakeFiles/turtle_controller_interfaces__rosidl_typesupport_introspection_cpp.dir/rosidl_typesupport_introspection_cpp/turtle_controller_interfaces/srv/detail/find_closest_wall__type_support.cpp.o[0m
[4.070s] [ 41%] [32mBuilding CXX object CMakeFiles/turtle_controller_interfaces__rosidl_typesupport_fastrtps_cpp.dir/rosidl_typesupport_fastrtps_cpp/turtle_controller_interfaces/action/detail/dds_fastrtps/measure_lap_time__type_support.cpp.o[0m
[4.158s] [ 43%] [32mBuilding CXX object CMakeFiles/turtle_controller_interfaces__rosidl_typesupport_c.dir/rosidl_typesupport_c/turtle_controller_interfaces/action/measure_lap_time__type_support.cpp.o[0m
[4.169s] [ 46%] [32mBuilding CXX object CMakeFiles/turtle_controller_interfaces__rosidl_typesupport_fastrtps_cpp.dir/rosidl_typesupport_fastrtps_cpp/turtle_controller_interfaces/srv/detail/dds_fastrtps/find_closest_wall__type_support.cpp.o[0m
[4.360s] [ 48%] [32mBuilding CXX object CMakeFiles/turtle_controller_interfaces__rosidl_typesupport_c.dir/rosidl_typesupport_c/turtle_controller_interfaces/srv/find_closest_wall__type_support.cpp.o[0m
[4.378s] [ 51%] [32mBuilding CXX object CMakeFiles/turtle_controller_interfaces__rosidl_typesupport_fastrtps_c.dir/rosidl_typesupport_fastrtps_c/turtle_controller_interfaces/action/detail/measure_lap_time__type_support_c.cpp.o[0m
[4.488s] [ 53%] [32m[1mLinking CXX shared library libturtle_controller_interfaces__rosidl_typesupport_c.so[0m
[4.531s] [ 56%] [32mBuilding C object CMakeFiles/turtle_controller_interfaces__rosidl_typesupport_introspection_c.dir/rosidl_typesupport_introspection_c/turtle_controller_interfaces/action/detail/measure_lap_time__type_support.c.o[0m
[4.544s] [ 58%] [32m[1mLinking CXX shared library libturtle_controller_interfaces__rosidl_typesupport_cpp.so[0m
[4.667s] [ 58%] Built target turtle_controller_interfaces__rosidl_typesupport_c
[4.682s] [ 61%] [32mBuilding C object CMakeFiles/turtle_controller_interfaces__rosidl_typesupport_introspection_c.dir/rosidl_typesupport_introspection_c/turtle_controller_interfaces/srv/detail/find_closest_wall__type_support.c.o[0m
[4.691s] [ 61%] Built target turtle_controller_interfaces__rosidl_typesupport_cpp
[4.702s] [ 64%] [32mBuilding CXX object CMakeFiles/turtle_controller_interfaces__rosidl_typesupport_fastrtps_c.dir/rosidl_typesupport_fastrtps_c/turtle_controller_interfaces/srv/detail/find_closest_wall__type_support_c.cpp.o[0m
[4.810s] [ 66%] [32m[1mLinking C shared library libturtle_controller_interfaces__rosidl_typesupport_introspection_c.so[0m
[4.962s] [ 66%] Built target turtle_controller_interfaces__rosidl_typesupport_introspection_c
[4.983s] [ 69%] [32m[1mLinking CXX shared library libturtle_controller_interfaces__rosidl_typesupport_introspection_cpp.so[0m
[5.126s] [ 69%] Built target turtle_controller_interfaces__rosidl_typesupport_introspection_cpp
[5.165s] [ 71%] [32m[1mLinking CXX shared library libturtle_controller_interfaces__rosidl_typesupport_fastrtps_cpp.so[0m
[5.260s] [ 74%] [32m[1mLinking CXX shared library libturtle_controller_interfaces__rosidl_typesupport_fastrtps_c.so[0m
[5.266s] [ 74%] Built target turtle_controller_interfaces__rosidl_typesupport_fastrtps_cpp
[5.353s] [ 74%] Built target turtle_controller_interfaces__rosidl_typesupport_fastrtps_c
[5.376s] [ 74%] Built target turtle_controller_interfaces
[5.396s] [ 76%] [34m[1mGenerating Python code for ROS interfaces[0m
[6.386s] [ 76%] Built target turtle_controller_interfaces__py
[6.408s] [ 79%] [32mBuilding C object CMakeFiles/turtle_controller_interfaces__rosidl_generator_py.dir/rosidl_generator_py/turtle_controller_interfaces/action/_measure_lap_time_s.c.o[0m
[6.408s] [ 82%] [32mBuilding C object CMakeFiles/turtle_controller_interfaces__rosidl_generator_py.dir/rosidl_generator_py/turtle_controller_interfaces/srv/_find_closest_wall_s.c.o[0m
[6.605s] [ 84%] [32m[1mLinking C shared library rosidl_generator_py/turtle_controller_interfaces/libturtle_controller_interfaces__rosidl_generator_py.so[0m
[6.659s] [ 84%] Built target turtle_controller_interfaces__rosidl_generator_py
[6.681s] [ 87%] [32mBuilding C object CMakeFiles/turtle_controller_interfaces__rosidl_typesupport_fastrtps_c__pyext.dir/rosidl_generator_py/turtle_controller_interfaces/_turtle_controller_interfaces_s.ep.rosidl_typesupport_fastrtps_c.c.o[0m
[6.682s] [ 89%] [32mBuilding C object CMakeFiles/turtle_controller_interfaces__rosidl_typesupport_c__pyext.dir/rosidl_generator_py/turtle_controller_interfaces/_turtle_controller_interfaces_s.ep.rosidl_typesupport_c.c.o[0m
[6.684s] [ 92%] [32mBuilding C object CMakeFiles/turtle_controller_interfaces__rosidl_typesupport_introspection_c__pyext.dir/rosidl_generator_py/turtle_controller_interfaces/_turtle_controller_interfaces_s.ep.rosidl_typesupport_introspection_c.c.o[0m
[6.826s] [ 94%] [32m[1mLinking C shared library rosidl_generator_py/turtle_controller_interfaces/turtle_controller_interfaces_s__rosidl_typesupport_fastrtps_c.cpython-310-x86_64-linux-gnu.so[0m
[6.830s] [ 97%] [32m[1mLinking C shared library rosidl_generator_py/turtle_controller_interfaces/turtle_controller_interfaces_s__rosidl_typesupport_introspection_c.cpython-310-x86_64-linux-gnu.so[0m
[6.831s] [100%] [32m[1mLinking C shared library rosidl_generator_py/turtle_controller_interfaces/turtle_controller_interfaces_s__rosidl_typesupport_c.cpython-310-x86_64-linux-gnu.so[0m
[6.886s] [100%] Built target turtle_controller_interfaces__rosidl_typesupport_fastrtps_c__pyext
[6.890s] [100%] Built target turtle_controller_interfaces__rosidl_typesupport_introspection_c__pyext
[6.892s] [100%] Built target turtle_controller_interfaces__rosidl_typesupport_c__pyext
[6.906s] Invoked command in '/home/rony/Documents/inmind/Session09/ros2_ws/src/build/turtle_controller_interfaces' returned '0': CMAKE_PREFIX_PATH=/opt/ros/humble /usr/bin/cmake --build /home/rony/Documents/inmind/Session09/ros2_ws/src/build/turtle_controller_interfaces -- -j8 -l8
[6.991s] Invoking command in '/home/rony/Documents/inmind/Session09/ros2_ws/src/build/turtle_controller_interfaces': CMAKE_PREFIX_PATH=/opt/ros/humble /usr/bin/cmake --install /home/rony/Documents/inmind/Session09/ros2_ws/src/build/turtle_controller_interfaces
[6.998s] -- Install configuration: ""
[6.998s] -- Installing: /home/rony/Documents/inmind/Session09/ros2_ws/src/install/turtle_controller_interfaces/share/ament_index/resource_index/rosidl_interfaces/turtle_controller_interfaces
[6.999s] -- Installing: /home/rony/Documents/inmind/Session09/ros2_ws/src/install/turtle_controller_interfaces/include/turtle_controller_interfaces/turtle_controller_interfaces
[6.999s] -- Installing: /home/rony/Documents/inmind/Session09/ros2_ws/src/install/turtle_controller_interfaces/include/turtle_controller_interfaces/turtle_controller_interfaces/msg
[6.999s] -- Installing: /home/rony/Documents/inmind/Session09/ros2_ws/src/install/turtle_controller_interfaces/include/turtle_controller_interfaces/turtle_controller_interfaces/msg/rosidl_generator_c__visibility_control.h
[6.999s] -- Installing: /home/rony/Documents/inmind/Session09/ros2_ws/src/install/turtle_controller_interfaces/include/turtle_controller_interfaces/turtle_controller_interfaces/action
[6.999s] -- Installing: /home/rony/Documents/inmind/Session09/ros2_ws/src/install/turtle_controller_interfaces/include/turtle_controller_interfaces/turtle_controller_interfaces/action/measure_lap_time.h
[6.999s] -- Installing: /home/rony/Documents/inmind/Session09/ros2_ws/src/install/turtle_controller_interfaces/include/turtle_controller_interfaces/turtle_controller_interfaces/action/detail
[6.999s] -- Installing: /home/rony/Documents/inmind/Session09/ros2_ws/src/install/turtle_controller_interfaces/include/turtle_controller_interfaces/turtle_controller_interfaces/action/detail/measure_lap_time__functions.c
[6.999s] -- Installing: /home/rony/Documents/inmind/Session09/ros2_ws/src/install/turtle_controller_interfaces/include/turtle_controller_interfaces/turtle_controller_interfaces/action/detail/measure_lap_time__functions.h
[7.000s] -- Installing: /home/rony/Documents/inmind/Session09/ros2_ws/src/install/turtle_controller_interfaces/include/turtle_controller_interfaces/turtle_controller_interfaces/action/detail/measure_lap_time__type_support.h
[7.000s] -- Installing: /home/rony/Documents/inmind/Session09/ros2_ws/src/install/turtle_controller_interfaces/include/turtle_controller_interfaces/turtle_controller_interfaces/action/detail/measure_lap_time__struct.h
[7.000s] -- Installing: /home/rony/Documents/inmind/Session09/ros2_ws/src/install/turtle_controller_interfaces/include/turtle_controller_interfaces/turtle_controller_interfaces/srv
[7.000s] -- Installing: /home/rony/Documents/inmind/Session09/ros2_ws/src/install/turtle_controller_interfaces/include/turtle_controller_interfaces/turtle_controller_interfaces/srv/detail
[7.000s] -- Installing: /home/rony/Documents/inmind/Session09/ros2_ws/src/install/turtle_controller_interfaces/include/turtle_controller_interfaces/turtle_controller_interfaces/srv/detail/find_closest_wall__type_support.h
[7.000s] -- Installing: /home/rony/Documents/inmind/Session09/ros2_ws/src/install/turtle_controller_interfaces/include/turtle_controller_interfaces/turtle_controller_interfaces/srv/detail/find_closest_wall__struct.h
[7.000s] -- Installing: /home/rony/Documents/inmind/Session09/ros2_ws/src/install/turtle_controller_interfaces/include/turtle_controller_interfaces/turtle_controller_interfaces/srv/detail/find_closest_wall__functions.c
[7.001s] -- Installing: /home/rony/Documents/inmind/Session09/ros2_ws/src/install/turtle_controller_interfaces/include/turtle_controller_interfaces/turtle_controller_interfaces/srv/detail/find_closest_wall__functions.h
[7.001s] -- Installing: /home/rony/Documents/inmind/Session09/ros2_ws/src/install/turtle_controller_interfaces/include/turtle_controller_interfaces/turtle_controller_interfaces/srv/find_closest_wall.h
[7.001s] -- Installing: /home/rony/Documents/inmind/Session09/ros2_ws/src/install/turtle_controller_interfaces/share/turtle_controller_interfaces/environment/library_path.sh
[7.001s] -- Installing: /home/rony/Documents/inmind/Session09/ros2_ws/src/install/turtle_controller_interfaces/share/turtle_controller_interfaces/environment/library_path.dsv
[7.001s] -- Installing: /home/rony/Documents/inmind/Session09/ros2_ws/src/install/turtle_controller_interfaces/lib/libturtle_controller_interfaces__rosidl_generator_c.so
[7.002s] -- Set runtime path of "/home/rony/Documents/inmind/Session09/ros2_ws/src/install/turtle_controller_interfaces/lib/libturtle_controller_interfaces__rosidl_generator_c.so" to ""
[7.002s] -- Up-to-date: /home/rony/Documents/inmind/Session09/ros2_ws/src/install/turtle_controller_interfaces/include/turtle_controller_interfaces/turtle_controller_interfaces
[7.002s] -- Up-to-date: /home/rony/Documents/inmind/Session09/ros2_ws/src/install/turtle_controller_interfaces/include/turtle_controller_interfaces/turtle_controller_interfaces/msg
[7.002s] -- Installing: /home/rony/Documents/inmind/Session09/ros2_ws/src/install/turtle_controller_interfaces/include/turtle_controller_interfaces/turtle_controller_interfaces/msg/rosidl_typesupport_fastrtps_c__visibility_control.h
[7.002s] -- Up-to-date: /home/rony/Documents/inmind/Session09/ros2_ws/src/install/turtle_controller_interfaces/include/turtle_controller_interfaces/turtle_controller_interfaces/action
[7.002s] -- Up-to-date: /home/rony/Documents/inmind/Session09/ros2_ws/src/install/turtle_controller_interfaces/include/turtle_controller_interfaces/turtle_controller_interfaces/action/detail
[7.002s] -- Installing: /home/rony/Documents/inmind/Session09/ros2_ws/src/install/turtle_controller_interfaces/include/turtle_controller_interfaces/turtle_controller_interfaces/action/detail/measure_lap_time__rosidl_typesupport_fastrtps_c.h
[7.002s] -- Up-to-date: /home/rony/Documents/inmind/Session09/ros2_ws/src/install/turtle_controller_interfaces/include/turtle_controller_interfaces/turtle_controller_interfaces/srv
[7.003s] -- Up-to-date: /home/rony/Documents/inmind/Session09/ros2_ws/src/install/turtle_controller_interfaces/include/turtle_controller_interfaces/turtle_controller_interfaces/srv/detail
[7.003s] -- Installing: /home/rony/Documents/inmind/Session09/ros2_ws/src/install/turtle_controller_interfaces/include/turtle_controller_interfaces/turtle_controller_interfaces/srv/detail/find_closest_wall__rosidl_typesupport_fastrtps_c.h
[7.003s] -- Installing: /home/rony/Documents/inmind/Session09/ros2_ws/src/install/turtle_controller_interfaces/lib/libturtle_controller_interfaces__rosidl_typesupport_fastrtps_c.so
[7.003s] -- Set runtime path of "/home/rony/Documents/inmind/Session09/ros2_ws/src/install/turtle_controller_interfaces/lib/libturtle_controller_interfaces__rosidl_typesupport_fastrtps_c.so" to ""
[7.003s] -- Up-to-date: /home/rony/Documents/inmind/Session09/ros2_ws/src/install/turtle_controller_interfaces/include/turtle_controller_interfaces/turtle_controller_interfaces
[7.003s] -- Up-to-date: /home/rony/Documents/inmind/Session09/ros2_ws/src/install/turtle_controller_interfaces/include/turtle_controller_interfaces/turtle_controller_interfaces/action
[7.003s] -- Up-to-date: /home/rony/Documents/inmind/Session09/ros2_ws/src/install/turtle_controller_interfaces/include/turtle_controller_interfaces/turtle_controller_interfaces/action/detail
[7.003s] -- Installing: /home/rony/Documents/inmind/Session09/ros2_ws/src/install/turtle_controller_interfaces/include/turtle_controller_interfaces/turtle_controller_interfaces/action/detail/measure_lap_time__traits.hpp
[7.004s] -- Installing: /home/rony/Documents/inmind/Session09/ros2_ws/src/install/turtle_controller_interfaces/include/turtle_controller_interfaces/turtle_controller_interfaces/action/detail/measure_lap_time__builder.hpp
[7.004s] -- Installing: /home/rony/Documents/inmind/Session09/ros2_ws/src/install/turtle_controller_interfaces/include/turtle_controller_interfaces/turtle_controller_interfaces/action/detail/measure_lap_time__struct.hpp
[7.004s] -- Installing: /home/rony/Documents/inmind/Session09/ros2_ws/src/install/turtle_controller_interfaces/include/turtle_controller_interfaces/turtle_controller_interfaces/action/measure_lap_time.hpp
[7.004s] -- Up-to-date: /home/rony/Documents/inmind/Session09/ros2_ws/src/install/turtle_controller_interfaces/include/turtle_controller_interfaces/turtle_controller_interfaces/srv
[7.004s] -- Up-to-date: /home/rony/Documents/inmind/Session09/ros2_ws/src/install/turtle_controller_interfaces/include/turtle_controller_interfaces/turtle_controller_interfaces/srv/detail
[7.004s] -- Installing: /home/rony/Documents/inmind/Session09/ros2_ws/src/install/turtle_controller_interfaces/include/turtle_controller_interfaces/turtle_controller_interfaces/srv/detail/find_closest_wall__builder.hpp
[7.004s] -- Installing: /home/rony/Documents/inmind/Session09/ros2_ws/src/install/turtle_controller_interfaces/include/turtle_controller_interfaces/turtle_controller_interfaces/srv/detail/find_closest_wall__struct.hpp
[7.005s] -- Installing: /home/rony/Documents/inmind/Session09/ros2_ws/src/install/turtle_controller_interfaces/include/turtle_controller_interfaces/turtle_controller_interfaces/srv/detail/find_closest_wall__traits.hpp
[7.005s] -- Installing: /home/rony/Documents/inmind/Session09/ros2_ws/src/install/turtle_controller_interfaces/include/turtle_controller_interfaces/turtle_controller_interfaces/srv/find_closest_wall.hpp
[7.005s] -- Up-to-date: /home/rony/Documents/inmind/Session09/ros2_ws/src/install/turtle_controller_interfaces/include/turtle_controller_interfaces/turtle_controller_interfaces
[7.005s] -- Up-to-date: /home/rony/Documents/inmind/Session09/ros2_ws/src/install/turtle_controller_interfaces/include/turtle_controller_interfaces/turtle_controller_interfaces/msg
[7.005s] -- Installing: /home/rony/Documents/inmind/Session09/ros2_ws/src/install/turtle_controller_interfaces/include/turtle_controller_interfaces/turtle_controller_interfaces/msg/rosidl_typesupport_fastrtps_cpp__visibility_control.h
[7.005s] -- Up-to-date: /home/rony/Documents/inmind/Session09/ros2_ws/src/install/turtle_controller_interfaces/include/turtle_controller_interfaces/turtle_controller_interfaces/action
[7.005s] -- Up-to-date: /home/rony/Documents/inmind/Session09/ros2_ws/src/install/turtle_controller_interfaces/include/turtle_controller_interfaces/turtle_controller_interfaces/action/detail
[7.005s] -- Installing: /home/rony/Documents/inmind/Session09/ros2_ws/src/install/turtle_controller_interfaces/include/turtle_controller_interfaces/turtle_controller_interfaces/action/detail/dds_fastrtps
[7.005s] -- Installing: /home/rony/Documents/inmind/Session09/ros2_ws/src/install/turtle_controller_interfaces/include/turtle_controller_interfaces/turtle_controller_interfaces/action/detail/measure_lap_time__rosidl_typesupport_fastrtps_cpp.hpp
[7.005s] -- Up-to-date: /home/rony/Documents/inmind/Session09/ros2_ws/src/install/turtle_controller_interfaces/include/turtle_controller_interfaces/turtle_controller_interfaces/srv
[7.005s] -- Up-to-date: /home/rony/Documents/inmind/Session09/ros2_ws/src/install/turtle_controller_interfaces/include/turtle_controller_interfaces/turtle_controller_interfaces/srv/detail
[7.005s] -- Installing: /home/rony/Documents/inmind/Session09/ros2_ws/src/install/turtle_controller_interfaces/include/turtle_controller_interfaces/turtle_controller_interfaces/srv/detail/dds_fastrtps
[7.005s] -- Installing: /home/rony/Documents/inmind/Session09/ros2_ws/src/install/turtle_controller_interfaces/include/turtle_controller_interfaces/turtle_controller_interfaces/srv/detail/find_closest_wall__rosidl_typesupport_fastrtps_cpp.hpp
[7.006s] -- Installing: /home/rony/Documents/inmind/Session09/ros2_ws/src/install/turtle_controller_interfaces/lib/libturtle_controller_interfaces__rosidl_typesupport_fastrtps_cpp.so
[7.006s] -- Set runtime path of "/home/rony/Documents/inmind/Session09/ros2_ws/src/install/turtle_controller_interfaces/lib/libturtle_controller_interfaces__rosidl_typesupport_fastrtps_cpp.so" to ""
[7.006s] -- Up-to-date: /home/rony/Documents/inmind/Session09/ros2_ws/src/install/turtle_controller_interfaces/include/turtle_controller_interfaces/turtle_controller_interfaces
[7.006s] -- Up-to-date: /home/rony/Documents/inmind/Session09/ros2_ws/src/install/turtle_controller_interfaces/include/turtle_controller_interfaces/turtle_controller_interfaces/msg
[7.006s] -- Installing: /home/rony/Documents/inmind/Session09/ros2_ws/src/install/turtle_controller_interfaces/include/turtle_controller_interfaces/turtle_controller_interfaces/msg/rosidl_typesupport_introspection_c__visibility_control.h
[7.006s] -- Up-to-date: /home/rony/Documents/inmind/Session09/ros2_ws/src/install/turtle_controller_interfaces/include/turtle_controller_interfaces/turtle_controller_interfaces/action
[7.006s] -- Up-to-date: /home/rony/Documents/inmind/Session09/ros2_ws/src/install/turtle_controller_interfaces/include/turtle_controller_interfaces/turtle_controller_interfaces/action/detail
[7.006s] -- Installing: /home/rony/Documents/inmind/Session09/ros2_ws/src/install/turtle_controller_interfaces/include/turtle_controller_interfaces/turtle_controller_interfaces/action/detail/measure_lap_time__type_support.c
[7.006s] -- Installing: /home/rony/Documents/inmind/Session09/ros2_ws/src/install/turtle_controller_interfaces/include/turtle_controller_interfaces/turtle_controller_interfaces/action/detail/measure_lap_time__rosidl_typesupport_introspection_c.h
[7.007s] -- Up-to-date: /home/rony/Documents/inmind/Session09/ros2_ws/src/install/turtle_controller_interfaces/include/turtle_controller_interfaces/turtle_controller_interfaces/srv
[7.007s] -- Up-to-date: /home/rony/Documents/inmind/Session09/ros2_ws/src/install/turtle_controller_interfaces/include/turtle_controller_interfaces/turtle_controller_interfaces/srv/detail
[7.007s] -- Installing: /home/rony/Documents/inmind/Session09/ros2_ws/src/install/turtle_controller_interfaces/include/turtle_controller_interfaces/turtle_controller_interfaces/srv/detail/find_closest_wall__rosidl_typesupport_introspection_c.h
[7.007s] -- Installing: /home/rony/Documents/inmind/Session09/ros2_ws/src/install/turtle_controller_interfaces/include/turtle_controller_interfaces/turtle_controller_interfaces/srv/detail/find_closest_wall__type_support.c
[7.007s] -- Installing: /home/rony/Documents/inmind/Session09/ros2_ws/src/install/turtle_controller_interfaces/lib/libturtle_controller_interfaces__rosidl_typesupport_introspection_c.so
[7.007s] -- Set runtime path of "/home/rony/Documents/inmind/Session09/ros2_ws/src/install/turtle_controller_interfaces/lib/libturtle_controller_interfaces__rosidl_typesupport_introspection_c.so" to ""
[7.007s] -- Installing: /home/rony/Documents/inmind/Session09/ros2_ws/src/install/turtle_controller_interfaces/lib/libturtle_controller_interfaces__rosidl_typesupport_c.so
[7.007s] -- Set runtime path of "/home/rony/Documents/inmind/Session09/ros2_ws/src/install/turtle_controller_interfaces/lib/libturtle_controller_interfaces__rosidl_typesupport_c.so" to ""
[7.008s] -- Up-to-date: /home/rony/Documents/inmind/Session09/ros2_ws/src/install/turtle_controller_interfaces/include/turtle_controller_interfaces/turtle_controller_interfaces
[7.008s] -- Up-to-date: /home/rony/Documents/inmind/Session09/ros2_ws/src/install/turtle_controller_interfaces/include/turtle_controller_interfaces/turtle_controller_interfaces/action
[7.008s] -- Up-to-date: /home/rony/Documents/inmind/Session09/ros2_ws/src/install/turtle_controller_interfaces/include/turtle_controller_interfaces/turtle_controller_interfaces/action/detail
[7.008s] -- Installing: /home/rony/Documents/inmind/Session09/ros2_ws/src/install/turtle_controller_interfaces/include/turtle_controller_interfaces/turtle_controller_interfaces/action/detail/measure_lap_time__type_support.cpp
[7.008s] -- Installing: /home/rony/Documents/inmind/Session09/ros2_ws/src/install/turtle_controller_interfaces/include/turtle_controller_interfaces/turtle_controller_interfaces/action/detail/measure_lap_time__rosidl_typesupport_introspection_cpp.hpp
[7.008s] -- Up-to-date: /home/rony/Documents/inmind/Session09/ros2_ws/src/install/turtle_controller_interfaces/include/turtle_controller_interfaces/turtle_controller_interfaces/srv
[7.008s] -- Up-to-date: /home/rony/Documents/inmind/Session09/ros2_ws/src/install/turtle_controller_interfaces/include/turtle_controller_interfaces/turtle_controller_interfaces/srv/detail
[7.008s] -- Installing: /home/rony/Documents/inmind/Session09/ros2_ws/src/install/turtle_controller_interfaces/include/turtle_controller_interfaces/turtle_controller_interfaces/srv/detail/find_closest_wall__rosidl_typesupport_introspection_cpp.hpp
[7.009s] -- Installing: /home/rony/Documents/inmind/Session09/ros2_ws/src/install/turtle_controller_interfaces/include/turtle_controller_interfaces/turtle_controller_interfaces/srv/detail/find_closest_wall__type_support.cpp
[7.009s] -- Installing: /home/rony/Documents/inmind/Session09/ros2_ws/src/install/turtle_controller_interfaces/lib/libturtle_controller_interfaces__rosidl_typesupport_introspection_cpp.so
[7.009s] -- Set runtime path of "/home/rony/Documents/inmind/Session09/ros2_ws/src/install/turtle_controller_interfaces/lib/libturtle_controller_interfaces__rosidl_typesupport_introspection_cpp.so" to ""
[7.009s] -- Installing: /home/rony/Documents/inmind/Session09/ros2_ws/src/install/turtle_controller_interfaces/lib/libturtle_controller_interfaces__rosidl_typesupport_cpp.so
[7.009s] -- Set runtime path of "/home/rony/Documents/inmind/Session09/ros2_ws/src/install/turtle_controller_interfaces/lib/libturtle_controller_interfaces__rosidl_typesupport_cpp.so" to ""
[7.009s] -- Installing: /home/rony/Documents/inmind/Session09/ros2_ws/src/install/turtle_controller_interfaces/share/turtle_controller_interfaces/environment/pythonpath.sh
[7.009s] -- Installing: /home/rony/Documents/inmind/Session09/ros2_ws/src/install/turtle_controller_interfaces/share/turtle_controller_interfaces/environment/pythonpath.dsv
[7.009s] -- Installing: /home/rony/Documents/inmind/Session09/ros2_ws/src/install/turtle_controller_interfaces/local/lib/python3.10/dist-packages/turtle_controller_interfaces-0.0.0-py3.10.egg-info
[7.009s] -- Installing: /home/rony/Documents/inmind/Session09/ros2_ws/src/install/turtle_controller_interfaces/local/lib/python3.10/dist-packages/turtle_controller_interfaces-0.0.0-py3.10.egg-info/SOURCES.txt
[7.010s] -- Installing: /home/rony/Documents/inmind/Session09/ros2_ws/src/install/turtle_controller_interfaces/local/lib/python3.10/dist-packages/turtle_controller_interfaces-0.0.0-py3.10.egg-info/dependency_links.txt
[7.010s] -- Installing: /home/rony/Documents/inmind/Session09/ros2_ws/src/install/turtle_controller_interfaces/local/lib/python3.10/dist-packages/turtle_controller_interfaces-0.0.0-py3.10.egg-info/PKG-INFO
[7.010s] -- Installing: /home/rony/Documents/inmind/Session09/ros2_ws/src/install/turtle_controller_interfaces/local/lib/python3.10/dist-packages/turtle_controller_interfaces-0.0.0-py3.10.egg-info/top_level.txt
[7.010s] -- Installing: /home/rony/Documents/inmind/Session09/ros2_ws/src/install/turtle_controller_interfaces/local/lib/python3.10/dist-packages/turtle_controller_interfaces
[7.010s] -- Installing: /home/rony/Documents/inmind/Session09/ros2_ws/src/install/turtle_controller_interfaces/local/lib/python3.10/dist-packages/turtle_controller_interfaces/turtle_controller_interfaces_s__rosidl_typesupport_fastrtps_c.cpython-310-x86_64-linux-gnu.so
[7.010s] -- Installing: /home/rony/Documents/inmind/Session09/ros2_ws/src/install/turtle_controller_interfaces/local/lib/python3.10/dist-packages/turtle_controller_interfaces/_turtle_controller_interfaces_s.ep.rosidl_typesupport_introspection_c.c
[7.010s] -- Installing: /home/rony/Documents/inmind/Session09/ros2_ws/src/install/turtle_controller_interfaces/local/lib/python3.10/dist-packages/turtle_controller_interfaces/__init__.py
[7.011s] -- Installing: /home/rony/Documents/inmind/Session09/ros2_ws/src/install/turtle_controller_interfaces/local/lib/python3.10/dist-packages/turtle_controller_interfaces/turtle_controller_interfaces_s__rosidl_typesupport_introspection_c.cpython-310-x86_64-linux-gnu.so
[7.011s] -- Installing: /home/rony/Documents/inmind/Session09/ros2_ws/src/install/turtle_controller_interfaces/local/lib/python3.10/dist-packages/turtle_controller_interfaces/_turtle_controller_interfaces_s.ep.rosidl_typesupport_fastrtps_c.c
[7.011s] -- Installing: /home/rony/Documents/inmind/Session09/ros2_ws/src/install/turtle_controller_interfaces/local/lib/python3.10/dist-packages/turtle_controller_interfaces/libturtle_controller_interfaces__rosidl_generator_py.so
[7.011s] -- Installing: /home/rony/Documents/inmind/Session09/ros2_ws/src/install/turtle_controller_interfaces/local/lib/python3.10/dist-packages/turtle_controller_interfaces/action
[7.011s] -- Installing: /home/rony/Documents/inmind/Session09/ros2_ws/src/install/turtle_controller_interfaces/local/lib/python3.10/dist-packages/turtle_controller_interfaces/action/_measure_lap_time_s.c
[7.011s] -- Installing: /home/rony/Documents/inmind/Session09/ros2_ws/src/install/turtle_controller_interfaces/local/lib/python3.10/dist-packages/turtle_controller_interfaces/action/__init__.py
[7.011s] -- Installing: /home/rony/Documents/inmind/Session09/ros2_ws/src/install/turtle_controller_interfaces/local/lib/python3.10/dist-packages/turtle_controller_interfaces/action/_measure_lap_time.py
[7.011s] -- Installing: /home/rony/Documents/inmind/Session09/ros2_ws/src/install/turtle_controller_interfaces/local/lib/python3.10/dist-packages/turtle_controller_interfaces/turtle_controller_interfaces_s__rosidl_typesupport_c.cpython-310-x86_64-linux-gnu.so
[7.012s] -- Installing: /home/rony/Documents/inmind/Session09/ros2_ws/src/install/turtle_controller_interfaces/local/lib/python3.10/dist-packages/turtle_controller_interfaces/_turtle_controller_interfaces_s.ep.rosidl_typesupport_c.c
[7.012s] -- Installing: /home/rony/Documents/inmind/Session09/ros2_ws/src/install/turtle_controller_interfaces/local/lib/python3.10/dist-packages/turtle_controller_interfaces/srv
[7.012s] -- Installing: /home/rony/Documents/inmind/Session09/ros2_ws/src/install/turtle_controller_interfaces/local/lib/python3.10/dist-packages/turtle_controller_interfaces/srv/__init__.py
[7.012s] -- Installing: /home/rony/Documents/inmind/Session09/ros2_ws/src/install/turtle_controller_interfaces/local/lib/python3.10/dist-packages/turtle_controller_interfaces/srv/_find_closest_wall.py
[7.012s] -- Installing: /home/rony/Documents/inmind/Session09/ros2_ws/src/install/turtle_controller_interfaces/local/lib/python3.10/dist-packages/turtle_controller_interfaces/srv/_find_closest_wall_s.c
[7.062s] Listing '/home/rony/Documents/inmind/Session09/ros2_ws/src/install/turtle_controller_interfaces/local/lib/python3.10/dist-packages/turtle_controller_interfaces'...
[7.063s] Compiling '/home/rony/Documents/inmind/Session09/ros2_ws/src/install/turtle_controller_interfaces/local/lib/python3.10/dist-packages/turtle_controller_interfaces/__init__.py'...
[7.063s] Listing '/home/rony/Documents/inmind/Session09/ros2_ws/src/install/turtle_controller_interfaces/local/lib/python3.10/dist-packages/turtle_controller_interfaces/action'...
[7.063s] Compiling '/home/rony/Documents/inmind/Session09/ros2_ws/src/install/turtle_controller_interfaces/local/lib/python3.10/dist-packages/turtle_controller_interfaces/action/__init__.py'...
[7.063s] Compiling '/home/rony/Documents/inmind/Session09/ros2_ws/src/install/turtle_controller_interfaces/local/lib/python3.10/dist-packages/turtle_controller_interfaces/action/_measure_lap_time.py'...
[7.063s] Listing '/home/rony/Documents/inmind/Session09/ros2_ws/src/install/turtle_controller_interfaces/local/lib/python3.10/dist-packages/turtle_controller_interfaces/srv'...
[7.063s] Compiling '/home/rony/Documents/inmind/Session09/ros2_ws/src/install/turtle_controller_interfaces/local/lib/python3.10/dist-packages/turtle_controller_interfaces/srv/__init__.py'...
[7.063s] Compiling '/home/rony/Documents/inmind/Session09/ros2_ws/src/install/turtle_controller_interfaces/local/lib/python3.10/dist-packages/turtle_controller_interfaces/srv/_find_closest_wall.py'...
[7.070s] -- Installing: /home/rony/Documents/inmind/Session09/ros2_ws/src/install/turtle_controller_interfaces/local/lib/python3.10/dist-packages/turtle_controller_interfaces/turtle_controller_interfaces_s__rosidl_typesupport_fastrtps_c.cpython-310-x86_64-linux-gnu.so
[7.070s] -- Set runtime path of "/home/rony/Documents/inmind/Session09/ros2_ws/src/install/turtle_controller_interfaces/local/lib/python3.10/dist-packages/turtle_controller_interfaces/turtle_controller_interfaces_s__rosidl_typesupport_fastrtps_c.cpython-310-x86_64-linux-gnu.so" to ""
[7.070s] -- Installing: /home/rony/Documents/inmind/Session09/ros2_ws/src/install/turtle_controller_interfaces/local/lib/python3.10/dist-packages/turtle_controller_interfaces/turtle_controller_interfaces_s__rosidl_typesupport_introspection_c.cpython-310-x86_64-linux-gnu.so
[7.070s] -- Set runtime path of "/home/rony/Documents/inmind/Session09/ros2_ws/src/install/turtle_controller_interfaces/local/lib/python3.10/dist-packages/turtle_controller_interfaces/turtle_controller_interfaces_s__rosidl_typesupport_introspection_c.cpython-310-x86_64-linux-gnu.so" to ""
[7.070s] -- Installing: /home/rony/Documents/inmind/Session09/ros2_ws/src/install/turtle_controller_interfaces/local/lib/python3.10/dist-packages/turtle_controller_interfaces/turtle_controller_interfaces_s__rosidl_typesupport_c.cpython-310-x86_64-linux-gnu.so
[7.071s] -- Set runtime path of "/home/rony/Documents/inmind/Session09/ros2_ws/src/install/turtle_controller_interfaces/local/lib/python3.10/dist-packages/turtle_controller_interfaces/turtle_controller_interfaces_s__rosidl_typesupport_c.cpython-310-x86_64-linux-gnu.so" to ""
[7.071s] -- Installing: /home/rony/Documents/inmind/Session09/ros2_ws/src/install/turtle_controller_interfaces/lib/libturtle_controller_interfaces__rosidl_generator_py.so
[7.071s] -- Set runtime path of "/home/rony/Documents/inmind/Session09/ros2_ws/src/install/turtle_controller_interfaces/lib/libturtle_controller_interfaces__rosidl_generator_py.so" to ""
[7.071s] -- Installing: /home/rony/Documents/inmind/Session09/ros2_ws/src/install/turtle_controller_interfaces/share/turtle_controller_interfaces/action/MeasureLapTime.idl
[7.071s] -- Installing: /home/rony/Documents/inmind/Session09/ros2_ws/src/install/turtle_controller_interfaces/share/turtle_controller_interfaces/srv/FindClosestWall.idl
[7.071s] -- Installing: /home/rony/Documents/inmind/Session09/ros2_ws/src/install/turtle_controller_interfaces/share/turtle_controller_interfaces/action/MeasureLapTime.action
[7.082s] -- Installing: /home/rony/Documents/inmind/Session09/ros2_ws/src/install/turtle_controller_interfaces/share/turtle_controller_interfaces/srv/FindClosestWall.srv
[7.083s] -- Installing: /home/rony/Documents/inmind/Session09/ros2_ws/src/install/turtle_controller_interfaces/share/turtle_controller_interfaces/srv/FindClosestWall_Request.msg
[7.083s] -- Installing: /home/rony/Documents/inmind/Session09/ros2_ws/src/install/turtle_controller_interfaces/share/turtle_controller_interfaces/srv/FindClosestWall_Response.msg
[7.083s] -- Installing: /home/rony/Documents/inmind/Session09/ros2_ws/src/install/turtle_controller_interfaces/share/ament_index/resource_index/package_run_dependencies/turtle_controller_interfaces
[7.083s] -- Installing: /home/rony/Documents/inmind/Session09/ros2_ws/src/install/turtle_controller_interfaces/share/ament_index/resource_index/parent_prefix_path/turtle_controller_interfaces
[7.083s] -- Installing: /home/rony/Documents/inmind/Session09/ros2_ws/src/install/turtle_controller_interfaces/share/turtle_controller_interfaces/environment/ament_prefix_path.sh
[7.083s] -- Installing: /home/rony/Documents/inmind/Session09/ros2_ws/src/install/turtle_controller_interfaces/share/turtle_controller_interfaces/environment/ament_prefix_path.dsv
[7.084s] -- Installing: /home/rony/Documents/inmind/Session09/ros2_ws/src/install/turtle_controller_interfaces/share/turtle_controller_interfaces/environment/path.sh
[7.084s] -- Installing: /home/rony/Documents/inmind/Session09/ros2_ws/src/install/turtle_controller_interfaces/share/turtle_controller_interfaces/environment/path.dsv
[7.084s] -- Installing: /home/rony/Documents/inmind/Session09/ros2_ws/src/install/turtle_controller_interfaces/share/turtle_controller_interfaces/local_setup.bash
[7.084s] -- Installing: /home/rony/Documents/inmind/Session09/ros2_ws/src/install/turtle_controller_interfaces/share/turtle_controller_interfaces/local_setup.sh
[7.084s] -- Installing: /home/rony/Documents/inmind/Session09/ros2_ws/src/install/turtle_controller_interfaces/share/turtle_controller_interfaces/local_setup.zsh
[7.084s] -- Installing: /home/rony/Documents/inmind/Session09/ros2_ws/src/install/turtle_controller_interfaces/share/turtle_controller_interfaces/local_setup.dsv
[7.084s] -- Installing: /home/rony/Documents/inmind/Session09/ros2_ws/src/install/turtle_controller_interfaces/share/turtle_controller_interfaces/package.dsv
[7.085s] -- Installing: /home/rony/Documents/inmind/Session09/ros2_ws/src/install/turtle_controller_interfaces/share/ament_index/resource_index/packages/turtle_controller_interfaces
[7.085s] -- Installing: /home/rony/Documents/inmind/Session09/ros2_ws/src/install/turtle_controller_interfaces/share/turtle_controller_interfaces/cmake/export_turtle_controller_interfaces__rosidl_generator_cExport.cmake
[7.085s] -- Installing: /home/rony/Documents/inmind/Session09/ros2_ws/src/install/turtle_controller_interfaces/share/turtle_controller_interfaces/cmake/export_turtle_controller_interfaces__rosidl_generator_cExport-noconfig.cmake
[7.085s] -- Installing: /home/rony/Documents/inmind/Session09/ros2_ws/src/install/turtle_controller_interfaces/share/turtle_controller_interfaces/cmake/export_turtle_controller_interfaces__rosidl_typesupport_fastrtps_cExport.cmake
[7.085s] -- Installing: /home/rony/Documents/inmind/Session09/ros2_ws/src/install/turtle_controller_interfaces/share/turtle_controller_interfaces/cmake/export_turtle_controller_interfaces__rosidl_typesupport_fastrtps_cExport-noconfig.cmake
[7.085s] -- Installing: /home/rony/Documents/inmind/Session09/ros2_ws/src/install/turtle_controller_interfaces/share/turtle_controller_interfaces/cmake/export_turtle_controller_interfaces__rosidl_generator_cppExport.cmake
[7.085s] -- Installing: /home/rony/Documents/inmind/Session09/ros2_ws/src/install/turtle_controller_interfaces/share/turtle_controller_interfaces/cmake/export_turtle_controller_interfaces__rosidl_typesupport_fastrtps_cppExport.cmake
[7.086s] -- Installing: /home/rony/Documents/inmind/Session09/ros2_ws/src/install/turtle_controller_interfaces/share/turtle_controller_interfaces/cmake/export_turtle_controller_interfaces__rosidl_typesupport_fastrtps_cppExport-noconfig.cmake
[7.086s] -- Installing: /home/rony/Documents/inmind/Session09/ros2_ws/src/install/turtle_controller_interfaces/share/turtle_controller_interfaces/cmake/turtle_controller_interfaces__rosidl_typesupport_introspection_cExport.cmake
[7.086s] -- Installing: /home/rony/Documents/inmind/Session09/ros2_ws/src/install/turtle_controller_interfaces/share/turtle_controller_interfaces/cmake/turtle_controller_interfaces__rosidl_typesupport_introspection_cExport-noconfig.cmake
[7.086s] -- Installing: /home/rony/Documents/inmind/Session09/ros2_ws/src/install/turtle_controller_interfaces/share/turtle_controller_interfaces/cmake/turtle_controller_interfaces__rosidl_typesupport_cExport.cmake
[7.086s] -- Installing: /home/rony/Documents/inmind/Session09/ros2_ws/src/install/turtle_controller_interfaces/share/turtle_controller_interfaces/cmake/turtle_controller_interfaces__rosidl_typesupport_cExport-noconfig.cmake
[7.087s] -- Installing: /home/rony/Documents/inmind/Session09/ros2_ws/src/install/turtle_controller_interfaces/share/turtle_controller_interfaces/cmake/turtle_controller_interfaces__rosidl_typesupport_introspection_cppExport.cmake
[7.087s] -- Installing: /home/rony/Documents/inmind/Session09/ros2_ws/src/install/turtle_controller_interfaces/share/turtle_controller_interfaces/cmake/turtle_controller_interfaces__rosidl_typesupport_introspection_cppExport-noconfig.cmake
[7.087s] -- Installing: /home/rony/Documents/inmind/Session09/ros2_ws/src/install/turtle_controller_interfaces/share/turtle_controller_interfaces/cmake/turtle_controller_interfaces__rosidl_typesupport_cppExport.cmake
[7.087s] -- Installing: /home/rony/Documents/inmind/Session09/ros2_ws/src/install/turtle_controller_interfaces/share/turtle_controller_interfaces/cmake/turtle_controller_interfaces__rosidl_typesupport_cppExport-noconfig.cmake
[7.087s] -- Installing: /home/rony/Documents/inmind/Session09/ros2_ws/src/install/turtle_controller_interfaces/share/turtle_controller_interfaces/cmake/export_turtle_controller_interfaces__rosidl_generator_pyExport.cmake
[7.088s] -- Installing: /home/rony/Documents/inmind/Session09/ros2_ws/src/install/turtle_controller_interfaces/share/turtle_controller_interfaces/cmake/export_turtle_controller_interfaces__rosidl_generator_pyExport-noconfig.cmake
[7.088s] -- Installing: /home/rony/Documents/inmind/Session09/ros2_ws/src/install/turtle_controller_interfaces/share/turtle_controller_interfaces/cmake/rosidl_cmake-extras.cmake
[7.088s] -- Installing: /home/rony/Documents/inmind/Session09/ros2_ws/src/install/turtle_controller_interfaces/share/turtle_controller_interfaces/cmake/ament_cmake_export_dependencies-extras.cmake
[7.088s] -- Installing: /home/rony/Documents/inmind/Session09/ros2_ws/src/install/turtle_controller_interfaces/share/turtle_controller_interfaces/cmake/ament_cmake_export_include_directories-extras.cmake
[7.088s] -- Installing: /home/rony/Documents/inmind/Session09/ros2_ws/src/install/turtle_controller_interfaces/share/turtle_controller_interfaces/cmake/ament_cmake_export_libraries-extras.cmake
[7.088s] -- Installing: /home/rony/Documents/inmind/Session09/ros2_ws/src/install/turtle_controller_interfaces/share/turtle_controller_interfaces/cmake/ament_cmake_export_targets-extras.cmake
[7.089s] -- Installing: /home/rony/Documents/inmind/Session09/ros2_ws/src/install/turtle_controller_interfaces/share/turtle_controller_interfaces/cmake/rosidl_cmake_export_typesupport_targets-extras.cmake
[7.089s] -- Installing: /home/rony/Documents/inmind/Session09/ros2_ws/src/install/turtle_controller_interfaces/share/turtle_controller_interfaces/cmake/rosidl_cmake_export_typesupport_libraries-extras.cmake
[7.089s] -- Installing: /home/rony/Documents/inmind/Session09/ros2_ws/src/install/turtle_controller_interfaces/share/turtle_controller_interfaces/cmake/turtle_controller_interfacesConfig.cmake
[7.089s] -- Installing: /home/rony/Documents/inmind/Session09/ros2_ws/src/install/turtle_controller_interfaces/share/turtle_controller_interfaces/cmake/turtle_controller_interfacesConfig-version.cmake
[7.089s] -- Installing: /home/rony/Documents/inmind/Session09/ros2_ws/src/install/turtle_controller_interfaces/share/turtle_controller_interfaces/package.xml
[7.093s] Invoked command in '/home/rony/Documents/inmind/Session09/ros2_ws/src/build/turtle_controller_interfaces' returned '0': CMAKE_PREFIX_PATH=/opt/ros/humble /usr/bin/cmake --install /home/rony/Documents/inmind/Session09/ros2_ws/src/build/turtle_controller_interfaces
