[0.013s] Invoking command in '/home/rony/Documents/inmind/Session09/ros2_ws/src/build/session_09': CMAKE_PREFIX_PATH=${CMAKE_PREFIX_PATH}:/opt/ros/humble /usr/bin/cmake --build /home/rony/Documents/inmind/Session09/ros2_ws/src/build/session_09 -- -j8 -l8
[0.048s] [35m[1mConsolidate compiler generated dependencies of target talker[0m
[0.064s] [ 50%] [32mBuilding CXX object CMakeFiles/talker.dir/src/publisher_node.cpp.o[0m
[7.185s] [100%] [32m[1mLinking CXX executable talker[0m
[7.572s] [100%] Built target talker
[7.581s] Invoked command in '/home/rony/Documents/inmind/Session09/ros2_ws/src/build/session_09' returned '0': CMAKE_PREFIX_PATH=${CMAKE_PREFIX_PATH}:/opt/ros/humble /usr/bin/cmake --build /home/rony/Documents/inmind/Session09/ros2_ws/src/build/session_09 -- -j8 -l8
[7.608s] Invoking command in '/home/rony/Documents/inmind/Session09/ros2_ws/src/build/session_09': CMAKE_PREFIX_PATH=${CMAKE_PREFIX_PATH}:/opt/ros/humble /usr/bin/cmake --install /home/rony/Documents/inmind/Session09/ros2_ws/src/build/session_09
[7.614s] -- Install configuration: ""
[7.614s] -- Installing: /home/rony/Documents/inmind/Session09/ros2_ws/src/install/session_09/lib/session_09/talker
[7.618s] -- Set runtime path of "/home/rony/Documents/inmind/Session09/ros2_ws/src/install/session_09/lib/session_09/talker" to ""
[7.618s] -- Up-to-date: /home/rony/Documents/inmind/Session09/ros2_ws/src/install/session_09/share/ament_index/resource_index/package_run_dependencies/session_09
[7.618s] -- Up-to-date: /home/rony/Documents/inmind/Session09/ros2_ws/src/install/session_09/share/ament_index/resource_index/parent_prefix_path/session_09
[7.618s] -- Up-to-date: /home/rony/Documents/inmind/Session09/ros2_ws/src/install/session_09/share/session_09/environment/ament_prefix_path.sh
[7.618s] -- Up-to-date: /home/rony/Documents/inmind/Session09/ros2_ws/src/install/session_09/share/session_09/environment/ament_prefix_path.dsv
[7.618s] -- Up-to-date: /home/rony/Documents/inmind/Session09/ros2_ws/src/install/session_09/share/session_09/environment/path.sh
[7.619s] -- Up-to-date: /home/rony/Documents/inmind/Session09/ros2_ws/src/install/session_09/share/session_09/environment/path.dsv
[7.619s] -- Up-to-date: /home/rony/Documents/inmind/Session09/ros2_ws/src/install/session_09/share/session_09/local_setup.bash
[7.619s] -- Up-to-date: /home/rony/Documents/inmind/Session09/ros2_ws/src/install/session_09/share/session_09/local_setup.sh
[7.619s] -- Up-to-date: /home/rony/Documents/inmind/Session09/ros2_ws/src/install/session_09/share/session_09/local_setup.zsh
[7.619s] -- Up-to-date: /home/rony/Documents/inmind/Session09/ros2_ws/src/install/session_09/share/session_09/local_setup.dsv
[7.619s] -- Installing: /home/rony/Documents/inmind/Session09/ros2_ws/src/install/session_09/share/session_09/package.dsv
[7.619s] -- Up-to-date: /home/rony/Documents/inmind/Session09/ros2_ws/src/install/session_09/share/ament_index/resource_index/packages/session_09
[7.619s] -- Up-to-date: /home/rony/Documents/inmind/Session09/ros2_ws/src/install/session_09/share/session_09/cmake/session_09Config.cmake
[7.619s] -- Up-to-date: /home/rony/Documents/inmind/Session09/ros2_ws/src/install/session_09/share/session_09/cmake/session_09Config-version.cmake
[7.619s] -- Up-to-date: /home/rony/Documents/inmind/Session09/ros2_ws/src/install/session_09/share/session_09/package.xml
[7.620s] Invoked command in '/home/rony/Documents/inmind/Session09/ros2_ws/src/build/session_09' returned '0': CMAKE_PREFIX_PATH=${CMAKE_PREFIX_PATH}:/opt/ros/humble /usr/bin/cmake --install /home/rony/Documents/inmind/Session09/ros2_ws/src/build/session_09
