[0.007s] Invoking command in '/home/rony/Documents/inmind/Session09/ros2_ws/src/build/session_09': CMAKE_PREFIX_PATH=${CMAKE_PREFIX_PATH}:/opt/ros/humble /usr/bin/cmake --build /home/rony/Documents/inmind/Session09/ros2_ws/src/build/session_09 -- -j8 -l8
[0.047s] [35m[1mConsolidate compiler generated dependencies of target lap_timer_server[0m
[0.062s] [ 50%] Built target driver
[0.066s] [ 75%] [32mBuilding CXX object CMakeFiles/lap_timer_server.dir/src/lap_time_action_srv.cpp.o[0m
[2.142s] [01m[K/home/rony/Documents/inmind/Session09/ros2_ws/src/session_09/src/lap_time_action_srv.cpp:[m[K In member function ‘[01m[Krclcpp_action::GoalResponse LapTimeActionServer::handle_goal(const GoalUUID&, std::shared_ptr<const turtle_controller_interfaces::action::MeasureLapTime_Goal_<std::allocator<void> > >)[m[K’:
[2.142s] [01m[K/home/rony/Documents/inmind/Session09/ros2_ws/src/session_09/src/lap_time_action_srv.cpp:51:49:[m[K [01;35m[Kwarning: [m[Kunused parameter ‘[01m[Kgoal[m[K’ [[01;35m[K]8;;https://gcc.gnu.org/onlinedocs/gcc/Warning-Options.html#index-Wunused-parameter-Wunused-parameter]8;;[m[K]
[2.142s]    51 |     [01;35m[Kstd::shared_ptr<const MeasureLapTime::Goal> goal[m[K)
[2.142s]       |     [01;35m[K~~~~~~~~~~~~~~~~~~~~~~~~~~~~~~~~~~~~~~~~~~~~^~~~[m[K
[2.153s] [01m[K/home/rony/Documents/inmind/Session09/ros2_ws/src/session_09/src/lap_time_action_srv.cpp:[m[K In member function ‘[01m[Kvoid LapTimeActionServer::execute(std::shared_ptr<rclcpp_action::ServerGoalHandle<turtle_controller_interfaces::action::MeasureLapTime> >)[m[K’:
[2.154s] [01m[K/home/rony/Documents/inmind/Session09/ros2_ws/src/session_09/src/lap_time_action_srv.cpp:97:17:[m[K [01;35m[Kwarning: [m[Kstatement has no effect [[01;35m[K]8;;https://gcc.gnu.org/onlinedocs/gcc/Warning-Options.html#index-Wunused-value-Wunused-value]8;;[m[K]
[2.154s]    97 |     [01;35m[Kstart_time_ == 0.0[m[K;
[2.154s]       |     [01;35m[K~~~~~~~~~~~~^~~~~~[m[K
[7.328s] [100%] [32m[1mLinking CXX executable lap_timer_server[0m
[7.743s] [100%] Built target lap_timer_server
[7.753s] Invoked command in '/home/rony/Documents/inmind/Session09/ros2_ws/src/build/session_09' returned '0': CMAKE_PREFIX_PATH=${CMAKE_PREFIX_PATH}:/opt/ros/humble /usr/bin/cmake --build /home/rony/Documents/inmind/Session09/ros2_ws/src/build/session_09 -- -j8 -l8
[7.775s] Invoking command in '/home/rony/Documents/inmind/Session09/ros2_ws/src/build/session_09': CMAKE_PREFIX_PATH=${CMAKE_PREFIX_PATH}:/opt/ros/humble /usr/bin/cmake --install /home/rony/Documents/inmind/Session09/ros2_ws/src/build/session_09
[7.781s] -- Install configuration: ""
[7.781s] -- Up-to-date: /home/rony/Documents/inmind/Session09/ros2_ws/src/install/session_09/lib/session_09/driver
[7.782s] -- Installing: /home/rony/Documents/inmind/Session09/ros2_ws/src/install/session_09/lib/session_09/lap_timer_server
[7.787s] -- Set runtime path of "/home/rony/Documents/inmind/Session09/ros2_ws/src/install/session_09/lib/session_09/lap_timer_server" to ""
[7.787s] -- Up-to-date: /home/rony/Documents/inmind/Session09/ros2_ws/src/install/session_09/share/ament_index/resource_index/package_run_dependencies/session_09
[7.787s] -- Up-to-date: /home/rony/Documents/inmind/Session09/ros2_ws/src/install/session_09/share/ament_index/resource_index/parent_prefix_path/session_09
[7.787s] -- Up-to-date: /home/rony/Documents/inmind/Session09/ros2_ws/src/install/session_09/share/session_09/environment/ament_prefix_path.sh
[7.787s] -- Up-to-date: /home/rony/Documents/inmind/Session09/ros2_ws/src/install/session_09/share/session_09/environment/ament_prefix_path.dsv
[7.788s] -- Up-to-date: /home/rony/Documents/inmind/Session09/ros2_ws/src/install/session_09/share/session_09/environment/path.sh
[7.788s] -- Up-to-date: /home/rony/Documents/inmind/Session09/ros2_ws/src/install/session_09/share/session_09/environment/path.dsv
[7.788s] -- Up-to-date: /home/rony/Documents/inmind/Session09/ros2_ws/src/install/session_09/share/session_09/local_setup.bash
[7.788s] -- Up-to-date: /home/rony/Documents/inmind/Session09/ros2_ws/src/install/session_09/share/session_09/local_setup.sh
[7.788s] -- Up-to-date: /home/rony/Documents/inmind/Session09/ros2_ws/src/install/session_09/share/session_09/local_setup.zsh
[7.788s] -- Up-to-date: /home/rony/Documents/inmind/Session09/ros2_ws/src/install/session_09/share/session_09/local_setup.dsv
[7.788s] -- Installing: /home/rony/Documents/inmind/Session09/ros2_ws/src/install/session_09/share/session_09/package.dsv
[7.788s] -- Up-to-date: /home/rony/Documents/inmind/Session09/ros2_ws/src/install/session_09/share/ament_index/resource_index/packages/session_09
[7.788s] -- Up-to-date: /home/rony/Documents/inmind/Session09/ros2_ws/src/install/session_09/share/session_09/cmake/session_09Config.cmake
[7.788s] -- Up-to-date: /home/rony/Documents/inmind/Session09/ros2_ws/src/install/session_09/share/session_09/cmake/session_09Config-version.cmake
[7.788s] -- Up-to-date: /home/rony/Documents/inmind/Session09/ros2_ws/src/install/session_09/share/session_09/package.xml
[7.790s] Invoked command in '/home/rony/Documents/inmind/Session09/ros2_ws/src/build/session_09' returned '0': CMAKE_PREFIX_PATH=${CMAKE_PREFIX_PATH}:/opt/ros/humble /usr/bin/cmake --install /home/rony/Documents/inmind/Session09/ros2_ws/src/build/session_09
