[0.075s] DEBUG:colcon:Command line arguments: ['/usr/bin/colcon', 'build']
[0.075s] DEBUG:colcon:Parsed command line arguments: Namespace(log_base=None, log_level=None, verb_name='build', build_base='build', install_base='install', merge_install=False, symlink_install=False, test_result_base=None, continue_on_error=False, executor='parallel', parallel_workers=8, event_handlers=None, ignore_user_meta=False, metas=['./colcon.meta'], base_paths=['.'], packages_ignore=None, packages_ignore_regex=None, paths=None, packages_up_to=None, packages_up_to_regex=None, packages_above=None, packages_above_and_dependencies=None, packages_above_depth=None, packages_select_by_dep=None, packages_skip_by_dep=None, packages_skip_up_to=None, packages_select_build_failed=False, packages_skip_build_finished=False, packages_select_test_failures=False, packages_skip_test_passed=False, packages_select=None, packages_skip=None, packages_select_regex=None, packages_skip_regex=None, packages_start=None, packages_end=None, allow_overriding=[], cmake_args=None, cmake_target=None, cmake_target_skip_unavailable=False, cmake_clean_cache=False, cmake_clean_first=False, cmake_force_configure=False, ament_cmake_args=None, catkin_cmake_args=None, catkin_skip_building_tests=False, verb_parser=<colcon_defaults.argument_parser.defaults.DefaultArgumentsDecorator object at 0x760e3fdac250>, verb_extension=<colcon_core.verb.build.BuildVerb object at 0x760e3ff77c10>, main=<bound method BuildVerb.main of <colcon_core.verb.build.BuildVerb object at 0x760e3ff77c10>>)
[0.104s] Level 1:colcon.colcon_core.package_discovery:discover_packages(colcon_meta) check parameters
[0.104s] Level 1:colcon.colcon_core.package_discovery:discover_packages(recursive) check parameters
[0.105s] Level 1:colcon.colcon_core.package_discovery:discover_packages(ignore) check parameters
[0.105s] Level 1:colcon.colcon_core.package_discovery:discover_packages(path) check parameters
[0.105s] Level 1:colcon.colcon_core.package_discovery:discover_packages(colcon_meta) discover
[0.105s] Level 1:colcon.colcon_core.package_discovery:discover_packages(recursive) discover
[0.105s] INFO:colcon.colcon_core.package_discovery:Crawling recursively for packages in '/home/rony/Documents/inmind/Session09/ros2_ws/src'
[0.105s] Level 1:colcon.colcon_core.package_identification:_identify(.) by extensions ['ignore', 'ignore_ament_install']
[0.105s] Level 1:colcon.colcon_core.package_identification:_identify(.) by extension 'ignore'
[0.105s] Level 1:colcon.colcon_core.package_identification:_identify(.) by extension 'ignore_ament_install'
[0.105s] Level 1:colcon.colcon_core.package_identification:_identify(.) by extensions ['colcon_pkg']
[0.105s] Level 1:colcon.colcon_core.package_identification:_identify(.) by extension 'colcon_pkg'
[0.105s] Level 1:colcon.colcon_core.package_identification:_identify(.) by extensions ['colcon_meta']
[0.105s] Level 1:colcon.colcon_core.package_identification:_identify(.) by extension 'colcon_meta'
[0.105s] Level 1:colcon.colcon_core.package_identification:_identify(.) by extensions ['ros']
[0.105s] Level 1:colcon.colcon_core.package_identification:_identify(.) by extension 'ros'
[0.116s] Level 1:colcon.colcon_core.package_identification:_identify(.) by extensions ['cmake', 'python']
[0.116s] Level 1:colcon.colcon_core.package_identification:_identify(.) by extension 'cmake'
[0.116s] Level 1:colcon.colcon_core.package_identification:_identify(.) by extension 'python'
[0.117s] Level 1:colcon.colcon_core.package_identification:_identify(.) by extensions ['python_setup_py']
[0.117s] Level 1:colcon.colcon_core.package_identification:_identify(.) by extension 'python_setup_py'
[0.117s] Level 1:colcon.colcon_core.package_identification:_identify(build) by extensions ['ignore', 'ignore_ament_install']
[0.117s] Level 1:colcon.colcon_core.package_identification:_identify(build) by extension 'ignore'
[0.117s] Level 1:colcon.colcon_core.package_identification:_identify(build) ignored
[0.117s] Level 1:colcon.colcon_core.package_identification:_identify(install) by extensions ['ignore', 'ignore_ament_install']
[0.117s] Level 1:colcon.colcon_core.package_identification:_identify(install) by extension 'ignore'
[0.117s] Level 1:colcon.colcon_core.package_identification:_identify(install) ignored
[0.117s] Level 1:colcon.colcon_core.package_identification:_identify(log) by extensions ['ignore', 'ignore_ament_install']
[0.117s] Level 1:colcon.colcon_core.package_identification:_identify(log) by extension 'ignore'
[0.117s] Level 1:colcon.colcon_core.package_identification:_identify(log) ignored
[0.117s] Level 1:colcon.colcon_core.package_identification:_identify(session_09) by extensions ['ignore', 'ignore_ament_install']
[0.117s] Level 1:colcon.colcon_core.package_identification:_identify(session_09) by extension 'ignore'
[0.117s] Level 1:colcon.colcon_core.package_identification:_identify(session_09) by extension 'ignore_ament_install'
[0.117s] Level 1:colcon.colcon_core.package_identification:_identify(session_09) by extensions ['colcon_pkg']
[0.117s] Level 1:colcon.colcon_core.package_identification:_identify(session_09) by extension 'colcon_pkg'
[0.117s] Level 1:colcon.colcon_core.package_identification:_identify(session_09) by extensions ['colcon_meta']
[0.117s] Level 1:colcon.colcon_core.package_identification:_identify(session_09) by extension 'colcon_meta'
[0.117s] Level 1:colcon.colcon_core.package_identification:_identify(session_09) by extensions ['ros']
[0.117s] Level 1:colcon.colcon_core.package_identification:_identify(session_09) by extension 'ros'
[0.119s] DEBUG:colcon.colcon_core.package_identification:Package 'session_09' with type 'ros.ament_cmake' and name 'session_09'
[0.120s] Level 1:colcon.colcon_core.package_identification:_identify(turtle_controller_interfaces) by extensions ['ignore', 'ignore_ament_install']
[0.120s] Level 1:colcon.colcon_core.package_identification:_identify(turtle_controller_interfaces) by extension 'ignore'
[0.120s] Level 1:colcon.colcon_core.package_identification:_identify(turtle_controller_interfaces) by extension 'ignore_ament_install'
[0.120s] Level 1:colcon.colcon_core.package_identification:_identify(turtle_controller_interfaces) by extensions ['colcon_pkg']
[0.120s] Level 1:colcon.colcon_core.package_identification:_identify(turtle_controller_interfaces) by extension 'colcon_pkg'
[0.120s] Level 1:colcon.colcon_core.package_identification:_identify(turtle_controller_interfaces) by extensions ['colcon_meta']
[0.120s] Level 1:colcon.colcon_core.package_identification:_identify(turtle_controller_interfaces) by extension 'colcon_meta'
[0.120s] Level 1:colcon.colcon_core.package_identification:_identify(turtle_controller_interfaces) by extensions ['ros']
[0.120s] Level 1:colcon.colcon_core.package_identification:_identify(turtle_controller_interfaces) by extension 'ros'
[0.120s] DEBUG:colcon.colcon_core.package_identification:Package 'turtle_controller_interfaces' with type 'ros.ament_cmake' and name 'turtle_controller_interfaces'
[0.120s] Level 1:colcon.colcon_core.package_discovery:discover_packages(recursive) using defaults
[0.120s] Level 1:colcon.colcon_core.package_discovery:discover_packages(ignore) discover
[0.120s] Level 1:colcon.colcon_core.package_discovery:discover_packages(ignore) using defaults
[0.120s] Level 1:colcon.colcon_core.package_discovery:discover_packages(path) discover
[0.120s] Level 1:colcon.colcon_core.package_discovery:discover_packages(path) using defaults
[0.135s] Level 1:colcon.colcon_core.package_discovery:discover_packages(prefix_path) check parameters
[0.135s] Level 1:colcon.colcon_core.package_discovery:discover_packages(prefix_path) discover
[0.136s] DEBUG:colcon.colcon_installed_package_information.package_discovery:Found 2 installed packages in /home/rony/Documents/inmind/Session09/ros2_ws/src/install
[0.137s] DEBUG:colcon.colcon_installed_package_information.package_discovery:Found 278 installed packages in /opt/ros/humble
[0.139s] Level 1:colcon.colcon_core.package_discovery:discover_packages(prefix_path) using defaults
[0.165s] Level 5:colcon.colcon_core.verb:set package 'turtle_controller_interfaces' build argument 'cmake_args' from command line to 'None'
[0.165s] Level 5:colcon.colcon_core.verb:set package 'turtle_controller_interfaces' build argument 'cmake_target' from command line to 'None'
[0.165s] Level 5:colcon.colcon_core.verb:set package 'turtle_controller_interfaces' build argument 'cmake_target_skip_unavailable' from command line to 'False'
[0.165s] Level 5:colcon.colcon_core.verb:set package 'turtle_controller_interfaces' build argument 'cmake_clean_cache' from command line to 'False'
[0.165s] Level 5:colcon.colcon_core.verb:set package 'turtle_controller_interfaces' build argument 'cmake_clean_first' from command line to 'False'
[0.165s] Level 5:colcon.colcon_core.verb:set package 'turtle_controller_interfaces' build argument 'cmake_force_configure' from command line to 'False'
[0.165s] Level 5:colcon.colcon_core.verb:set package 'turtle_controller_interfaces' build argument 'ament_cmake_args' from command line to 'None'
[0.165s] Level 5:colcon.colcon_core.verb:set package 'turtle_controller_interfaces' build argument 'catkin_cmake_args' from command line to 'None'
[0.165s] Level 5:colcon.colcon_core.verb:set package 'turtle_controller_interfaces' build argument 'catkin_skip_building_tests' from command line to 'False'
[0.165s] DEBUG:colcon.colcon_core.verb:Building package 'turtle_controller_interfaces' with the following arguments: {'ament_cmake_args': None, 'build_base': '/home/rony/Documents/inmind/Session09/ros2_ws/src/build/turtle_controller_interfaces', 'catkin_cmake_args': None, 'catkin_skip_building_tests': False, 'cmake_args': None, 'cmake_clean_cache': False, 'cmake_clean_first': False, 'cmake_force_configure': False, 'cmake_target': None, 'cmake_target_skip_unavailable': False, 'install_base': '/home/rony/Documents/inmind/Session09/ros2_ws/src/install/turtle_controller_interfaces', 'merge_install': False, 'path': '/home/rony/Documents/inmind/Session09/ros2_ws/src/turtle_controller_interfaces', 'symlink_install': False, 'test_result_base': None}
[0.166s] Level 5:colcon.colcon_core.verb:set package 'session_09' build argument 'cmake_args' from command line to 'None'
[0.166s] Level 5:colcon.colcon_core.verb:set package 'session_09' build argument 'cmake_target' from command line to 'None'
[0.166s] Level 5:colcon.colcon_core.verb:set package 'session_09' build argument 'cmake_target_skip_unavailable' from command line to 'False'
[0.166s] Level 5:colcon.colcon_core.verb:set package 'session_09' build argument 'cmake_clean_cache' from command line to 'False'
[0.166s] Level 5:colcon.colcon_core.verb:set package 'session_09' build argument 'cmake_clean_first' from command line to 'False'
[0.166s] Level 5:colcon.colcon_core.verb:set package 'session_09' build argument 'cmake_force_configure' from command line to 'False'
[0.166s] Level 5:colcon.colcon_core.verb:set package 'session_09' build argument 'ament_cmake_args' from command line to 'None'
[0.166s] Level 5:colcon.colcon_core.verb:set package 'session_09' build argument 'catkin_cmake_args' from command line to 'None'
[0.166s] Level 5:colcon.colcon_core.verb:set package 'session_09' build argument 'catkin_skip_building_tests' from command line to 'False'
[0.166s] DEBUG:colcon.colcon_core.verb:Building package 'session_09' with the following arguments: {'ament_cmake_args': None, 'build_base': '/home/rony/Documents/inmind/Session09/ros2_ws/src/build/session_09', 'catkin_cmake_args': None, 'catkin_skip_building_tests': False, 'cmake_args': None, 'cmake_clean_cache': False, 'cmake_clean_first': False, 'cmake_force_configure': False, 'cmake_target': None, 'cmake_target_skip_unavailable': False, 'install_base': '/home/rony/Documents/inmind/Session09/ros2_ws/src/install/session_09', 'merge_install': False, 'path': '/home/rony/Documents/inmind/Session09/ros2_ws/src/session_09', 'symlink_install': False, 'test_result_base': None}
[0.166s] INFO:colcon.colcon_core.executor:Executing jobs using 'parallel' executor
[0.167s] DEBUG:colcon.colcon_parallel_executor.executor.parallel:run_until_complete
[0.167s] INFO:colcon.colcon_ros.task.ament_cmake.build:Building ROS package in '/home/rony/Documents/inmind/Session09/ros2_ws/src/turtle_controller_interfaces' with build type 'ament_cmake'
[0.167s] INFO:colcon.colcon_cmake.task.cmake.build:Building CMake package in '/home/rony/Documents/inmind/Session09/ros2_ws/src/turtle_controller_interfaces'
[0.168s] INFO:colcon.colcon_core.plugin_system:Skipping extension 'colcon_core.shell.bat': Not used on non-Windows systems
[0.169s] INFO:colcon.colcon_core.shell:Skip shell extension 'powershell' for command environment: Not usable outside of PowerShell
[0.169s] DEBUG:colcon.colcon_core.shell:Skip shell extension 'dsv' for command environment
[0.176s] DEBUG:colcon.colcon_core.event_handler.log_command:Invoking command in '/home/rony/Documents/inmind/Session09/ros2_ws/src/build/turtle_controller_interfaces': CMAKE_PREFIX_PATH=${CMAKE_PREFIX_PATH}:/opt/ros/humble /usr/bin/cmake --build /home/rony/Documents/inmind/Session09/ros2_ws/src/build/turtle_controller_interfaces -- -j8 -l8
[0.452s] DEBUG:colcon.colcon_core.event_handler.log_command:Invoked command in '/home/rony/Documents/inmind/Session09/ros2_ws/src/build/turtle_controller_interfaces' returned '0': CMAKE_PREFIX_PATH=${CMAKE_PREFIX_PATH}:/opt/ros/humble /usr/bin/cmake --build /home/rony/Documents/inmind/Session09/ros2_ws/src/build/turtle_controller_interfaces -- -j8 -l8
[0.517s] DEBUG:colcon.colcon_core.event_handler.log_command:Invoking command in '/home/rony/Documents/inmind/Session09/ros2_ws/src/build/turtle_controller_interfaces': CMAKE_PREFIX_PATH=${CMAKE_PREFIX_PATH}:/opt/ros/humble /usr/bin/cmake --install /home/rony/Documents/inmind/Session09/ros2_ws/src/build/turtle_controller_interfaces
[0.560s] Level 1:colcon.colcon_core.environment:create_environment_scripts_only(turtle_controller_interfaces)
[0.560s] DEBUG:colcon.colcon_core.event_handler.log_command:Invoked command in '/home/rony/Documents/inmind/Session09/ros2_ws/src/build/turtle_controller_interfaces' returned '0': CMAKE_PREFIX_PATH=${CMAKE_PREFIX_PATH}:/opt/ros/humble /usr/bin/cmake --install /home/rony/Documents/inmind/Session09/ros2_ws/src/build/turtle_controller_interfaces
[0.563s] Level 1:colcon.colcon_core.environment:checking '/home/rony/Documents/inmind/Session09/ros2_ws/src/install/turtle_controller_interfaces' for CMake module files
[0.563s] Level 1:colcon.colcon_core.environment:checking '/home/rony/Documents/inmind/Session09/ros2_ws/src/install/turtle_controller_interfaces' for CMake config files
[0.563s] Level 1:colcon.colcon_core.shell:create_environment_hook('turtle_controller_interfaces', 'cmake_prefix_path')
[0.564s] INFO:colcon.colcon_core.shell:Creating environment hook '/home/rony/Documents/inmind/Session09/ros2_ws/src/install/turtle_controller_interfaces/share/turtle_controller_interfaces/hook/cmake_prefix_path.ps1'
[0.564s] INFO:colcon.colcon_core.shell:Creating environment descriptor '/home/rony/Documents/inmind/Session09/ros2_ws/src/install/turtle_controller_interfaces/share/turtle_controller_interfaces/hook/cmake_prefix_path.dsv'
[0.564s] INFO:colcon.colcon_core.shell:Creating environment hook '/home/rony/Documents/inmind/Session09/ros2_ws/src/install/turtle_controller_interfaces/share/turtle_controller_interfaces/hook/cmake_prefix_path.sh'
[0.565s] Level 1:colcon.colcon_core.environment:checking '/home/rony/Documents/inmind/Session09/ros2_ws/src/install/turtle_controller_interfaces/lib'
[0.565s] Level 1:colcon.colcon_core.shell:create_environment_hook('turtle_controller_interfaces', 'ld_library_path_lib')
[0.566s] INFO:colcon.colcon_core.shell:Creating environment hook '/home/rony/Documents/inmind/Session09/ros2_ws/src/install/turtle_controller_interfaces/share/turtle_controller_interfaces/hook/ld_library_path_lib.ps1'
[0.566s] INFO:colcon.colcon_core.shell:Creating environment descriptor '/home/rony/Documents/inmind/Session09/ros2_ws/src/install/turtle_controller_interfaces/share/turtle_controller_interfaces/hook/ld_library_path_lib.dsv'
[0.566s] INFO:colcon.colcon_core.shell:Creating environment hook '/home/rony/Documents/inmind/Session09/ros2_ws/src/install/turtle_controller_interfaces/share/turtle_controller_interfaces/hook/ld_library_path_lib.sh'
[0.566s] Level 1:colcon.colcon_core.environment:checking '/home/rony/Documents/inmind/Session09/ros2_ws/src/install/turtle_controller_interfaces/bin'
[0.566s] Level 1:colcon.colcon_core.environment:checking '/home/rony/Documents/inmind/Session09/ros2_ws/src/install/turtle_controller_interfaces/lib/pkgconfig/turtle_controller_interfaces.pc'
[0.567s] Level 1:colcon.colcon_core.environment:checking '/home/rony/Documents/inmind/Session09/ros2_ws/src/install/turtle_controller_interfaces/lib/python3.10/site-packages'
[0.567s] Level 1:colcon.colcon_core.environment:checking '/home/rony/Documents/inmind/Session09/ros2_ws/src/install/turtle_controller_interfaces/bin'
[0.567s] INFO:colcon.colcon_core.shell:Creating package script '/home/rony/Documents/inmind/Session09/ros2_ws/src/install/turtle_controller_interfaces/share/turtle_controller_interfaces/package.ps1'
[0.568s] INFO:colcon.colcon_core.shell:Creating package descriptor '/home/rony/Documents/inmind/Session09/ros2_ws/src/install/turtle_controller_interfaces/share/turtle_controller_interfaces/package.dsv'
[0.568s] INFO:colcon.colcon_core.shell:Creating package script '/home/rony/Documents/inmind/Session09/ros2_ws/src/install/turtle_controller_interfaces/share/turtle_controller_interfaces/package.sh'
[0.569s] INFO:colcon.colcon_core.shell:Creating package script '/home/rony/Documents/inmind/Session09/ros2_ws/src/install/turtle_controller_interfaces/share/turtle_controller_interfaces/package.bash'
[0.569s] INFO:colcon.colcon_core.shell:Creating package script '/home/rony/Documents/inmind/Session09/ros2_ws/src/install/turtle_controller_interfaces/share/turtle_controller_interfaces/package.zsh'
[0.569s] Level 1:colcon.colcon_core.environment:create_file_with_runtime_dependencies(/home/rony/Documents/inmind/Session09/ros2_ws/src/install/turtle_controller_interfaces/share/colcon-core/packages/turtle_controller_interfaces)
[0.626s] Level 1:colcon.colcon_core.environment:create_environment_scripts_only(turtle_controller_interfaces)
[0.626s] Level 1:colcon.colcon_core.environment:checking '/home/rony/Documents/inmind/Session09/ros2_ws/src/install/turtle_controller_interfaces' for CMake module files
[0.627s] Level 1:colcon.colcon_core.environment:checking '/home/rony/Documents/inmind/Session09/ros2_ws/src/install/turtle_controller_interfaces' for CMake config files
[0.627s] Level 1:colcon.colcon_core.shell:create_environment_hook('turtle_controller_interfaces', 'cmake_prefix_path')
[0.627s] INFO:colcon.colcon_core.shell:Creating environment hook '/home/rony/Documents/inmind/Session09/ros2_ws/src/install/turtle_controller_interfaces/share/turtle_controller_interfaces/hook/cmake_prefix_path.ps1'
[0.628s] INFO:colcon.colcon_core.shell:Creating environment descriptor '/home/rony/Documents/inmind/Session09/ros2_ws/src/install/turtle_controller_interfaces/share/turtle_controller_interfaces/hook/cmake_prefix_path.dsv'
[0.628s] INFO:colcon.colcon_core.shell:Creating environment hook '/home/rony/Documents/inmind/Session09/ros2_ws/src/install/turtle_controller_interfaces/share/turtle_controller_interfaces/hook/cmake_prefix_path.sh'
[0.629s] Level 1:colcon.colcon_core.environment:checking '/home/rony/Documents/inmind/Session09/ros2_ws/src/install/turtle_controller_interfaces/lib'
[0.629s] Level 1:colcon.colcon_core.shell:create_environment_hook('turtle_controller_interfaces', 'ld_library_path_lib')
[0.629s] INFO:colcon.colcon_core.shell:Creating environment hook '/home/rony/Documents/inmind/Session09/ros2_ws/src/install/turtle_controller_interfaces/share/turtle_controller_interfaces/hook/ld_library_path_lib.ps1'
[0.629s] INFO:colcon.colcon_core.shell:Creating environment descriptor '/home/rony/Documents/inmind/Session09/ros2_ws/src/install/turtle_controller_interfaces/share/turtle_controller_interfaces/hook/ld_library_path_lib.dsv'
[0.629s] INFO:colcon.colcon_core.shell:Creating environment hook '/home/rony/Documents/inmind/Session09/ros2_ws/src/install/turtle_controller_interfaces/share/turtle_controller_interfaces/hook/ld_library_path_lib.sh'
[0.630s] Level 1:colcon.colcon_core.environment:checking '/home/rony/Documents/inmind/Session09/ros2_ws/src/install/turtle_controller_interfaces/bin'
[0.630s] Level 1:colcon.colcon_core.environment:checking '/home/rony/Documents/inmind/Session09/ros2_ws/src/install/turtle_controller_interfaces/lib/pkgconfig/turtle_controller_interfaces.pc'
[0.630s] Level 1:colcon.colcon_core.environment:checking '/home/rony/Documents/inmind/Session09/ros2_ws/src/install/turtle_controller_interfaces/lib/python3.10/site-packages'
[0.630s] Level 1:colcon.colcon_core.environment:checking '/home/rony/Documents/inmind/Session09/ros2_ws/src/install/turtle_controller_interfaces/bin'
[0.630s] INFO:colcon.colcon_core.shell:Creating package script '/home/rony/Documents/inmind/Session09/ros2_ws/src/install/turtle_controller_interfaces/share/turtle_controller_interfaces/package.ps1'
[0.631s] INFO:colcon.colcon_core.shell:Creating package descriptor '/home/rony/Documents/inmind/Session09/ros2_ws/src/install/turtle_controller_interfaces/share/turtle_controller_interfaces/package.dsv'
[0.631s] INFO:colcon.colcon_core.shell:Creating package script '/home/rony/Documents/inmind/Session09/ros2_ws/src/install/turtle_controller_interfaces/share/turtle_controller_interfaces/package.sh'
[0.631s] INFO:colcon.colcon_core.shell:Creating package script '/home/rony/Documents/inmind/Session09/ros2_ws/src/install/turtle_controller_interfaces/share/turtle_controller_interfaces/package.bash'
[0.631s] INFO:colcon.colcon_core.shell:Creating package script '/home/rony/Documents/inmind/Session09/ros2_ws/src/install/turtle_controller_interfaces/share/turtle_controller_interfaces/package.zsh'
[0.632s] Level 1:colcon.colcon_core.environment:create_file_with_runtime_dependencies(/home/rony/Documents/inmind/Session09/ros2_ws/src/install/turtle_controller_interfaces/share/colcon-core/packages/turtle_controller_interfaces)
[0.632s] INFO:colcon.colcon_ros.task.ament_cmake.build:Building ROS package in '/home/rony/Documents/inmind/Session09/ros2_ws/src/session_09' with build type 'ament_cmake'
[0.632s] INFO:colcon.colcon_cmake.task.cmake.build:Building CMake package in '/home/rony/Documents/inmind/Session09/ros2_ws/src/session_09'
[0.632s] INFO:colcon.colcon_core.shell:Skip shell extension 'powershell' for command environment: Not usable outside of PowerShell
[0.632s] DEBUG:colcon.colcon_core.shell:Skip shell extension 'dsv' for command environment
[0.640s] DEBUG:colcon.colcon_core.event_handler.log_command:Invoking command in '/home/rony/Documents/inmind/Session09/ros2_ws/src/build/session_09': CMAKE_PREFIX_PATH=${CMAKE_PREFIX_PATH}:/opt/ros/humble /usr/bin/cmake --build /home/rony/Documents/inmind/Session09/ros2_ws/src/build/session_09 -- -j8 -l8
[8.319s] DEBUG:colcon.colcon_core.event_handler.log_command:Invoked command in '/home/rony/Documents/inmind/Session09/ros2_ws/src/build/session_09' returned '0': CMAKE_PREFIX_PATH=${CMAKE_PREFIX_PATH}:/opt/ros/humble /usr/bin/cmake --build /home/rony/Documents/inmind/Session09/ros2_ws/src/build/session_09 -- -j8 -l8
[8.342s] DEBUG:colcon.colcon_core.event_handler.log_command:Invoking command in '/home/rony/Documents/inmind/Session09/ros2_ws/src/build/session_09': CMAKE_PREFIX_PATH=${CMAKE_PREFIX_PATH}:/opt/ros/humble /usr/bin/cmake --install /home/rony/Documents/inmind/Session09/ros2_ws/src/build/session_09
[8.353s] Level 1:colcon.colcon_core.environment:create_environment_scripts_only(session_09)
[8.353s] Level 1:colcon.colcon_core.environment:checking '/home/rony/Documents/inmind/Session09/ros2_ws/src/install/session_09' for CMake module files
[8.354s] DEBUG:colcon.colcon_core.event_handler.log_command:Invoked command in '/home/rony/Documents/inmind/Session09/ros2_ws/src/build/session_09' returned '0': CMAKE_PREFIX_PATH=${CMAKE_PREFIX_PATH}:/opt/ros/humble /usr/bin/cmake --install /home/rony/Documents/inmind/Session09/ros2_ws/src/build/session_09
[8.354s] Level 1:colcon.colcon_core.environment:checking '/home/rony/Documents/inmind/Session09/ros2_ws/src/install/session_09' for CMake config files
[8.354s] Level 1:colcon.colcon_core.shell:create_environment_hook('session_09', 'cmake_prefix_path')
[8.354s] INFO:colcon.colcon_core.shell:Creating environment hook '/home/rony/Documents/inmind/Session09/ros2_ws/src/install/session_09/share/session_09/hook/cmake_prefix_path.ps1'
[8.355s] INFO:colcon.colcon_core.shell:Creating environment descriptor '/home/rony/Documents/inmind/Session09/ros2_ws/src/install/session_09/share/session_09/hook/cmake_prefix_path.dsv'
[8.355s] INFO:colcon.colcon_core.shell:Creating environment hook '/home/rony/Documents/inmind/Session09/ros2_ws/src/install/session_09/share/session_09/hook/cmake_prefix_path.sh'
[8.355s] Level 1:colcon.colcon_core.environment:checking '/home/rony/Documents/inmind/Session09/ros2_ws/src/install/session_09/lib'
[8.356s] Level 1:colcon.colcon_core.environment:checking '/home/rony/Documents/inmind/Session09/ros2_ws/src/install/session_09/bin'
[8.356s] Level 1:colcon.colcon_core.environment:checking '/home/rony/Documents/inmind/Session09/ros2_ws/src/install/session_09/lib/pkgconfig/session_09.pc'
[8.356s] Level 1:colcon.colcon_core.environment:checking '/home/rony/Documents/inmind/Session09/ros2_ws/src/install/session_09/lib/python3.10/site-packages'
[8.356s] Level 1:colcon.colcon_core.environment:checking '/home/rony/Documents/inmind/Session09/ros2_ws/src/install/session_09/bin'
[8.356s] INFO:colcon.colcon_core.shell:Creating package script '/home/rony/Documents/inmind/Session09/ros2_ws/src/install/session_09/share/session_09/package.ps1'
[8.357s] INFO:colcon.colcon_core.shell:Creating package descriptor '/home/rony/Documents/inmind/Session09/ros2_ws/src/install/session_09/share/session_09/package.dsv'
[8.357s] INFO:colcon.colcon_core.shell:Creating package script '/home/rony/Documents/inmind/Session09/ros2_ws/src/install/session_09/share/session_09/package.sh'
[8.357s] INFO:colcon.colcon_core.shell:Creating package script '/home/rony/Documents/inmind/Session09/ros2_ws/src/install/session_09/share/session_09/package.bash'
[8.358s] INFO:colcon.colcon_core.shell:Creating package script '/home/rony/Documents/inmind/Session09/ros2_ws/src/install/session_09/share/session_09/package.zsh'
[8.358s] Level 1:colcon.colcon_core.environment:create_file_with_runtime_dependencies(/home/rony/Documents/inmind/Session09/ros2_ws/src/install/session_09/share/colcon-core/packages/session_09)
[8.379s] Level 1:colcon.colcon_core.environment:create_environment_scripts_only(session_09)
[8.379s] Level 1:colcon.colcon_core.environment:checking '/home/rony/Documents/inmind/Session09/ros2_ws/src/install/session_09' for CMake module files
[8.379s] Level 1:colcon.colcon_core.environment:checking '/home/rony/Documents/inmind/Session09/ros2_ws/src/install/session_09' for CMake config files
[8.380s] Level 1:colcon.colcon_core.shell:create_environment_hook('session_09', 'cmake_prefix_path')
[8.380s] INFO:colcon.colcon_core.shell:Creating environment hook '/home/rony/Documents/inmind/Session09/ros2_ws/src/install/session_09/share/session_09/hook/cmake_prefix_path.ps1'
[8.380s] INFO:colcon.colcon_core.shell:Creating environment descriptor '/home/rony/Documents/inmind/Session09/ros2_ws/src/install/session_09/share/session_09/hook/cmake_prefix_path.dsv'
[8.380s] INFO:colcon.colcon_core.shell:Creating environment hook '/home/rony/Documents/inmind/Session09/ros2_ws/src/install/session_09/share/session_09/hook/cmake_prefix_path.sh'
[8.381s] Level 1:colcon.colcon_core.environment:checking '/home/rony/Documents/inmind/Session09/ros2_ws/src/install/session_09/lib'
[8.381s] Level 1:colcon.colcon_core.environment:checking '/home/rony/Documents/inmind/Session09/ros2_ws/src/install/session_09/bin'
[8.381s] Level 1:colcon.colcon_core.environment:checking '/home/rony/Documents/inmind/Session09/ros2_ws/src/install/session_09/lib/pkgconfig/session_09.pc'
[8.381s] Level 1:colcon.colcon_core.environment:checking '/home/rony/Documents/inmind/Session09/ros2_ws/src/install/session_09/lib/python3.10/site-packages'
[8.381s] Level 1:colcon.colcon_core.environment:checking '/home/rony/Documents/inmind/Session09/ros2_ws/src/install/session_09/bin'
[8.381s] INFO:colcon.colcon_core.shell:Creating package script '/home/rony/Documents/inmind/Session09/ros2_ws/src/install/session_09/share/session_09/package.ps1'
[8.382s] INFO:colcon.colcon_core.shell:Creating package descriptor '/home/rony/Documents/inmind/Session09/ros2_ws/src/install/session_09/share/session_09/package.dsv'
[8.382s] INFO:colcon.colcon_core.shell:Creating package script '/home/rony/Documents/inmind/Session09/ros2_ws/src/install/session_09/share/session_09/package.sh'
[8.382s] INFO:colcon.colcon_core.shell:Creating package script '/home/rony/Documents/inmind/Session09/ros2_ws/src/install/session_09/share/session_09/package.bash'
[8.383s] INFO:colcon.colcon_core.shell:Creating package script '/home/rony/Documents/inmind/Session09/ros2_ws/src/install/session_09/share/session_09/package.zsh'
[8.383s] Level 1:colcon.colcon_core.environment:create_file_with_runtime_dependencies(/home/rony/Documents/inmind/Session09/ros2_ws/src/install/session_09/share/colcon-core/packages/session_09)
[8.383s] DEBUG:colcon.colcon_parallel_executor.executor.parallel:closing loop
[8.384s] DEBUG:colcon.colcon_parallel_executor.executor.parallel:loop closed
[8.384s] DEBUG:colcon.colcon_parallel_executor.executor.parallel:run_until_complete finished with '0'
[8.384s] DEBUG:colcon.colcon_core.event_reactor:joining thread
[8.388s] INFO:colcon.colcon_core.plugin_system:Skipping extension 'colcon_notification.desktop_notification.terminal_notifier': Not used on non-Darwin systems
[8.388s] INFO:colcon.colcon_core.plugin_system:Skipping extension 'colcon_notification.desktop_notification.win32': Not used on non-Windows systems
[8.388s] INFO:colcon.colcon_notification.desktop_notification:Sending desktop notification using 'notify2'
[8.399s] DEBUG:colcon.colcon_core.event_reactor:joined thread
[8.399s] INFO:colcon.colcon_core.shell:Creating prefix script '/home/rony/Documents/inmind/Session09/ros2_ws/src/install/local_setup.ps1'
[8.400s] INFO:colcon.colcon_core.shell:Creating prefix util module '/home/rony/Documents/inmind/Session09/ros2_ws/src/install/_local_setup_util_ps1.py'
[8.401s] INFO:colcon.colcon_core.shell:Creating prefix chain script '/home/rony/Documents/inmind/Session09/ros2_ws/src/install/setup.ps1'
[8.402s] INFO:colcon.colcon_core.shell:Creating prefix script '/home/rony/Documents/inmind/Session09/ros2_ws/src/install/local_setup.sh'
[8.403s] INFO:colcon.colcon_core.shell:Creating prefix util module '/home/rony/Documents/inmind/Session09/ros2_ws/src/install/_local_setup_util_sh.py'
[8.403s] INFO:colcon.colcon_core.shell:Creating prefix chain script '/home/rony/Documents/inmind/Session09/ros2_ws/src/install/setup.sh'
[8.404s] INFO:colcon.colcon_core.shell:Creating prefix script '/home/rony/Documents/inmind/Session09/ros2_ws/src/install/local_setup.bash'
[8.404s] INFO:colcon.colcon_core.shell:Creating prefix chain script '/home/rony/Documents/inmind/Session09/ros2_ws/src/install/setup.bash'
[8.405s] INFO:colcon.colcon_core.shell:Creating prefix script '/home/rony/Documents/inmind/Session09/ros2_ws/src/install/local_setup.zsh'
[8.405s] INFO:colcon.colcon_core.shell:Creating prefix chain script '/home/rony/Documents/inmind/Session09/ros2_ws/src/install/setup.zsh'
