[0.019s] Invoking command in '/home/rony/Documents/inmind/Session09/ros2_ws/src/build/turtle_controller_interfaces': CMAKE_PREFIX_PATH=${CMAKE_PREFIX_PATH}:/opt/ros/humble /usr/bin/cmake --build /home/rony/Documents/inmind/Session09/ros2_ws/src/build/turtle_controller_interfaces -- -j8 -l8
[0.046s] -- Found ament_cmake: 1.3.9 (/opt/ros/humble/share/ament_cmake/cmake)
[0.148s] -- Found rosidl_default_generators: 1.2.0 (/opt/ros/humble/share/rosidl_default_generators/cmake)
[0.149s] -- Using all available rosidl_typesupport_c: rosidl_typesupport_fastrtps_c;rosidl_typesupport_introspection_c
[0.151s] -- Found rosidl_adapter: 3.1.5 (/opt/ros/humble/share/rosidl_adapter/cmake)
[0.173s] -- Using all available rosidl_typesupport_cpp: rosidl_typesupport_fastrtps_cpp;rosidl_typesupport_introspection_cpp
[0.468s] -- Found ament_cmake_ros: 0.10.0 (/opt/ros/humble/share/ament_cmake_ros/cmake)
[0.624s] -- Using all available rosidl_typesupport_c: rosidl_typesupport_fastrtps_c;rosidl_typesupport_introspection_c
[0.824s] -- Using all available rosidl_typesupport_cpp: rosidl_typesupport_fastrtps_cpp;rosidl_typesupport_introspection_cpp
[0.845s] -- Found python_cmake_module: 0.10.0 (/opt/ros/humble/share/python_cmake_module/cmake)
[0.866s] -- Using PYTHON_EXECUTABLE: /usr/bin/python3
[0.866s] -- Using PYTHON_INCLUDE_DIRS: /usr/include/python3.10
[0.866s] -- Using PYTHON_LIBRARIES: /usr/lib/x86_64-linux-gnu/libpython3.10.so
[0.892s] -- Configuring done
[0.926s] -- Generating done
[0.930s] -- Build files have been written to: /home/rony/Documents/inmind/Session09/ros2_ws/src/build/turtle_controller_interfaces
[0.953s] [35m[1mConsolidate compiler generated dependencies of target turtle_controller_interfaces__rosidl_generator_c[0m
[0.961s] [  2%] Built target turtle_controller_interfaces__cpp
[0.962s] [  5%] [32mBuilding C object CMakeFiles/turtle_controller_interfaces__rosidl_generator_c.dir/rosidl_generator_c/turtle_controller_interfaces/action/detail/measure_lap_time__functions.c.o[0m
[0.968s] [  7%] [32mBuilding C object CMakeFiles/turtle_controller_interfaces__rosidl_generator_c.dir/rosidl_generator_c/turtle_controller_interfaces/srv/detail/find_closest_wall__functions.c.o[0m
[0.972s] [  7%] Built target ament_cmake_python_copy_turtle_controller_interfaces
[0.973s] [35m[1mConsolidate compiler generated dependencies of target turtle_controller_interfaces__rosidl_typesupport_cpp[0m
[0.973s] [35m[1mConsolidate compiler generated dependencies of target turtle_controller_interfaces__rosidl_typesupport_introspection_cpp[0m
[0.973s] [35m[1mConsolidate compiler generated dependencies of target turtle_controller_interfaces__rosidl_typesupport_fastrtps_cpp[0m
[0.992s] [ 10%] [32mBuilding CXX object CMakeFiles/turtle_controller_interfaces__rosidl_typesupport_fastrtps_cpp.dir/rosidl_typesupport_fastrtps_cpp/turtle_controller_interfaces/srv/detail/dds_fastrtps/find_closest_wall__type_support.cpp.o[0m
[0.992s] [ 12%] [32mBuilding CXX object CMakeFiles/turtle_controller_interfaces__rosidl_typesupport_cpp.dir/rosidl_typesupport_cpp/turtle_controller_interfaces/action/measure_lap_time__type_support.cpp.o[0m
[0.993s] [ 15%] [32mBuilding CXX object CMakeFiles/turtle_controller_interfaces__rosidl_typesupport_introspection_cpp.dir/rosidl_typesupport_introspection_cpp/turtle_controller_interfaces/action/detail/measure_lap_time__type_support.cpp.o[0m
[0.994s] [ 17%] [32mBuilding CXX object CMakeFiles/turtle_controller_interfaces__rosidl_typesupport_cpp.dir/rosidl_typesupport_cpp/turtle_controller_interfaces/srv/find_closest_wall__type_support.cpp.o[0m
[0.995s] [ 20%] [32mBuilding CXX object CMakeFiles/turtle_controller_interfaces__rosidl_typesupport_fastrtps_cpp.dir/rosidl_typesupport_fastrtps_cpp/turtle_controller_interfaces/action/detail/dds_fastrtps/measure_lap_time__type_support.cpp.o[0m
[1.120s] [ 23%] [32mBuilding CXX object CMakeFiles/turtle_controller_interfaces__rosidl_typesupport_introspection_cpp.dir/rosidl_typesupport_introspection_cpp/turtle_controller_interfaces/srv/detail/find_closest_wall__type_support.cpp.o[0m
[1.194s] [ 25%] [32m[1mLinking C shared library libturtle_controller_interfaces__rosidl_generator_c.so[0m
[1.390s] [ 28%] Built target turtle_controller_interfaces__rosidl_generator_c
[1.409s] [35m[1mConsolidate compiler generated dependencies of target turtle_controller_interfaces__rosidl_typesupport_fastrtps_c[0m
[1.445s] [35m[1mConsolidate compiler generated dependencies of target turtle_controller_interfaces__rosidl_typesupport_introspection_c[0m
[1.462s] [ 30%] [32mBuilding CXX object CMakeFiles/turtle_controller_interfaces__rosidl_typesupport_fastrtps_c.dir/rosidl_typesupport_fastrtps_c/turtle_controller_interfaces/action/detail/measure_lap_time__type_support_c.cpp.o[0m
[1.481s] running egg_info
[1.485s] [ 33%] [32mBuilding C object CMakeFiles/turtle_controller_interfaces__rosidl_typesupport_introspection_c.dir/rosidl_typesupport_introspection_c/turtle_controller_interfaces/action/detail/measure_lap_time__type_support.c.o[0m
[1.503s] writing turtle_controller_interfaces.egg-info/PKG-INFO
[1.504s] writing dependency_links to turtle_controller_interfaces.egg-info/dependency_links.txt
[1.505s] writing top-level names to turtle_controller_interfaces.egg-info/top_level.txt
[1.576s] reading manifest file 'turtle_controller_interfaces.egg-info/SOURCES.txt'
[1.578s] writing manifest file 'turtle_controller_interfaces.egg-info/SOURCES.txt'
[1.633s] [ 35%] [32m[1mLinking CXX shared library libturtle_controller_interfaces__rosidl_typesupport_cpp.so[0m
[1.639s] [ 38%] [32mBuilding C object CMakeFiles/turtle_controller_interfaces__rosidl_typesupport_introspection_c.dir/rosidl_typesupport_introspection_c/turtle_controller_interfaces/srv/detail/find_closest_wall__type_support.c.o[0m
[1.642s] [ 38%] Built target ament_cmake_python_build_turtle_controller_interfaces_egg
[1.677s] [ 41%] [32mBuilding CXX object CMakeFiles/turtle_controller_interfaces__rosidl_typesupport_fastrtps_c.dir/rosidl_typesupport_fastrtps_c/turtle_controller_interfaces/srv/detail/find_closest_wall__type_support_c.cpp.o[0m
[1.690s] [35m[1mConsolidate compiler generated dependencies of target turtle_controller_interfaces__rosidl_typesupport_c[0m
[1.696s] [ 43%] [32m[1mLinking C shared library libturtle_controller_interfaces__rosidl_typesupport_introspection_c.so[0m
[1.706s] [ 46%] [32mBuilding CXX object CMakeFiles/turtle_controller_interfaces__rosidl_typesupport_c.dir/rosidl_typesupport_c/turtle_controller_interfaces/action/measure_lap_time__type_support.cpp.o[0m
[1.727s] [ 48%] Built target turtle_controller_interfaces__rosidl_typesupport_cpp
[1.744s] [ 51%] [32mBuilding CXX object CMakeFiles/turtle_controller_interfaces__rosidl_typesupport_c.dir/rosidl_typesupport_c/turtle_controller_interfaces/srv/find_closest_wall__type_support.cpp.o[0m
[1.752s] [ 53%] Built target turtle_controller_interfaces__rosidl_typesupport_introspection_c
[1.804s] [ 56%] [32m[1mLinking CXX shared library libturtle_controller_interfaces__rosidl_typesupport_c.so[0m
[1.880s] [ 58%] Built target turtle_controller_interfaces__rosidl_typesupport_c
[1.892s] [ 61%] [32m[1mLinking CXX shared library libturtle_controller_interfaces__rosidl_typesupport_fastrtps_cpp.so[0m
[1.999s] [ 64%] Built target turtle_controller_interfaces__rosidl_typesupport_fastrtps_cpp
[2.083s] [ 66%] [32m[1mLinking CXX shared library libturtle_controller_interfaces__rosidl_typesupport_introspection_cpp.so[0m
[2.146s] [ 69%] [32m[1mLinking CXX shared library libturtle_controller_interfaces__rosidl_typesupport_fastrtps_c.so[0m
[2.170s] [ 71%] Built target turtle_controller_interfaces__rosidl_typesupport_introspection_cpp
[2.230s] [ 74%] Built target turtle_controller_interfaces__rosidl_typesupport_fastrtps_c
[2.248s] [ 74%] Built target turtle_controller_interfaces
[2.265s] [ 76%] Built target turtle_controller_interfaces__py
[2.274s] [35m[1mConsolidate compiler generated dependencies of target turtle_controller_interfaces__rosidl_generator_py[0m
[2.286s] [ 79%] [32mBuilding C object CMakeFiles/turtle_controller_interfaces__rosidl_generator_py.dir/rosidl_generator_py/turtle_controller_interfaces/action/_measure_lap_time_s.c.o[0m
[2.286s] [ 82%] [32mBuilding C object CMakeFiles/turtle_controller_interfaces__rosidl_generator_py.dir/rosidl_generator_py/turtle_controller_interfaces/srv/_find_closest_wall_s.c.o[0m
[2.442s] [ 84%] [32m[1mLinking C shared library rosidl_generator_py/turtle_controller_interfaces/libturtle_controller_interfaces__rosidl_generator_py.so[0m
[2.477s] [ 84%] Built target turtle_controller_interfaces__rosidl_generator_py
[2.487s] [35m[1mConsolidate compiler generated dependencies of target turtle_controller_interfaces__rosidl_typesupport_fastrtps_c__pyext[0m
[2.487s] [35m[1mConsolidate compiler generated dependencies of target turtle_controller_interfaces__rosidl_typesupport_introspection_c__pyext[0m
[2.487s] [35m[1mConsolidate compiler generated dependencies of target turtle_controller_interfaces__rosidl_typesupport_c__pyext[0m
[2.498s] [ 87%] [32mBuilding C object CMakeFiles/turtle_controller_interfaces__rosidl_typesupport_introspection_c__pyext.dir/rosidl_generator_py/turtle_controller_interfaces/_turtle_controller_interfaces_s.ep.rosidl_typesupport_introspection_c.c.o[0m
[2.499s] [ 89%] [32mBuilding C object CMakeFiles/turtle_controller_interfaces__rosidl_typesupport_fastrtps_c__pyext.dir/rosidl_generator_py/turtle_controller_interfaces/_turtle_controller_interfaces_s.ep.rosidl_typesupport_fastrtps_c.c.o[0m
[2.501s] [ 92%] [32mBuilding C object CMakeFiles/turtle_controller_interfaces__rosidl_typesupport_c__pyext.dir/rosidl_generator_py/turtle_controller_interfaces/_turtle_controller_interfaces_s.ep.rosidl_typesupport_c.c.o[0m
[2.608s] [ 94%] [32m[1mLinking C shared library rosidl_generator_py/turtle_controller_interfaces/turtle_controller_interfaces_s__rosidl_typesupport_fastrtps_c.cpython-310-x86_64-linux-gnu.so[0m
[2.647s] [ 94%] Built target turtle_controller_interfaces__rosidl_typesupport_fastrtps_c__pyext
[2.660s] [100%] [32m[1mLinking C shared library rosidl_generator_py/turtle_controller_interfaces/turtle_controller_interfaces_s__rosidl_typesupport_introspection_c.cpython-310-x86_64-linux-gnu.so[0m
[2.660s] [100%] [32m[1mLinking C shared library rosidl_generator_py/turtle_controller_interfaces/turtle_controller_interfaces_s__rosidl_typesupport_c.cpython-310-x86_64-linux-gnu.so[0m
[2.697s] [100%] Built target turtle_controller_interfaces__rosidl_typesupport_introspection_c__pyext
[2.698s] [100%] Built target turtle_controller_interfaces__rosidl_typesupport_c__pyext
[2.708s] Invoked command in '/home/rony/Documents/inmind/Session09/ros2_ws/src/build/turtle_controller_interfaces' returned '0': CMAKE_PREFIX_PATH=${CMAKE_PREFIX_PATH}:/opt/ros/humble /usr/bin/cmake --build /home/rony/Documents/inmind/Session09/ros2_ws/src/build/turtle_controller_interfaces -- -j8 -l8
[2.780s] Invoking command in '/home/rony/Documents/inmind/Session09/ros2_ws/src/build/turtle_controller_interfaces': CMAKE_PREFIX_PATH=${CMAKE_PREFIX_PATH}:/opt/ros/humble /usr/bin/cmake --install /home/rony/Documents/inmind/Session09/ros2_ws/src/build/turtle_controller_interfaces
[2.788s] -- Install configuration: ""
[2.788s] -- Up-to-date: /home/rony/Documents/inmind/Session09/ros2_ws/src/install/turtle_controller_interfaces/share/ament_index/resource_index/rosidl_interfaces/turtle_controller_interfaces
[2.788s] -- Up-to-date: /home/rony/Documents/inmind/Session09/ros2_ws/src/install/turtle_controller_interfaces/include/turtle_controller_interfaces/turtle_controller_interfaces
[2.788s] -- Up-to-date: /home/rony/Documents/inmind/Session09/ros2_ws/src/install/turtle_controller_interfaces/include/turtle_controller_interfaces/turtle_controller_interfaces/msg
[2.788s] -- Up-to-date: /home/rony/Documents/inmind/Session09/ros2_ws/src/install/turtle_controller_interfaces/include/turtle_controller_interfaces/turtle_controller_interfaces/msg/rosidl_generator_c__visibility_control.h
[2.788s] -- Up-to-date: /home/rony/Documents/inmind/Session09/ros2_ws/src/install/turtle_controller_interfaces/include/turtle_controller_interfaces/turtle_controller_interfaces/action
[2.788s] -- Up-to-date: /home/rony/Documents/inmind/Session09/ros2_ws/src/install/turtle_controller_interfaces/include/turtle_controller_interfaces/turtle_controller_interfaces/action/measure_lap_time.h
[2.788s] -- Up-to-date: /home/rony/Documents/inmind/Session09/ros2_ws/src/install/turtle_controller_interfaces/include/turtle_controller_interfaces/turtle_controller_interfaces/action/detail
[2.788s] -- Up-to-date: /home/rony/Documents/inmind/Session09/ros2_ws/src/install/turtle_controller_interfaces/include/turtle_controller_interfaces/turtle_controller_interfaces/action/detail/measure_lap_time__functions.c
[2.788s] -- Up-to-date: /home/rony/Documents/inmind/Session09/ros2_ws/src/install/turtle_controller_interfaces/include/turtle_controller_interfaces/turtle_controller_interfaces/action/detail/measure_lap_time__functions.h
[2.788s] -- Up-to-date: /home/rony/Documents/inmind/Session09/ros2_ws/src/install/turtle_controller_interfaces/include/turtle_controller_interfaces/turtle_controller_interfaces/action/detail/measure_lap_time__type_support.h
[2.789s] -- Up-to-date: /home/rony/Documents/inmind/Session09/ros2_ws/src/install/turtle_controller_interfaces/include/turtle_controller_interfaces/turtle_controller_interfaces/action/detail/measure_lap_time__struct.h
[2.789s] -- Up-to-date: /home/rony/Documents/inmind/Session09/ros2_ws/src/install/turtle_controller_interfaces/include/turtle_controller_interfaces/turtle_controller_interfaces/srv
[2.789s] -- Up-to-date: /home/rony/Documents/inmind/Session09/ros2_ws/src/install/turtle_controller_interfaces/include/turtle_controller_interfaces/turtle_controller_interfaces/srv/detail
[2.789s] -- Up-to-date: /home/rony/Documents/inmind/Session09/ros2_ws/src/install/turtle_controller_interfaces/include/turtle_controller_interfaces/turtle_controller_interfaces/srv/detail/find_closest_wall__type_support.h
[2.789s] -- Up-to-date: /home/rony/Documents/inmind/Session09/ros2_ws/src/install/turtle_controller_interfaces/include/turtle_controller_interfaces/turtle_controller_interfaces/srv/detail/find_closest_wall__struct.h
[2.789s] -- Up-to-date: /home/rony/Documents/inmind/Session09/ros2_ws/src/install/turtle_controller_interfaces/include/turtle_controller_interfaces/turtle_controller_interfaces/srv/detail/find_closest_wall__functions.c
[2.789s] -- Up-to-date: /home/rony/Documents/inmind/Session09/ros2_ws/src/install/turtle_controller_interfaces/include/turtle_controller_interfaces/turtle_controller_interfaces/srv/detail/find_closest_wall__functions.h
[2.789s] -- Up-to-date: /home/rony/Documents/inmind/Session09/ros2_ws/src/install/turtle_controller_interfaces/include/turtle_controller_interfaces/turtle_controller_interfaces/srv/find_closest_wall.h
[2.790s] -- Up-to-date: /home/rony/Documents/inmind/Session09/ros2_ws/src/install/turtle_controller_interfaces/share/turtle_controller_interfaces/environment/library_path.sh
[2.790s] -- Installing: /home/rony/Documents/inmind/Session09/ros2_ws/src/install/turtle_controller_interfaces/share/turtle_controller_interfaces/environment/library_path.dsv
[2.790s] -- Installing: /home/rony/Documents/inmind/Session09/ros2_ws/src/install/turtle_controller_interfaces/lib/libturtle_controller_interfaces__rosidl_generator_c.so
[2.790s] -- Set runtime path of "/home/rony/Documents/inmind/Session09/ros2_ws/src/install/turtle_controller_interfaces/lib/libturtle_controller_interfaces__rosidl_generator_c.so" to ""
[2.790s] -- Up-to-date: /home/rony/Documents/inmind/Session09/ros2_ws/src/install/turtle_controller_interfaces/include/turtle_controller_interfaces/turtle_controller_interfaces
[2.790s] -- Up-to-date: /home/rony/Documents/inmind/Session09/ros2_ws/src/install/turtle_controller_interfaces/include/turtle_controller_interfaces/turtle_controller_interfaces/msg
[2.790s] -- Up-to-date: /home/rony/Documents/inmind/Session09/ros2_ws/src/install/turtle_controller_interfaces/include/turtle_controller_interfaces/turtle_controller_interfaces/msg/rosidl_typesupport_fastrtps_c__visibility_control.h
[2.790s] -- Up-to-date: /home/rony/Documents/inmind/Session09/ros2_ws/src/install/turtle_controller_interfaces/include/turtle_controller_interfaces/turtle_controller_interfaces/action
[2.790s] -- Up-to-date: /home/rony/Documents/inmind/Session09/ros2_ws/src/install/turtle_controller_interfaces/include/turtle_controller_interfaces/turtle_controller_interfaces/action/detail
[2.791s] -- Up-to-date: /home/rony/Documents/inmind/Session09/ros2_ws/src/install/turtle_controller_interfaces/include/turtle_controller_interfaces/turtle_controller_interfaces/action/detail/measure_lap_time__rosidl_typesupport_fastrtps_c.h
[2.791s] -- Up-to-date: /home/rony/Documents/inmind/Session09/ros2_ws/src/install/turtle_controller_interfaces/include/turtle_controller_interfaces/turtle_controller_interfaces/srv
[2.791s] -- Up-to-date: /home/rony/Documents/inmind/Session09/ros2_ws/src/install/turtle_controller_interfaces/include/turtle_controller_interfaces/turtle_controller_interfaces/srv/detail
[2.791s] -- Up-to-date: /home/rony/Documents/inmind/Session09/ros2_ws/src/install/turtle_controller_interfaces/include/turtle_controller_interfaces/turtle_controller_interfaces/srv/detail/find_closest_wall__rosidl_typesupport_fastrtps_c.h
[2.791s] -- Installing: /home/rony/Documents/inmind/Session09/ros2_ws/src/install/turtle_controller_interfaces/lib/libturtle_controller_interfaces__rosidl_typesupport_fastrtps_c.so
[2.791s] -- Set runtime path of "/home/rony/Documents/inmind/Session09/ros2_ws/src/install/turtle_controller_interfaces/lib/libturtle_controller_interfaces__rosidl_typesupport_fastrtps_c.so" to ""
[2.791s] -- Up-to-date: /home/rony/Documents/inmind/Session09/ros2_ws/src/install/turtle_controller_interfaces/include/turtle_controller_interfaces/turtle_controller_interfaces
[2.791s] -- Up-to-date: /home/rony/Documents/inmind/Session09/ros2_ws/src/install/turtle_controller_interfaces/include/turtle_controller_interfaces/turtle_controller_interfaces/msg
[2.791s] -- Up-to-date: /home/rony/Documents/inmind/Session09/ros2_ws/src/install/turtle_controller_interfaces/include/turtle_controller_interfaces/turtle_controller_interfaces/msg/rosidl_typesupport_introspection_c__visibility_control.h
[2.791s] -- Up-to-date: /home/rony/Documents/inmind/Session09/ros2_ws/src/install/turtle_controller_interfaces/include/turtle_controller_interfaces/turtle_controller_interfaces/action
[2.791s] -- Up-to-date: /home/rony/Documents/inmind/Session09/ros2_ws/src/install/turtle_controller_interfaces/include/turtle_controller_interfaces/turtle_controller_interfaces/action/detail
[2.792s] -- Up-to-date: /home/rony/Documents/inmind/Session09/ros2_ws/src/install/turtle_controller_interfaces/include/turtle_controller_interfaces/turtle_controller_interfaces/action/detail/measure_lap_time__type_support.c
[2.792s] -- Up-to-date: /home/rony/Documents/inmind/Session09/ros2_ws/src/install/turtle_controller_interfaces/include/turtle_controller_interfaces/turtle_controller_interfaces/action/detail/measure_lap_time__rosidl_typesupport_introspection_c.h
[2.792s] -- Up-to-date: /home/rony/Documents/inmind/Session09/ros2_ws/src/install/turtle_controller_interfaces/include/turtle_controller_interfaces/turtle_controller_interfaces/srv
[2.792s] -- Up-to-date: /home/rony/Documents/inmind/Session09/ros2_ws/src/install/turtle_controller_interfaces/include/turtle_controller_interfaces/turtle_controller_interfaces/srv/detail
[2.792s] -- Up-to-date: /home/rony/Documents/inmind/Session09/ros2_ws/src/install/turtle_controller_interfaces/include/turtle_controller_interfaces/turtle_controller_interfaces/srv/detail/find_closest_wall__rosidl_typesupport_introspection_c.h
[2.792s] -- Up-to-date: /home/rony/Documents/inmind/Session09/ros2_ws/src/install/turtle_controller_interfaces/include/turtle_controller_interfaces/turtle_controller_interfaces/srv/detail/find_closest_wall__type_support.c
[2.792s] -- Installing: /home/rony/Documents/inmind/Session09/ros2_ws/src/install/turtle_controller_interfaces/lib/libturtle_controller_interfaces__rosidl_typesupport_introspection_c.so
[2.792s] -- Set runtime path of "/home/rony/Documents/inmind/Session09/ros2_ws/src/install/turtle_controller_interfaces/lib/libturtle_controller_interfaces__rosidl_typesupport_introspection_c.so" to ""
[2.792s] -- Installing: /home/rony/Documents/inmind/Session09/ros2_ws/src/install/turtle_controller_interfaces/lib/libturtle_controller_interfaces__rosidl_typesupport_c.so
[2.792s] -- Set runtime path of "/home/rony/Documents/inmind/Session09/ros2_ws/src/install/turtle_controller_interfaces/lib/libturtle_controller_interfaces__rosidl_typesupport_c.so" to ""
[2.792s] -- Up-to-date: /home/rony/Documents/inmind/Session09/ros2_ws/src/install/turtle_controller_interfaces/include/turtle_controller_interfaces/turtle_controller_interfaces
[2.792s] -- Up-to-date: /home/rony/Documents/inmind/Session09/ros2_ws/src/install/turtle_controller_interfaces/include/turtle_controller_interfaces/turtle_controller_interfaces/action
[2.793s] -- Up-to-date: /home/rony/Documents/inmind/Session09/ros2_ws/src/install/turtle_controller_interfaces/include/turtle_controller_interfaces/turtle_controller_interfaces/action/detail
[2.793s] -- Up-to-date: /home/rony/Documents/inmind/Session09/ros2_ws/src/install/turtle_controller_interfaces/include/turtle_controller_interfaces/turtle_controller_interfaces/action/detail/measure_lap_time__traits.hpp
[2.793s] -- Up-to-date: /home/rony/Documents/inmind/Session09/ros2_ws/src/install/turtle_controller_interfaces/include/turtle_controller_interfaces/turtle_controller_interfaces/action/detail/measure_lap_time__builder.hpp
[2.793s] -- Up-to-date: /home/rony/Documents/inmind/Session09/ros2_ws/src/install/turtle_controller_interfaces/include/turtle_controller_interfaces/turtle_controller_interfaces/action/detail/measure_lap_time__struct.hpp
[2.793s] -- Up-to-date: /home/rony/Documents/inmind/Session09/ros2_ws/src/install/turtle_controller_interfaces/include/turtle_controller_interfaces/turtle_controller_interfaces/action/measure_lap_time.hpp
[2.793s] -- Up-to-date: /home/rony/Documents/inmind/Session09/ros2_ws/src/install/turtle_controller_interfaces/include/turtle_controller_interfaces/turtle_controller_interfaces/srv
[2.793s] -- Up-to-date: /home/rony/Documents/inmind/Session09/ros2_ws/src/install/turtle_controller_interfaces/include/turtle_controller_interfaces/turtle_controller_interfaces/srv/detail
[2.793s] -- Up-to-date: /home/rony/Documents/inmind/Session09/ros2_ws/src/install/turtle_controller_interfaces/include/turtle_controller_interfaces/turtle_controller_interfaces/srv/detail/find_closest_wall__builder.hpp
[2.793s] -- Up-to-date: /home/rony/Documents/inmind/Session09/ros2_ws/src/install/turtle_controller_interfaces/include/turtle_controller_interfaces/turtle_controller_interfaces/srv/detail/find_closest_wall__struct.hpp
[2.793s] -- Up-to-date: /home/rony/Documents/inmind/Session09/ros2_ws/src/install/turtle_controller_interfaces/include/turtle_controller_interfaces/turtle_controller_interfaces/srv/detail/find_closest_wall__traits.hpp
[2.793s] -- Up-to-date: /home/rony/Documents/inmind/Session09/ros2_ws/src/install/turtle_controller_interfaces/include/turtle_controller_interfaces/turtle_controller_interfaces/srv/find_closest_wall.hpp
[2.793s] -- Up-to-date: /home/rony/Documents/inmind/Session09/ros2_ws/src/install/turtle_controller_interfaces/include/turtle_controller_interfaces/turtle_controller_interfaces
[2.794s] -- Up-to-date: /home/rony/Documents/inmind/Session09/ros2_ws/src/install/turtle_controller_interfaces/include/turtle_controller_interfaces/turtle_controller_interfaces/msg
[2.794s] -- Up-to-date: /home/rony/Documents/inmind/Session09/ros2_ws/src/install/turtle_controller_interfaces/include/turtle_controller_interfaces/turtle_controller_interfaces/msg/rosidl_typesupport_fastrtps_cpp__visibility_control.h
[2.794s] -- Up-to-date: /home/rony/Documents/inmind/Session09/ros2_ws/src/install/turtle_controller_interfaces/include/turtle_controller_interfaces/turtle_controller_interfaces/action
[2.794s] -- Up-to-date: /home/rony/Documents/inmind/Session09/ros2_ws/src/install/turtle_controller_interfaces/include/turtle_controller_interfaces/turtle_controller_interfaces/action/detail
[2.794s] -- Up-to-date: /home/rony/Documents/inmind/Session09/ros2_ws/src/install/turtle_controller_interfaces/include/turtle_controller_interfaces/turtle_controller_interfaces/action/detail/dds_fastrtps
[2.794s] -- Up-to-date: /home/rony/Documents/inmind/Session09/ros2_ws/src/install/turtle_controller_interfaces/include/turtle_controller_interfaces/turtle_controller_interfaces/action/detail/measure_lap_time__rosidl_typesupport_fastrtps_cpp.hpp
[2.794s] -- Up-to-date: /home/rony/Documents/inmind/Session09/ros2_ws/src/install/turtle_controller_interfaces/include/turtle_controller_interfaces/turtle_controller_interfaces/srv
[2.794s] -- Up-to-date: /home/rony/Documents/inmind/Session09/ros2_ws/src/install/turtle_controller_interfaces/include/turtle_controller_interfaces/turtle_controller_interfaces/srv/detail
[2.794s] -- Up-to-date: /home/rony/Documents/inmind/Session09/ros2_ws/src/install/turtle_controller_interfaces/include/turtle_controller_interfaces/turtle_controller_interfaces/srv/detail/dds_fastrtps
[2.794s] -- Up-to-date: /home/rony/Documents/inmind/Session09/ros2_ws/src/install/turtle_controller_interfaces/include/turtle_controller_interfaces/turtle_controller_interfaces/srv/detail/find_closest_wall__rosidl_typesupport_fastrtps_cpp.hpp
[2.794s] -- Installing: /home/rony/Documents/inmind/Session09/ros2_ws/src/install/turtle_controller_interfaces/lib/libturtle_controller_interfaces__rosidl_typesupport_fastrtps_cpp.so
[2.794s] -- Set runtime path of "/home/rony/Documents/inmind/Session09/ros2_ws/src/install/turtle_controller_interfaces/lib/libturtle_controller_interfaces__rosidl_typesupport_fastrtps_cpp.so" to ""
[2.794s] -- Up-to-date: /home/rony/Documents/inmind/Session09/ros2_ws/src/install/turtle_controller_interfaces/include/turtle_controller_interfaces/turtle_controller_interfaces
[2.795s] -- Up-to-date: /home/rony/Documents/inmind/Session09/ros2_ws/src/install/turtle_controller_interfaces/include/turtle_controller_interfaces/turtle_controller_interfaces/action
[2.795s] -- Up-to-date: /home/rony/Documents/inmind/Session09/ros2_ws/src/install/turtle_controller_interfaces/include/turtle_controller_interfaces/turtle_controller_interfaces/action/detail
[2.795s] -- Up-to-date: /home/rony/Documents/inmind/Session09/ros2_ws/src/install/turtle_controller_interfaces/include/turtle_controller_interfaces/turtle_controller_interfaces/action/detail/measure_lap_time__type_support.cpp
[2.795s] -- Up-to-date: /home/rony/Documents/inmind/Session09/ros2_ws/src/install/turtle_controller_interfaces/include/turtle_controller_interfaces/turtle_controller_interfaces/action/detail/measure_lap_time__rosidl_typesupport_introspection_cpp.hpp
[2.795s] -- Up-to-date: /home/rony/Documents/inmind/Session09/ros2_ws/src/install/turtle_controller_interfaces/include/turtle_controller_interfaces/turtle_controller_interfaces/srv
[2.795s] -- Up-to-date: /home/rony/Documents/inmind/Session09/ros2_ws/src/install/turtle_controller_interfaces/include/turtle_controller_interfaces/turtle_controller_interfaces/srv/detail
[2.795s] -- Up-to-date: /home/rony/Documents/inmind/Session09/ros2_ws/src/install/turtle_controller_interfaces/include/turtle_controller_interfaces/turtle_controller_interfaces/srv/detail/find_closest_wall__rosidl_typesupport_introspection_cpp.hpp
[2.795s] -- Up-to-date: /home/rony/Documents/inmind/Session09/ros2_ws/src/install/turtle_controller_interfaces/include/turtle_controller_interfaces/turtle_controller_interfaces/srv/detail/find_closest_wall__type_support.cpp
[2.795s] -- Installing: /home/rony/Documents/inmind/Session09/ros2_ws/src/install/turtle_controller_interfaces/lib/libturtle_controller_interfaces__rosidl_typesupport_introspection_cpp.so
[2.795s] -- Set runtime path of "/home/rony/Documents/inmind/Session09/ros2_ws/src/install/turtle_controller_interfaces/lib/libturtle_controller_interfaces__rosidl_typesupport_introspection_cpp.so" to ""
[2.795s] -- Installing: /home/rony/Documents/inmind/Session09/ros2_ws/src/install/turtle_controller_interfaces/lib/libturtle_controller_interfaces__rosidl_typesupport_cpp.so
[2.795s] -- Set runtime path of "/home/rony/Documents/inmind/Session09/ros2_ws/src/install/turtle_controller_interfaces/lib/libturtle_controller_interfaces__rosidl_typesupport_cpp.so" to ""
[2.795s] -- Up-to-date: /home/rony/Documents/inmind/Session09/ros2_ws/src/install/turtle_controller_interfaces/share/turtle_controller_interfaces/environment/pythonpath.sh
[2.795s] -- Installing: /home/rony/Documents/inmind/Session09/ros2_ws/src/install/turtle_controller_interfaces/share/turtle_controller_interfaces/environment/pythonpath.dsv
[2.796s] -- Up-to-date: /home/rony/Documents/inmind/Session09/ros2_ws/src/install/turtle_controller_interfaces/local/lib/python3.10/dist-packages/turtle_controller_interfaces-0.0.0-py3.10.egg-info
[2.796s] -- Installing: /home/rony/Documents/inmind/Session09/ros2_ws/src/install/turtle_controller_interfaces/local/lib/python3.10/dist-packages/turtle_controller_interfaces-0.0.0-py3.10.egg-info/SOURCES.txt
[2.796s] -- Installing: /home/rony/Documents/inmind/Session09/ros2_ws/src/install/turtle_controller_interfaces/local/lib/python3.10/dist-packages/turtle_controller_interfaces-0.0.0-py3.10.egg-info/dependency_links.txt
[2.796s] -- Installing: /home/rony/Documents/inmind/Session09/ros2_ws/src/install/turtle_controller_interfaces/local/lib/python3.10/dist-packages/turtle_controller_interfaces-0.0.0-py3.10.egg-info/PKG-INFO
[2.796s] -- Installing: /home/rony/Documents/inmind/Session09/ros2_ws/src/install/turtle_controller_interfaces/local/lib/python3.10/dist-packages/turtle_controller_interfaces-0.0.0-py3.10.egg-info/top_level.txt
[2.796s] -- Up-to-date: /home/rony/Documents/inmind/Session09/ros2_ws/src/install/turtle_controller_interfaces/local/lib/python3.10/dist-packages/turtle_controller_interfaces
[2.796s] -- Installing: /home/rony/Documents/inmind/Session09/ros2_ws/src/install/turtle_controller_interfaces/local/lib/python3.10/dist-packages/turtle_controller_interfaces/turtle_controller_interfaces_s__rosidl_typesupport_fastrtps_c.cpython-310-x86_64-linux-gnu.so
[2.796s] -- Up-to-date: /home/rony/Documents/inmind/Session09/ros2_ws/src/install/turtle_controller_interfaces/local/lib/python3.10/dist-packages/turtle_controller_interfaces/_turtle_controller_interfaces_s.ep.rosidl_typesupport_introspection_c.c
[2.796s] -- Installing: /home/rony/Documents/inmind/Session09/ros2_ws/src/install/turtle_controller_interfaces/local/lib/python3.10/dist-packages/turtle_controller_interfaces/__init__.py
[2.796s] -- Installing: /home/rony/Documents/inmind/Session09/ros2_ws/src/install/turtle_controller_interfaces/local/lib/python3.10/dist-packages/turtle_controller_interfaces/turtle_controller_interfaces_s__rosidl_typesupport_introspection_c.cpython-310-x86_64-linux-gnu.so
[2.796s] -- Up-to-date: /home/rony/Documents/inmind/Session09/ros2_ws/src/install/turtle_controller_interfaces/local/lib/python3.10/dist-packages/turtle_controller_interfaces/_turtle_controller_interfaces_s.ep.rosidl_typesupport_fastrtps_c.c
[2.796s] -- Installing: /home/rony/Documents/inmind/Session09/ros2_ws/src/install/turtle_controller_interfaces/local/lib/python3.10/dist-packages/turtle_controller_interfaces/libturtle_controller_interfaces__rosidl_generator_py.so
[2.796s] -- Up-to-date: /home/rony/Documents/inmind/Session09/ros2_ws/src/install/turtle_controller_interfaces/local/lib/python3.10/dist-packages/turtle_controller_interfaces/action
[2.796s] -- Up-to-date: /home/rony/Documents/inmind/Session09/ros2_ws/src/install/turtle_controller_interfaces/local/lib/python3.10/dist-packages/turtle_controller_interfaces/action/_measure_lap_time_s.c
[2.796s] -- Up-to-date: /home/rony/Documents/inmind/Session09/ros2_ws/src/install/turtle_controller_interfaces/local/lib/python3.10/dist-packages/turtle_controller_interfaces/action/__init__.py
[2.797s] -- Up-to-date: /home/rony/Documents/inmind/Session09/ros2_ws/src/install/turtle_controller_interfaces/local/lib/python3.10/dist-packages/turtle_controller_interfaces/action/_measure_lap_time.py
[2.797s] -- Installing: /home/rony/Documents/inmind/Session09/ros2_ws/src/install/turtle_controller_interfaces/local/lib/python3.10/dist-packages/turtle_controller_interfaces/turtle_controller_interfaces_s__rosidl_typesupport_c.cpython-310-x86_64-linux-gnu.so
[2.797s] -- Up-to-date: /home/rony/Documents/inmind/Session09/ros2_ws/src/install/turtle_controller_interfaces/local/lib/python3.10/dist-packages/turtle_controller_interfaces/_turtle_controller_interfaces_s.ep.rosidl_typesupport_c.c
[2.797s] -- Up-to-date: /home/rony/Documents/inmind/Session09/ros2_ws/src/install/turtle_controller_interfaces/local/lib/python3.10/dist-packages/turtle_controller_interfaces/srv
[2.797s] -- Up-to-date: /home/rony/Documents/inmind/Session09/ros2_ws/src/install/turtle_controller_interfaces/local/lib/python3.10/dist-packages/turtle_controller_interfaces/srv/__init__.py
[2.797s] -- Up-to-date: /home/rony/Documents/inmind/Session09/ros2_ws/src/install/turtle_controller_interfaces/local/lib/python3.10/dist-packages/turtle_controller_interfaces/srv/_find_closest_wall.py
[2.797s] -- Up-to-date: /home/rony/Documents/inmind/Session09/ros2_ws/src/install/turtle_controller_interfaces/local/lib/python3.10/dist-packages/turtle_controller_interfaces/srv/_find_closest_wall_s.c
[2.823s] Listing '/home/rony/Documents/inmind/Session09/ros2_ws/src/install/turtle_controller_interfaces/local/lib/python3.10/dist-packages/turtle_controller_interfaces'...
[2.823s] Compiling '/home/rony/Documents/inmind/Session09/ros2_ws/src/install/turtle_controller_interfaces/local/lib/python3.10/dist-packages/turtle_controller_interfaces/__init__.py'...
[2.823s] Listing '/home/rony/Documents/inmind/Session09/ros2_ws/src/install/turtle_controller_interfaces/local/lib/python3.10/dist-packages/turtle_controller_interfaces/action'...
[2.823s] Listing '/home/rony/Documents/inmind/Session09/ros2_ws/src/install/turtle_controller_interfaces/local/lib/python3.10/dist-packages/turtle_controller_interfaces/srv'...
[2.828s] -- Installing: /home/rony/Documents/inmind/Session09/ros2_ws/src/install/turtle_controller_interfaces/local/lib/python3.10/dist-packages/turtle_controller_interfaces/turtle_controller_interfaces_s__rosidl_typesupport_fastrtps_c.cpython-310-x86_64-linux-gnu.so
[2.829s] -- Set runtime path of "/home/rony/Documents/inmind/Session09/ros2_ws/src/install/turtle_controller_interfaces/local/lib/python3.10/dist-packages/turtle_controller_interfaces/turtle_controller_interfaces_s__rosidl_typesupport_fastrtps_c.cpython-310-x86_64-linux-gnu.so" to ""
[2.829s] -- Installing: /home/rony/Documents/inmind/Session09/ros2_ws/src/install/turtle_controller_interfaces/local/lib/python3.10/dist-packages/turtle_controller_interfaces/turtle_controller_interfaces_s__rosidl_typesupport_introspection_c.cpython-310-x86_64-linux-gnu.so
[2.829s] -- Set runtime path of "/home/rony/Documents/inmind/Session09/ros2_ws/src/install/turtle_controller_interfaces/local/lib/python3.10/dist-packages/turtle_controller_interfaces/turtle_controller_interfaces_s__rosidl_typesupport_introspection_c.cpython-310-x86_64-linux-gnu.so" to ""
[2.829s] -- Installing: /home/rony/Documents/inmind/Session09/ros2_ws/src/install/turtle_controller_interfaces/local/lib/python3.10/dist-packages/turtle_controller_interfaces/turtle_controller_interfaces_s__rosidl_typesupport_c.cpython-310-x86_64-linux-gnu.so
[2.830s] -- Set runtime path of "/home/rony/Documents/inmind/Session09/ros2_ws/src/install/turtle_controller_interfaces/local/lib/python3.10/dist-packages/turtle_controller_interfaces/turtle_controller_interfaces_s__rosidl_typesupport_c.cpython-310-x86_64-linux-gnu.so" to ""
[2.830s] -- Installing: /home/rony/Documents/inmind/Session09/ros2_ws/src/install/turtle_controller_interfaces/lib/libturtle_controller_interfaces__rosidl_generator_py.so
[2.831s] -- Set runtime path of "/home/rony/Documents/inmind/Session09/ros2_ws/src/install/turtle_controller_interfaces/lib/libturtle_controller_interfaces__rosidl_generator_py.so" to ""
[2.831s] -- Up-to-date: /home/rony/Documents/inmind/Session09/ros2_ws/src/install/turtle_controller_interfaces/share/turtle_controller_interfaces/action/MeasureLapTime.idl
[2.831s] -- Up-to-date: /home/rony/Documents/inmind/Session09/ros2_ws/src/install/turtle_controller_interfaces/share/turtle_controller_interfaces/srv/FindClosestWall.idl
[2.831s] -- Up-to-date: /home/rony/Documents/inmind/Session09/ros2_ws/src/install/turtle_controller_interfaces/share/turtle_controller_interfaces/action/MeasureLapTime.action
[2.831s] -- Up-to-date: /home/rony/Documents/inmind/Session09/ros2_ws/src/install/turtle_controller_interfaces/share/turtle_controller_interfaces/srv/FindClosestWall.srv
[2.831s] -- Up-to-date: /home/rony/Documents/inmind/Session09/ros2_ws/src/install/turtle_controller_interfaces/share/turtle_controller_interfaces/srv/FindClosestWall_Request.msg
[2.831s] -- Up-to-date: /home/rony/Documents/inmind/Session09/ros2_ws/src/install/turtle_controller_interfaces/share/turtle_controller_interfaces/srv/FindClosestWall_Response.msg
[2.831s] -- Installing: /home/rony/Documents/inmind/Session09/ros2_ws/src/install/turtle_controller_interfaces/share/ament_index/resource_index/package_run_dependencies/turtle_controller_interfaces
[2.831s] -- Installing: /home/rony/Documents/inmind/Session09/ros2_ws/src/install/turtle_controller_interfaces/share/ament_index/resource_index/parent_prefix_path/turtle_controller_interfaces
[2.831s] -- Up-to-date: /home/rony/Documents/inmind/Session09/ros2_ws/src/install/turtle_controller_interfaces/share/turtle_controller_interfaces/environment/ament_prefix_path.sh
[2.831s] -- Installing: /home/rony/Documents/inmind/Session09/ros2_ws/src/install/turtle_controller_interfaces/share/turtle_controller_interfaces/environment/ament_prefix_path.dsv
[2.832s] -- Up-to-date: /home/rony/Documents/inmind/Session09/ros2_ws/src/install/turtle_controller_interfaces/share/turtle_controller_interfaces/environment/path.sh
[2.832s] -- Installing: /home/rony/Documents/inmind/Session09/ros2_ws/src/install/turtle_controller_interfaces/share/turtle_controller_interfaces/environment/path.dsv
[2.832s] -- Up-to-date: /home/rony/Documents/inmind/Session09/ros2_ws/src/install/turtle_controller_interfaces/share/turtle_controller_interfaces/local_setup.bash
[2.832s] -- Up-to-date: /home/rony/Documents/inmind/Session09/ros2_ws/src/install/turtle_controller_interfaces/share/turtle_controller_interfaces/local_setup.sh
[2.832s] -- Up-to-date: /home/rony/Documents/inmind/Session09/ros2_ws/src/install/turtle_controller_interfaces/share/turtle_controller_interfaces/local_setup.zsh
[2.832s] -- Installing: /home/rony/Documents/inmind/Session09/ros2_ws/src/install/turtle_controller_interfaces/share/turtle_controller_interfaces/local_setup.dsv
[2.832s] -- Installing: /home/rony/Documents/inmind/Session09/ros2_ws/src/install/turtle_controller_interfaces/share/turtle_controller_interfaces/package.dsv
[2.832s] -- Up-to-date: /home/rony/Documents/inmind/Session09/ros2_ws/src/install/turtle_controller_interfaces/share/ament_index/resource_index/packages/turtle_controller_interfaces
[2.833s] -- Old export file "/home/rony/Documents/inmind/Session09/ros2_ws/src/install/turtle_controller_interfaces/share/turtle_controller_interfaces/cmake/export_turtle_controller_interfaces__rosidl_generator_cExport.cmake" will be replaced.  Removing files [/home/rony/Documents/inmind/Session09/ros2_ws/src/install/turtle_controller_interfaces/share/turtle_controller_interfaces/cmake/export_turtle_controller_interfaces__rosidl_generator_cExport-noconfig.cmake].
[2.833s] -- Installing: /home/rony/Documents/inmind/Session09/ros2_ws/src/install/turtle_controller_interfaces/share/turtle_controller_interfaces/cmake/export_turtle_controller_interfaces__rosidl_generator_cExport.cmake
[2.833s] -- Installing: /home/rony/Documents/inmind/Session09/ros2_ws/src/install/turtle_controller_interfaces/share/turtle_controller_interfaces/cmake/export_turtle_controller_interfaces__rosidl_generator_cExport-noconfig.cmake
[2.833s] -- Old export file "/home/rony/Documents/inmind/Session09/ros2_ws/src/install/turtle_controller_interfaces/share/turtle_controller_interfaces/cmake/export_turtle_controller_interfaces__rosidl_typesupport_fastrtps_cExport.cmake" will be replaced.  Removing files [/home/rony/Documents/inmind/Session09/ros2_ws/src/install/turtle_controller_interfaces/share/turtle_controller_interfaces/cmake/export_turtle_controller_interfaces__rosidl_typesupport_fastrtps_cExport-noconfig.cmake].
[2.833s] -- Installing: /home/rony/Documents/inmind/Session09/ros2_ws/src/install/turtle_controller_interfaces/share/turtle_controller_interfaces/cmake/export_turtle_controller_interfaces__rosidl_typesupport_fastrtps_cExport.cmake
[2.834s] -- Installing: /home/rony/Documents/inmind/Session09/ros2_ws/src/install/turtle_controller_interfaces/share/turtle_controller_interfaces/cmake/export_turtle_controller_interfaces__rosidl_typesupport_fastrtps_cExport-noconfig.cmake
[2.834s] -- Old export file "/home/rony/Documents/inmind/Session09/ros2_ws/src/install/turtle_controller_interfaces/share/turtle_controller_interfaces/cmake/turtle_controller_interfaces__rosidl_typesupport_introspection_cExport.cmake" will be replaced.  Removing files [/home/rony/Documents/inmind/Session09/ros2_ws/src/install/turtle_controller_interfaces/share/turtle_controller_interfaces/cmake/turtle_controller_interfaces__rosidl_typesupport_introspection_cExport-noconfig.cmake].
[2.834s] -- Installing: /home/rony/Documents/inmind/Session09/ros2_ws/src/install/turtle_controller_interfaces/share/turtle_controller_interfaces/cmake/turtle_controller_interfaces__rosidl_typesupport_introspection_cExport.cmake
[2.834s] -- Installing: /home/rony/Documents/inmind/Session09/ros2_ws/src/install/turtle_controller_interfaces/share/turtle_controller_interfaces/cmake/turtle_controller_interfaces__rosidl_typesupport_introspection_cExport-noconfig.cmake
[2.834s] -- Old export file "/home/rony/Documents/inmind/Session09/ros2_ws/src/install/turtle_controller_interfaces/share/turtle_controller_interfaces/cmake/turtle_controller_interfaces__rosidl_typesupport_cExport.cmake" will be replaced.  Removing files [/home/rony/Documents/inmind/Session09/ros2_ws/src/install/turtle_controller_interfaces/share/turtle_controller_interfaces/cmake/turtle_controller_interfaces__rosidl_typesupport_cExport-noconfig.cmake].
[2.834s] -- Installing: /home/rony/Documents/inmind/Session09/ros2_ws/src/install/turtle_controller_interfaces/share/turtle_controller_interfaces/cmake/turtle_controller_interfaces__rosidl_typesupport_cExport.cmake
[2.834s] -- Installing: /home/rony/Documents/inmind/Session09/ros2_ws/src/install/turtle_controller_interfaces/share/turtle_controller_interfaces/cmake/turtle_controller_interfaces__rosidl_typesupport_cExport-noconfig.cmake
[2.835s] -- Installing: /home/rony/Documents/inmind/Session09/ros2_ws/src/install/turtle_controller_interfaces/share/turtle_controller_interfaces/cmake/export_turtle_controller_interfaces__rosidl_generator_cppExport.cmake
[2.835s] -- Old export file "/home/rony/Documents/inmind/Session09/ros2_ws/src/install/turtle_controller_interfaces/share/turtle_controller_interfaces/cmake/export_turtle_controller_interfaces__rosidl_typesupport_fastrtps_cppExport.cmake" will be replaced.  Removing files [/home/rony/Documents/inmind/Session09/ros2_ws/src/install/turtle_controller_interfaces/share/turtle_controller_interfaces/cmake/export_turtle_controller_interfaces__rosidl_typesupport_fastrtps_cppExport-noconfig.cmake].
[2.835s] -- Installing: /home/rony/Documents/inmind/Session09/ros2_ws/src/install/turtle_controller_interfaces/share/turtle_controller_interfaces/cmake/export_turtle_controller_interfaces__rosidl_typesupport_fastrtps_cppExport.cmake
[2.835s] -- Installing: /home/rony/Documents/inmind/Session09/ros2_ws/src/install/turtle_controller_interfaces/share/turtle_controller_interfaces/cmake/export_turtle_controller_interfaces__rosidl_typesupport_fastrtps_cppExport-noconfig.cmake
[2.835s] -- Old export file "/home/rony/Documents/inmind/Session09/ros2_ws/src/install/turtle_controller_interfaces/share/turtle_controller_interfaces/cmake/turtle_controller_interfaces__rosidl_typesupport_introspection_cppExport.cmake" will be replaced.  Removing files [/home/rony/Documents/inmind/Session09/ros2_ws/src/install/turtle_controller_interfaces/share/turtle_controller_interfaces/cmake/turtle_controller_interfaces__rosidl_typesupport_introspection_cppExport-noconfig.cmake].
[2.835s] -- Installing: /home/rony/Documents/inmind/Session09/ros2_ws/src/install/turtle_controller_interfaces/share/turtle_controller_interfaces/cmake/turtle_controller_interfaces__rosidl_typesupport_introspection_cppExport.cmake
[2.835s] -- Installing: /home/rony/Documents/inmind/Session09/ros2_ws/src/install/turtle_controller_interfaces/share/turtle_controller_interfaces/cmake/turtle_controller_interfaces__rosidl_typesupport_introspection_cppExport-noconfig.cmake
[2.836s] -- Old export file "/home/rony/Documents/inmind/Session09/ros2_ws/src/install/turtle_controller_interfaces/share/turtle_controller_interfaces/cmake/turtle_controller_interfaces__rosidl_typesupport_cppExport.cmake" will be replaced.  Removing files [/home/rony/Documents/inmind/Session09/ros2_ws/src/install/turtle_controller_interfaces/share/turtle_controller_interfaces/cmake/turtle_controller_interfaces__rosidl_typesupport_cppExport-noconfig.cmake].
[2.836s] -- Installing: /home/rony/Documents/inmind/Session09/ros2_ws/src/install/turtle_controller_interfaces/share/turtle_controller_interfaces/cmake/turtle_controller_interfaces__rosidl_typesupport_cppExport.cmake
[2.836s] -- Installing: /home/rony/Documents/inmind/Session09/ros2_ws/src/install/turtle_controller_interfaces/share/turtle_controller_interfaces/cmake/turtle_controller_interfaces__rosidl_typesupport_cppExport-noconfig.cmake
[2.836s] -- Old export file "/home/rony/Documents/inmind/Session09/ros2_ws/src/install/turtle_controller_interfaces/share/turtle_controller_interfaces/cmake/export_turtle_controller_interfaces__rosidl_generator_pyExport.cmake" will be replaced.  Removing files [/home/rony/Documents/inmind/Session09/ros2_ws/src/install/turtle_controller_interfaces/share/turtle_controller_interfaces/cmake/export_turtle_controller_interfaces__rosidl_generator_pyExport-noconfig.cmake].
[2.836s] -- Installing: /home/rony/Documents/inmind/Session09/ros2_ws/src/install/turtle_controller_interfaces/share/turtle_controller_interfaces/cmake/export_turtle_controller_interfaces__rosidl_generator_pyExport.cmake
[2.836s] -- Installing: /home/rony/Documents/inmind/Session09/ros2_ws/src/install/turtle_controller_interfaces/share/turtle_controller_interfaces/cmake/export_turtle_controller_interfaces__rosidl_generator_pyExport-noconfig.cmake
[2.837s] -- Up-to-date: /home/rony/Documents/inmind/Session09/ros2_ws/src/install/turtle_controller_interfaces/share/turtle_controller_interfaces/cmake/rosidl_cmake-extras.cmake
[2.837s] -- Installing: /home/rony/Documents/inmind/Session09/ros2_ws/src/install/turtle_controller_interfaces/share/turtle_controller_interfaces/cmake/ament_cmake_export_dependencies-extras.cmake
[2.837s] -- Up-to-date: /home/rony/Documents/inmind/Session09/ros2_ws/src/install/turtle_controller_interfaces/share/turtle_controller_interfaces/cmake/ament_cmake_export_include_directories-extras.cmake
[2.837s] -- Up-to-date: /home/rony/Documents/inmind/Session09/ros2_ws/src/install/turtle_controller_interfaces/share/turtle_controller_interfaces/cmake/ament_cmake_export_libraries-extras.cmake
[2.837s] -- Installing: /home/rony/Documents/inmind/Session09/ros2_ws/src/install/turtle_controller_interfaces/share/turtle_controller_interfaces/cmake/ament_cmake_export_targets-extras.cmake
[2.837s] -- Installing: /home/rony/Documents/inmind/Session09/ros2_ws/src/install/turtle_controller_interfaces/share/turtle_controller_interfaces/cmake/rosidl_cmake_export_typesupport_targets-extras.cmake
[2.837s] -- Up-to-date: /home/rony/Documents/inmind/Session09/ros2_ws/src/install/turtle_controller_interfaces/share/turtle_controller_interfaces/cmake/rosidl_cmake_export_typesupport_libraries-extras.cmake
[2.837s] -- Up-to-date: /home/rony/Documents/inmind/Session09/ros2_ws/src/install/turtle_controller_interfaces/share/turtle_controller_interfaces/cmake/turtle_controller_interfacesConfig.cmake
[2.837s] -- Up-to-date: /home/rony/Documents/inmind/Session09/ros2_ws/src/install/turtle_controller_interfaces/share/turtle_controller_interfaces/cmake/turtle_controller_interfacesConfig-version.cmake
[2.837s] -- Installing: /home/rony/Documents/inmind/Session09/ros2_ws/src/install/turtle_controller_interfaces/share/turtle_controller_interfaces/package.xml
[2.840s] Invoked command in '/home/rony/Documents/inmind/Session09/ros2_ws/src/build/turtle_controller_interfaces' returned '0': CMAKE_PREFIX_PATH=${CMAKE_PREFIX_PATH}:/opt/ros/humble /usr/bin/cmake --install /home/rony/Documents/inmind/Session09/ros2_ws/src/build/turtle_controller_interfaces
