[0.008s] Invoking command in '/home/rony/Documents/inmind/Session09/ros2_ws/src/build/session_09': CMAKE_PREFIX_PATH=/home/rony/Documents/inmind/Session09/ros2_ws/src/install/turtle_controller_interfaces:/home/rony/Documents/inmind/Session09/ros2_ws/src/install/session_09:/opt/ros/humble /usr/bin/cmake --build /home/rony/Documents/inmind/Session09/ros2_ws/src/build/session_09 -- -j8 -l8
[0.029s] -- Found ament_cmake: 1.3.9 (/opt/ros/humble/share/ament_cmake/cmake)
[0.131s] -- Found rclcpp: 16.0.9 (/opt/ros/humble/share/rclcpp/cmake)
[0.158s] -- Found rosidl_generator_c: 3.1.5 (/opt/ros/humble/share/rosidl_generator_c/cmake)
[0.159s] -- Found rosidl_adapter: 3.1.5 (/opt/ros/humble/share/rosidl_adapter/cmake)
[0.164s] -- Found rosidl_generator_cpp: 3.1.5 (/opt/ros/humble/share/rosidl_generator_cpp/cmake)
[0.172s] -- Using all available rosidl_typesupport_c: rosidl_typesupport_fastrtps_c;rosidl_typesupport_introspection_c
[0.183s] -- Using all available rosidl_typesupport_cpp: rosidl_typesupport_fastrtps_cpp;rosidl_typesupport_introspection_cpp
[0.243s] -- Found rmw_implementation_cmake: 6.1.2 (/opt/ros/humble/share/rmw_implementation_cmake/cmake)
[0.246s] -- Found rmw_fastrtps_cpp: 6.2.6 (/opt/ros/humble/share/rmw_fastrtps_cpp/cmake)
[0.361s] -- Using RMW implementation 'rmw_fastrtps_cpp' as default
[0.508s] -- Found rclcpp_action: 16.0.9 (/opt/ros/humble/share/rclcpp_action/cmake)
[0.577s] -- Found nav_msgs: 4.2.4 (/opt/ros/humble/share/nav_msgs/cmake)
[0.684s] -- Found sensor_msgs: 4.2.4 (/opt/ros/humble/share/sensor_msgs/cmake)
[0.757s] -- Found turtle_controller_interfaces: 0.0.0 (/home/rony/Documents/inmind/Session09/ros2_ws/src/install/turtle_controller_interfaces/share/turtle_controller_interfaces/cmake)
[0.858s] -- Configuring done
[0.879s] -- Generating done
[0.881s] -- Build files have been written to: /home/rony/Documents/inmind/Session09/ros2_ws/src/build/session_09
[0.904s] [35m[1mConsolidate compiler generated dependencies of target driver[0m
[0.904s] [35m[1mConsolidate compiler generated dependencies of target lap_timer_client[0m
[0.906s] [35m[1mConsolidate compiler generated dependencies of target lap_timer_server[0m
[0.917s] [ 12%] [32mBuilding CXX object CMakeFiles/wall_finder_service.dir/src/wall_finder_service.cpp.o[0m
[0.921s] [ 37%] [32mBuilding CXX object CMakeFiles/driver.dir/src/driver_node.cpp.o[0m
[0.921s] [ 37%] [32mBuilding CXX object CMakeFiles/lap_timer_client.dir/src/lap_time_action_cli.cpp.o[0m
[0.928s] [ 50%] [32mBuilding CXX object CMakeFiles/lap_timer_server.dir/src/lap_time_action_srv.cpp.o[0m
[3.657s] [01m[K/home/rony/Documents/inmind/Session09/ros2_ws/src/session_09/src/lap_time_action_srv.cpp:[m[K In member function ‘[01m[Krclcpp_action::GoalResponse LapTimeActionServer::handle_goal(const GoalUUID&, std::shared_ptr<const turtle_controller_interfaces::action::MeasureLapTime_Goal_<std::allocator<void> > >)[m[K’:
[3.657s] [01m[K/home/rony/Documents/inmind/Session09/ros2_ws/src/session_09/src/lap_time_action_srv.cpp:50:49:[m[K [01;35m[Kwarning: [m[Kunused parameter ‘[01m[Kgoal[m[K’ [[01;35m[K]8;;https://gcc.gnu.org/onlinedocs/gcc/Warning-Options.html#index-Wunused-parameter-Wunused-parameter]8;;[m[K]
[3.657s]    50 |     [01;35m[Kstd::shared_ptr<const MeasureLapTime::Goal> goal[m[K)
[3.657s]       |     [01;35m[K~~~~~~~~~~~~~~~~~~~~~~~~~~~~~~~~~~~~~~~~~~~~^~~~[m[K
[4.096s] [01m[K/home/rony/Documents/inmind/Session09/ros2_ws/src/session_09/src/wall_finder_service.cpp:[m[K In member function ‘[01m[Kvoid WallFinderService::handle_request(std::shared_ptr<turtle_controller_interfaces::srv::FindClosestWall_Request_<std::allocator<void> > >, std::shared_ptr<turtle_controller_interfaces::srv::FindClosestWall_Response_<std::allocator<void> > >)[m[K’:
[4.096s] [01m[K/home/rony/Documents/inmind/Session09/ros2_ws/src/session_09/src/wall_finder_service.cpp:27:88:[m[K [01;35m[Kwarning: [m[Kunused parameter ‘[01m[Krequest[m[K’ [[01;35m[K]8;;https://gcc.gnu.org/onlinedocs/gcc/Warning-Options.html#index-Wunused-parameter-Wunused-parameter]8;;[m[K]
[4.096s]    27 |     [01;35m[Kconst std::shared_ptr<turtle_controller_interfaces::srv::FindClosestWall::Request> request[m[K,
[4.096s]       |     [01;35m[K~~~~~~~~~~~~~~~~~~~~~~~~~~~~~~~~~~~~~~~~~~~~~~~~~~~~~~~~~~~~~~~~~~~~~~~~~~~~~~~~~~~^~~~~~~[m[K
[5.872s] [ 62%] [32m[1mLinking CXX executable lap_timer_client[0m
[6.141s] [ 62%] Built target lap_timer_client
[9.868s] [ 75%] [32m[1mLinking CXX executable driver[0m
[10.359s] [ 75%] Built target driver
[10.363s] [ 87%] [32m[1mLinking CXX executable lap_timer_server[0m
[10.903s] [ 87%] Built target lap_timer_server
[11.214s] [100%] [32m[1mLinking CXX executable wall_finder_service[0m
[11.724s] [100%] Built target wall_finder_service
[11.735s] Invoked command in '/home/rony/Documents/inmind/Session09/ros2_ws/src/build/session_09' returned '0': CMAKE_PREFIX_PATH=/home/rony/Documents/inmind/Session09/ros2_ws/src/install/turtle_controller_interfaces:/home/rony/Documents/inmind/Session09/ros2_ws/src/install/session_09:/opt/ros/humble /usr/bin/cmake --build /home/rony/Documents/inmind/Session09/ros2_ws/src/build/session_09 -- -j8 -l8
[11.768s] Invoking command in '/home/rony/Documents/inmind/Session09/ros2_ws/src/build/session_09': CMAKE_PREFIX_PATH=/home/rony/Documents/inmind/Session09/ros2_ws/src/install/turtle_controller_interfaces:/home/rony/Documents/inmind/Session09/ros2_ws/src/install/session_09:/opt/ros/humble /usr/bin/cmake --install /home/rony/Documents/inmind/Session09/ros2_ws/src/build/session_09
[11.775s] -- Install configuration: ""
[11.775s] -- Installing: /home/rony/Documents/inmind/Session09/ros2_ws/src/install/session_09/lib/session_09/driver
[11.779s] -- Set runtime path of "/home/rony/Documents/inmind/Session09/ros2_ws/src/install/session_09/lib/session_09/driver" to ""
[11.779s] -- Installing: /home/rony/Documents/inmind/Session09/ros2_ws/src/install/session_09/lib/session_09/lap_timer_server
[11.784s] -- Set runtime path of "/home/rony/Documents/inmind/Session09/ros2_ws/src/install/session_09/lib/session_09/lap_timer_server" to ""
[11.784s] -- Installing: /home/rony/Documents/inmind/Session09/ros2_ws/src/install/session_09/lib/session_09/lap_timer_client
[11.785s] -- Set runtime path of "/home/rony/Documents/inmind/Session09/ros2_ws/src/install/session_09/lib/session_09/lap_timer_client" to ""
[11.785s] -- Installing: /home/rony/Documents/inmind/Session09/ros2_ws/src/install/session_09/lib/session_09/wall_finder_service
[11.789s] -- Set runtime path of "/home/rony/Documents/inmind/Session09/ros2_ws/src/install/session_09/lib/session_09/wall_finder_service" to ""
[11.790s] -- Up-to-date: /home/rony/Documents/inmind/Session09/ros2_ws/src/install/session_09/share/ament_index/resource_index/package_run_dependencies/session_09
[11.790s] -- Installing: /home/rony/Documents/inmind/Session09/ros2_ws/src/install/session_09/share/ament_index/resource_index/parent_prefix_path/session_09
[11.790s] -- Up-to-date: /home/rony/Documents/inmind/Session09/ros2_ws/src/install/session_09/share/session_09/environment/ament_prefix_path.sh
[11.790s] -- Installing: /home/rony/Documents/inmind/Session09/ros2_ws/src/install/session_09/share/session_09/environment/ament_prefix_path.dsv
[11.790s] -- Up-to-date: /home/rony/Documents/inmind/Session09/ros2_ws/src/install/session_09/share/session_09/environment/path.sh
[11.790s] -- Installing: /home/rony/Documents/inmind/Session09/ros2_ws/src/install/session_09/share/session_09/environment/path.dsv
[11.790s] -- Up-to-date: /home/rony/Documents/inmind/Session09/ros2_ws/src/install/session_09/share/session_09/local_setup.bash
[11.790s] -- Up-to-date: /home/rony/Documents/inmind/Session09/ros2_ws/src/install/session_09/share/session_09/local_setup.sh
[11.790s] -- Up-to-date: /home/rony/Documents/inmind/Session09/ros2_ws/src/install/session_09/share/session_09/local_setup.zsh
[11.791s] -- Installing: /home/rony/Documents/inmind/Session09/ros2_ws/src/install/session_09/share/session_09/local_setup.dsv
[11.791s] -- Installing: /home/rony/Documents/inmind/Session09/ros2_ws/src/install/session_09/share/session_09/package.dsv
[11.791s] -- Up-to-date: /home/rony/Documents/inmind/Session09/ros2_ws/src/install/session_09/share/ament_index/resource_index/packages/session_09
[11.791s] -- Up-to-date: /home/rony/Documents/inmind/Session09/ros2_ws/src/install/session_09/share/session_09/cmake/session_09Config.cmake
[11.791s] -- Up-to-date: /home/rony/Documents/inmind/Session09/ros2_ws/src/install/session_09/share/session_09/cmake/session_09Config-version.cmake
[11.791s] -- Up-to-date: /home/rony/Documents/inmind/Session09/ros2_ws/src/install/session_09/share/session_09/package.xml
[11.793s] Invoked command in '/home/rony/Documents/inmind/Session09/ros2_ws/src/build/session_09' returned '0': CMAKE_PREFIX_PATH=/home/rony/Documents/inmind/Session09/ros2_ws/src/install/turtle_controller_interfaces:/home/rony/Documents/inmind/Session09/ros2_ws/src/install/session_09:/opt/ros/humble /usr/bin/cmake --install /home/rony/Documents/inmind/Session09/ros2_ws/src/build/session_09
